[0.068s] DEBUG:colcon:Command line arguments: ['/usr/bin/colcon', 'build']
[0.068s] DEBUG:colcon:Parsed command line arguments: Namespace(log_base=None, log_level=None, verb_name='build', build_base='build', install_base='install', merge_install=False, symlink_install=False, test_result_base=None, continue_on_error=False, executor='parallel', parallel_workers=12, event_handlers=None, ignore_user_meta=False, metas=['./colcon.meta'], base_paths=['.'], packages_ignore=None, packages_ignore_regex=None, paths=None, packages_up_to=None, packages_up_to_regex=None, packages_above=None, packages_above_and_dependencies=None, packages_above_depth=None, packages_select_by_dep=None, packages_skip_by_dep=None, packages_skip_up_to=None, packages_select_build_failed=False, packages_skip_build_finished=False, packages_select_test_failures=False, packages_skip_test_passed=False, packages_select=None, packages_skip=None, packages_select_regex=None, packages_skip_regex=None, packages_start=None, packages_end=None, allow_overriding=[], cmake_args=None, cmake_target=None, cmake_target_skip_unavailable=False, cmake_clean_cache=False, cmake_clean_first=False, cmake_force_configure=False, ament_cmake_args=None, catkin_cmake_args=None, catkin_skip_building_tests=False, mixin_files=None, mixin=None, verb_parser=<colcon_mixin.mixin.mixin_argument.MixinArgumentDecorator object at 0x7bd521782350>, verb_extension=<colcon_core.verb.build.BuildVerb object at 0x7bd521781d80>, main=<bound method BuildVerb.main of <colcon_core.verb.build.BuildVerb object at 0x7bd521781d80>>, mixin_verb=('build',))
[0.160s] Level 1:colcon.colcon_core.package_discovery:discover_packages(colcon_meta) check parameters
[0.160s] Level 1:colcon.colcon_core.package_discovery:discover_packages(recursive) check parameters
[0.160s] Level 1:colcon.colcon_core.package_discovery:discover_packages(ignore) check parameters
[0.160s] Level 1:colcon.colcon_core.package_discovery:discover_packages(path) check parameters
[0.161s] Level 1:colcon.colcon_core.package_discovery:discover_packages(colcon_meta) discover
[0.161s] Level 1:colcon.colcon_core.package_discovery:discover_packages(recursive) discover
[0.161s] INFO:colcon.colcon_core.package_discovery:Crawling recursively for packages in '/home/vijay/3d_rover'
[0.161s] Level 1:colcon.colcon_core.package_identification:_identify(.) by extensions ['ignore', 'ignore_ament_install']
[0.161s] Level 1:colcon.colcon_core.package_identification:_identify(.) by extension 'ignore'
[0.161s] Level 1:colcon.colcon_core.package_identification:_identify(.) by extension 'ignore_ament_install'
[0.161s] Level 1:colcon.colcon_core.package_identification:_identify(.) by extensions ['colcon_pkg']
[0.161s] Level 1:colcon.colcon_core.package_identification:_identify(.) by extension 'colcon_pkg'
[0.161s] Level 1:colcon.colcon_core.package_identification:_identify(.) by extensions ['colcon_meta']
[0.161s] Level 1:colcon.colcon_core.package_identification:_identify(.) by extension 'colcon_meta'
[0.161s] Level 1:colcon.colcon_core.package_identification:_identify(.) by extensions ['ros']
[0.161s] Level 1:colcon.colcon_core.package_identification:_identify(.) by extension 'ros'
[0.167s] Level 1:colcon.colcon_core.package_identification:_identify(.) by extensions ['cmake', 'python']
[0.167s] Level 1:colcon.colcon_core.package_identification:_identify(.) by extension 'cmake'
[0.167s] Level 1:colcon.colcon_core.package_identification:_identify(.) by extension 'python'
[0.167s] Level 1:colcon.colcon_core.package_identification:_identify(.) by extensions ['python_setup_py']
[0.167s] Level 1:colcon.colcon_core.package_identification:_identify(.) by extension 'python_setup_py'
[0.167s] Level 1:colcon.colcon_core.package_identification:_identify(LOAM) by extensions ['ignore', 'ignore_ament_install']
[0.167s] Level 1:colcon.colcon_core.package_identification:_identify(LOAM) by extension 'ignore'
[0.167s] Level 1:colcon.colcon_core.package_identification:_identify(LOAM) by extension 'ignore_ament_install'
[0.167s] Level 1:colcon.colcon_core.package_identification:_identify(LOAM) by extensions ['colcon_pkg']
[0.167s] Level 1:colcon.colcon_core.package_identification:_identify(LOAM) by extension 'colcon_pkg'
[0.167s] Level 1:colcon.colcon_core.package_identification:_identify(LOAM) by extensions ['colcon_meta']
[0.167s] Level 1:colcon.colcon_core.package_identification:_identify(LOAM) by extension 'colcon_meta'
[0.167s] Level 1:colcon.colcon_core.package_identification:_identify(LOAM) by extensions ['ros']
[0.167s] Level 1:colcon.colcon_core.package_identification:_identify(LOAM) by extension 'ros'
[0.167s] Level 1:colcon.colcon_core.package_identification:_identify(LOAM) by extensions ['cmake', 'python']
[0.167s] Level 1:colcon.colcon_core.package_identification:_identify(LOAM) by extension 'cmake'
[0.167s] Level 1:colcon.colcon_core.package_identification:_identify(LOAM) by extension 'python'
[0.167s] Level 1:colcon.colcon_core.package_identification:_identify(LOAM) by extensions ['python_setup_py']
[0.167s] Level 1:colcon.colcon_core.package_identification:_identify(LOAM) by extension 'python_setup_py'
[0.167s] Level 1:colcon.colcon_core.package_identification:_identify(build) by extensions ['ignore', 'ignore_ament_install']
[0.167s] Level 1:colcon.colcon_core.package_identification:_identify(build) by extension 'ignore'
[0.167s] Level 1:colcon.colcon_core.package_identification:_identify(build) ignored
[0.168s] Level 1:colcon.colcon_core.package_identification:_identify(install) by extensions ['ignore', 'ignore_ament_install']
[0.168s] Level 1:colcon.colcon_core.package_identification:_identify(install) by extension 'ignore'
[0.168s] Level 1:colcon.colcon_core.package_identification:_identify(install) ignored
[0.168s] Level 1:colcon.colcon_core.package_identification:_identify(log) by extensions ['ignore', 'ignore_ament_install']
[0.168s] Level 1:colcon.colcon_core.package_identification:_identify(log) by extension 'ignore'
[0.168s] Level 1:colcon.colcon_core.package_identification:_identify(log) ignored
[0.168s] Level 1:colcon.colcon_core.package_identification:_identify(src) by extensions ['ignore', 'ignore_ament_install']
[0.168s] Level 1:colcon.colcon_core.package_identification:_identify(src) by extension 'ignore'
[0.168s] Level 1:colcon.colcon_core.package_identification:_identify(src) by extension 'ignore_ament_install'
[0.168s] Level 1:colcon.colcon_core.package_identification:_identify(src) by extensions ['colcon_pkg']
[0.168s] Level 1:colcon.colcon_core.package_identification:_identify(src) by extension 'colcon_pkg'
[0.168s] Level 1:colcon.colcon_core.package_identification:_identify(src) by extensions ['colcon_meta']
[0.168s] Level 1:colcon.colcon_core.package_identification:_identify(src) by extension 'colcon_meta'
[0.168s] Level 1:colcon.colcon_core.package_identification:_identify(src) by extensions ['ros']
[0.168s] Level 1:colcon.colcon_core.package_identification:_identify(src) by extension 'ros'
[0.168s] Level 1:colcon.colcon_core.package_identification:_identify(src) by extensions ['cmake', 'python']
[0.168s] Level 1:colcon.colcon_core.package_identification:_identify(src) by extension 'cmake'
[0.168s] Level 1:colcon.colcon_core.package_identification:_identify(src) by extension 'python'
[0.168s] Level 1:colcon.colcon_core.package_identification:_identify(src) by extensions ['python_setup_py']
[0.168s] Level 1:colcon.colcon_core.package_identification:_identify(src) by extension 'python_setup_py'
[0.168s] Level 1:colcon.colcon_core.package_identification:_identify(src/LIO-SAM) by extensions ['ignore', 'ignore_ament_install']
[0.168s] Level 1:colcon.colcon_core.package_identification:_identify(src/LIO-SAM) by extension 'ignore'
[0.168s] Level 1:colcon.colcon_core.package_identification:_identify(src/LIO-SAM) by extension 'ignore_ament_install'
[0.168s] Level 1:colcon.colcon_core.package_identification:_identify(src/LIO-SAM) by extensions ['colcon_pkg']
[0.168s] Level 1:colcon.colcon_core.package_identification:_identify(src/LIO-SAM) by extension 'colcon_pkg'
[0.168s] Level 1:colcon.colcon_core.package_identification:_identify(src/LIO-SAM) by extensions ['colcon_meta']
[0.168s] Level 1:colcon.colcon_core.package_identification:_identify(src/LIO-SAM) by extension 'colcon_meta'
[0.168s] Level 1:colcon.colcon_core.package_identification:_identify(src/LIO-SAM) by extensions ['ros']
[0.168s] Level 1:colcon.colcon_core.package_identification:_identify(src/LIO-SAM) by extension 'ros'
[0.170s] DEBUG:colcon.colcon_core.package_identification:Package 'src/LIO-SAM' with type 'ros.ament_cmake' and name 'lio_sam'
[0.170s] Level 1:colcon.colcon_core.package_identification:_identify(src/k12_description) by extensions ['ignore', 'ignore_ament_install']
[0.170s] Level 1:colcon.colcon_core.package_identification:_identify(src/k12_description) by extension 'ignore'
[0.170s] Level 1:colcon.colcon_core.package_identification:_identify(src/k12_description) by extension 'ignore_ament_install'
[0.170s] Level 1:colcon.colcon_core.package_identification:_identify(src/k12_description) by extensions ['colcon_pkg']
[0.170s] Level 1:colcon.colcon_core.package_identification:_identify(src/k12_description) by extension 'colcon_pkg'
[0.170s] Level 1:colcon.colcon_core.package_identification:_identify(src/k12_description) by extensions ['colcon_meta']
[0.170s] Level 1:colcon.colcon_core.package_identification:_identify(src/k12_description) by extension 'colcon_meta'
[0.170s] Level 1:colcon.colcon_core.package_identification:_identify(src/k12_description) by extensions ['ros']
[0.170s] Level 1:colcon.colcon_core.package_identification:_identify(src/k12_description) by extension 'ros'
[0.171s] DEBUG:colcon.colcon_core.package_identification:Package 'src/k12_description' with type 'ros.ament_cmake' and name 'k12_description'
[0.171s] Level 1:colcon.colcon_core.package_discovery:discover_packages(recursive) using defaults
[0.171s] Level 1:colcon.colcon_core.package_discovery:discover_packages(ignore) discover
[0.171s] Level 1:colcon.colcon_core.package_discovery:discover_packages(ignore) using defaults
[0.171s] Level 1:colcon.colcon_core.package_discovery:discover_packages(path) discover
[0.171s] Level 1:colcon.colcon_core.package_discovery:discover_packages(path) using defaults
[0.194s] Level 1:colcon.colcon_core.package_discovery:discover_packages(prefix_path) check parameters
[0.194s] Level 1:colcon.colcon_core.package_discovery:discover_packages(prefix_path) discover
[0.194s] WARNING:colcon.colcon_ros.prefix_path.ament:The path '/home/vijay/3d_rover/install/lio_sam' in the environment variable AMENT_PREFIX_PATH doesn't exist
[0.194s] WARNING:colcon.colcon_ros.prefix_path.ament:The path '/home/vijay/3d_rover/install/k12_description' in the environment variable AMENT_PREFIX_PATH doesn't exist
[0.194s] WARNING:colcon.colcon_ros.prefix_path.catkin:The path '/home/vijay/3d_rover/install/lio_sam' in the environment variable CMAKE_PREFIX_PATH doesn't exist
[0.194s] WARNING:colcon.colcon_ros.prefix_path.catkin:The path '/home/vijay/3d_rover/install/k12_description' in the environment variable CMAKE_PREFIX_PATH doesn't exist
[0.195s] DEBUG:colcon.colcon_installed_package_information.package_discovery:Found 0 installed packages in /home/vijay/3d_rover/install
[0.195s] DEBUG:colcon.colcon_installed_package_information.package_discovery:Found 4 installed packages in /home/vijay/rover_3d/install
[0.196s] DEBUG:colcon.colcon_installed_package_information.package_discovery:Found 413 installed packages in /opt/ros/humble
[0.197s] Level 1:colcon.colcon_core.package_discovery:discover_packages(prefix_path) using defaults
[0.220s] Level 5:colcon.colcon_core.verb:set package 'k12_description' build argument 'cmake_args' from command line to 'None'
[0.220s] Level 5:colcon.colcon_core.verb:set package 'k12_description' build argument 'cmake_target' from command line to 'None'
[0.220s] Level 5:colcon.colcon_core.verb:set package 'k12_description' build argument 'cmake_target_skip_unavailable' from command line to 'False'
[0.220s] Level 5:colcon.colcon_core.verb:set package 'k12_description' build argument 'cmake_clean_cache' from command line to 'False'
[0.220s] Level 5:colcon.colcon_core.verb:set package 'k12_description' build argument 'cmake_clean_first' from command line to 'False'
[0.220s] Level 5:colcon.colcon_core.verb:set package 'k12_description' build argument 'cmake_force_configure' from command line to 'False'
[0.220s] Level 5:colcon.colcon_core.verb:set package 'k12_description' build argument 'ament_cmake_args' from command line to 'None'
[0.220s] Level 5:colcon.colcon_core.verb:set package 'k12_description' build argument 'catkin_cmake_args' from command line to 'None'
[0.220s] Level 5:colcon.colcon_core.verb:set package 'k12_description' build argument 'catkin_skip_building_tests' from command line to 'False'
[0.220s] DEBUG:colcon.colcon_core.verb:Building package 'k12_description' with the following arguments: {'ament_cmake_args': None, 'build_base': '/home/vijay/3d_rover/build/k12_description', 'catkin_cmake_args': None, 'catkin_skip_building_tests': False, 'cmake_args': None, 'cmake_clean_cache': False, 'cmake_clean_first': False, 'cmake_force_configure': False, 'cmake_target': None, 'cmake_target_skip_unavailable': False, 'install_base': '/home/vijay/3d_rover/install/k12_description', 'merge_install': False, 'path': '/home/vijay/3d_rover/src/k12_description', 'symlink_install': False, 'test_result_base': None}
[0.221s] Level 5:colcon.colcon_core.verb:set package 'lio_sam' build argument 'cmake_args' from command line to 'None'
[0.221s] Level 5:colcon.colcon_core.verb:set package 'lio_sam' build argument 'cmake_target' from command line to 'None'
[0.221s] Level 5:colcon.colcon_core.verb:set package 'lio_sam' build argument 'cmake_target_skip_unavailable' from command line to 'False'
[0.221s] Level 5:colcon.colcon_core.verb:set package 'lio_sam' build argument 'cmake_clean_cache' from command line to 'False'
[0.221s] Level 5:colcon.colcon_core.verb:set package 'lio_sam' build argument 'cmake_clean_first' from command line to 'False'
[0.221s] Level 5:colcon.colcon_core.verb:set package 'lio_sam' build argument 'cmake_force_configure' from command line to 'False'
[0.221s] Level 5:colcon.colcon_core.verb:set package 'lio_sam' build argument 'ament_cmake_args' from command line to 'None'
[0.221s] Level 5:colcon.colcon_core.verb:set package 'lio_sam' build argument 'catkin_cmake_args' from command line to 'None'
[0.221s] Level 5:colcon.colcon_core.verb:set package 'lio_sam' build argument 'catkin_skip_building_tests' from command line to 'False'
[0.221s] DEBUG:colcon.colcon_core.verb:Building package 'lio_sam' with the following arguments: {'ament_cmake_args': None, 'build_base': '/home/vijay/3d_rover/build/lio_sam', 'catkin_cmake_args': None, 'catkin_skip_building_tests': False, 'cmake_args': None, 'cmake_clean_cache': False, 'cmake_clean_first': False, 'cmake_force_configure': False, 'cmake_target': None, 'cmake_target_skip_unavailable': False, 'install_base': '/home/vijay/3d_rover/install/lio_sam', 'merge_install': False, 'path': '/home/vijay/3d_rover/src/LIO-SAM', 'symlink_install': False, 'test_result_base': None}
[0.221s] INFO:colcon.colcon_core.executor:Executing jobs using 'parallel' executor
[0.222s] DEBUG:colcon.colcon_parallel_executor.executor.parallel:run_until_complete
[0.222s] INFO:colcon.colcon_ros.task.ament_cmake.build:Building ROS package in '/home/vijay/3d_rover/src/k12_description' with build type 'ament_cmake'
[0.222s] INFO:colcon.colcon_cmake.task.cmake.build:Building CMake package in '/home/vijay/3d_rover/src/k12_description'
[0.223s] INFO:colcon.colcon_core.plugin_system:Skipping extension 'colcon_core.shell.bat': Not used on non-Windows systems
[0.223s] INFO:colcon.colcon_core.shell:Skip shell extension 'powershell' for command environment: Not usable outside of PowerShell
[0.223s] DEBUG:colcon.colcon_core.shell:Skip shell extension 'dsv' for command environment
[0.226s] INFO:colcon.colcon_ros.task.ament_cmake.build:Building ROS package in '/home/vijay/3d_rover/src/LIO-SAM' with build type 'ament_cmake'
[0.226s] INFO:colcon.colcon_cmake.task.cmake.build:Building CMake package in '/home/vijay/3d_rover/src/LIO-SAM'
[0.226s] INFO:colcon.colcon_core.shell:Skip shell extension 'powershell' for command environment: Not usable outside of PowerShell
[0.226s] DEBUG:colcon.colcon_core.shell:Skip shell extension 'dsv' for command environment
[0.231s] DEBUG:colcon.colcon_core.event_handler.log_command:Invoking command in '/home/vijay/3d_rover/build/k12_description': CMAKE_PREFIX_PATH=${CMAKE_PREFIX_PATH}:/opt/ros/humble /usr/bin/cmake /home/vijay/3d_rover/src/k12_description -DCMAKE_INSTALL_PREFIX=/home/vijay/3d_rover/install/k12_description
[0.232s] DEBUG:colcon.colcon_core.event_handler.log_command:Invoking command in '/home/vijay/3d_rover/build/lio_sam': CMAKE_PREFIX_PATH=${CMAKE_PREFIX_PATH}:/opt/ros/humble /usr/bin/cmake /home/vijay/3d_rover/src/LIO-SAM -DCMAKE_INSTALL_PREFIX=/home/vijay/3d_rover/install/lio_sam
[2.026s] DEBUG:colcon.colcon_core.event_handler.log_command:Invoked command in '/home/vijay/3d_rover/build/k12_description' returned '0': CMAKE_PREFIX_PATH=${CMAKE_PREFIX_PATH}:/opt/ros/humble /usr/bin/cmake /home/vijay/3d_rover/src/k12_description -DCMAKE_INSTALL_PREFIX=/home/vijay/3d_rover/install/k12_description
[2.028s] DEBUG:colcon.colcon_core.event_handler.log_command:Invoking command in '/home/vijay/3d_rover/build/k12_description': CMAKE_PREFIX_PATH=${CMAKE_PREFIX_PATH}:/opt/ros/humble /usr/bin/cmake --build /home/vijay/3d_rover/build/k12_description -- -j12 -l12
[2.066s] DEBUG:colcon.colcon_core.event_handler.log_command:Invoked command in '/home/vijay/3d_rover/build/k12_description' returned '0': CMAKE_PREFIX_PATH=${CMAKE_PREFIX_PATH}:/opt/ros/humble /usr/bin/cmake --build /home/vijay/3d_rover/build/k12_description -- -j12 -l12
[2.072s] DEBUG:colcon.colcon_core.event_handler.log_command:Invoking command in '/home/vijay/3d_rover/build/k12_description': CMAKE_PREFIX_PATH=${CMAKE_PREFIX_PATH}:/opt/ros/humble /usr/bin/cmake --install /home/vijay/3d_rover/build/k12_description
[2.080s] Level 1:colcon.colcon_core.environment:create_environment_scripts_only(k12_description)
[2.081s] DEBUG:colcon.colcon_core.event_handler.log_command:Invoked command in '/home/vijay/3d_rover/build/k12_description' returned '0': CMAKE_PREFIX_PATH=${CMAKE_PREFIX_PATH}:/opt/ros/humble /usr/bin/cmake --install /home/vijay/3d_rover/build/k12_description
[2.082s] Level 1:colcon.colcon_core.environment:checking '/home/vijay/3d_rover/install/k12_description' for CMake module files
[2.082s] Level 1:colcon.colcon_core.environment:checking '/home/vijay/3d_rover/install/k12_description' for CMake config files
[2.082s] Level 1:colcon.colcon_core.shell:create_environment_hook('k12_description', 'cmake_prefix_path')
[2.082s] INFO:colcon.colcon_core.shell:Creating environment hook '/home/vijay/3d_rover/install/k12_description/share/k12_description/hook/cmake_prefix_path.ps1'
[2.083s] INFO:colcon.colcon_core.shell:Creating environment descriptor '/home/vijay/3d_rover/install/k12_description/share/k12_description/hook/cmake_prefix_path.dsv'
[2.083s] INFO:colcon.colcon_core.shell:Creating environment hook '/home/vijay/3d_rover/install/k12_description/share/k12_description/hook/cmake_prefix_path.sh'
[2.084s] Level 1:colcon.colcon_core.environment:checking '/home/vijay/3d_rover/install/k12_description/bin'
[2.084s] Level 1:colcon.colcon_core.environment:checking '/home/vijay/3d_rover/install/k12_description/lib/pkgconfig/k12_description.pc'
[2.084s] Level 1:colcon.colcon_core.environment:checking '/home/vijay/3d_rover/install/k12_description/lib/python3.10/site-packages'
[2.084s] Level 1:colcon.colcon_core.environment:checking '/home/vijay/3d_rover/install/k12_description/bin'
[2.084s] INFO:colcon.colcon_core.shell:Creating package script '/home/vijay/3d_rover/install/k12_description/share/k12_description/package.ps1'
[2.085s] INFO:colcon.colcon_core.shell:Creating package descriptor '/home/vijay/3d_rover/install/k12_description/share/k12_description/package.dsv'
[2.085s] INFO:colcon.colcon_core.shell:Creating package script '/home/vijay/3d_rover/install/k12_description/share/k12_description/package.sh'
[2.085s] INFO:colcon.colcon_core.shell:Creating package script '/home/vijay/3d_rover/install/k12_description/share/k12_description/package.bash'
[2.086s] INFO:colcon.colcon_core.shell:Creating package script '/home/vijay/3d_rover/install/k12_description/share/k12_description/package.zsh'
[2.086s] Level 1:colcon.colcon_core.environment:create_file_with_runtime_dependencies(/home/vijay/3d_rover/install/k12_description/share/colcon-core/packages/k12_description)
[2.086s] Level 1:colcon.colcon_core.environment:create_environment_scripts_only(k12_description)
[2.086s] Level 1:colcon.colcon_core.environment:checking '/home/vijay/3d_rover/install/k12_description' for CMake module files
[2.087s] Level 1:colcon.colcon_core.environment:checking '/home/vijay/3d_rover/install/k12_description' for CMake config files
[2.087s] Level 1:colcon.colcon_core.shell:create_environment_hook('k12_description', 'cmake_prefix_path')
[2.087s] INFO:colcon.colcon_core.shell:Creating environment hook '/home/vijay/3d_rover/install/k12_description/share/k12_description/hook/cmake_prefix_path.ps1'
[2.087s] INFO:colcon.colcon_core.shell:Creating environment descriptor '/home/vijay/3d_rover/install/k12_description/share/k12_description/hook/cmake_prefix_path.dsv'
[2.087s] INFO:colcon.colcon_core.shell:Creating environment hook '/home/vijay/3d_rover/install/k12_description/share/k12_description/hook/cmake_prefix_path.sh'
[2.088s] Level 1:colcon.colcon_core.environment:checking '/home/vijay/3d_rover/install/k12_description/bin'
[2.088s] Level 1:colcon.colcon_core.environment:checking '/home/vijay/3d_rover/install/k12_description/lib/pkgconfig/k12_description.pc'
[2.088s] Level 1:colcon.colcon_core.environment:checking '/home/vijay/3d_rover/install/k12_description/lib/python3.10/site-packages'
[2.088s] Level 1:colcon.colcon_core.environment:checking '/home/vijay/3d_rover/install/k12_description/bin'
[2.088s] INFO:colcon.colcon_core.shell:Creating package script '/home/vijay/3d_rover/install/k12_description/share/k12_description/package.ps1'
[2.088s] INFO:colcon.colcon_core.shell:Creating package descriptor '/home/vijay/3d_rover/install/k12_description/share/k12_description/package.dsv'
[2.089s] INFO:colcon.colcon_core.shell:Creating package script '/home/vijay/3d_rover/install/k12_description/share/k12_description/package.sh'
[2.089s] INFO:colcon.colcon_core.shell:Creating package script '/home/vijay/3d_rover/install/k12_description/share/k12_description/package.bash'
[2.089s] INFO:colcon.colcon_core.shell:Creating package script '/home/vijay/3d_rover/install/k12_description/share/k12_description/package.zsh'
[2.089s] Level 1:colcon.colcon_core.environment:create_file_with_runtime_dependencies(/home/vijay/3d_rover/install/k12_description/share/colcon-core/packages/k12_description)
[3.783s] DEBUG:colcon.colcon_core.event_handler.log_command:Invoked command in '/home/vijay/3d_rover/build/lio_sam' returned '0': CMAKE_PREFIX_PATH=${CMAKE_PREFIX_PATH}:/opt/ros/humble /usr/bin/cmake /home/vijay/3d_rover/src/LIO-SAM -DCMAKE_INSTALL_PREFIX=/home/vijay/3d_rover/install/lio_sam
[3.784s] DEBUG:colcon.colcon_core.event_handler.log_command:Invoking command in '/home/vijay/3d_rover/build/lio_sam': CMAKE_PREFIX_PATH=${CMAKE_PREFIX_PATH}:/opt/ros/humble /usr/bin/cmake --build /home/vijay/3d_rover/build/lio_sam -- -j12 -l12
[53.171s] DEBUG:colcon.colcon_core.event_handler.log_command:Invoked command in '/home/vijay/3d_rover/build/lio_sam' returned '0': CMAKE_PREFIX_PATH=${CMAKE_PREFIX_PATH}:/opt/ros/humble /usr/bin/cmake --build /home/vijay/3d_rover/build/lio_sam -- -j12 -l12
[53.172s] DEBUG:colcon.colcon_core.event_handler.log_command:Invoking command in '/home/vijay/3d_rover/build/lio_sam': CMAKE_PREFIX_PATH=${CMAKE_PREFIX_PATH}:/opt/ros/humble /usr/bin/cmake --install /home/vijay/3d_rover/build/lio_sam
[53.368s] Level 1:colcon.colcon_core.environment:create_environment_scripts_only(lio_sam)
[53.368s] DEBUG:colcon.colcon_core.event_handler.log_command:Invoked command in '/home/vijay/3d_rover/build/lio_sam' returned '0': CMAKE_PREFIX_PATH=${CMAKE_PREFIX_PATH}:/opt/ros/humble /usr/bin/cmake --install /home/vijay/3d_rover/build/lio_sam
[53.369s] Level 1:colcon.colcon_core.environment:checking '/home/vijay/3d_rover/install/lio_sam' for CMake module files
[53.369s] Level 1:colcon.colcon_core.environment:checking '/home/vijay/3d_rover/install/lio_sam' for CMake config files
[53.370s] Level 1:colcon.colcon_core.shell:create_environment_hook('lio_sam', 'cmake_prefix_path')
[53.370s] INFO:colcon.colcon_core.shell:Creating environment hook '/home/vijay/3d_rover/install/lio_sam/share/lio_sam/hook/cmake_prefix_path.ps1'
[53.370s] INFO:colcon.colcon_core.shell:Creating environment descriptor '/home/vijay/3d_rover/install/lio_sam/share/lio_sam/hook/cmake_prefix_path.dsv'
[53.370s] INFO:colcon.colcon_core.shell:Creating environment hook '/home/vijay/3d_rover/install/lio_sam/share/lio_sam/hook/cmake_prefix_path.sh'
[53.371s] Level 1:colcon.colcon_core.environment:checking '/home/vijay/3d_rover/install/lio_sam/lib'
[53.371s] Level 1:colcon.colcon_core.shell:create_environment_hook('lio_sam', 'ld_library_path_lib')
[53.371s] INFO:colcon.colcon_core.shell:Creating environment hook '/home/vijay/3d_rover/install/lio_sam/share/lio_sam/hook/ld_library_path_lib.ps1'
[53.371s] INFO:colcon.colcon_core.shell:Creating environment descriptor '/home/vijay/3d_rover/install/lio_sam/share/lio_sam/hook/ld_library_path_lib.dsv'
[53.371s] INFO:colcon.colcon_core.shell:Creating environment hook '/home/vijay/3d_rover/install/lio_sam/share/lio_sam/hook/ld_library_path_lib.sh'
[53.372s] Level 1:colcon.colcon_core.environment:checking '/home/vijay/3d_rover/install/lio_sam/bin'
[53.372s] Level 1:colcon.colcon_core.environment:checking '/home/vijay/3d_rover/install/lio_sam/lib/pkgconfig/lio_sam.pc'
[53.372s] Level 1:colcon.colcon_core.environment:checking '/home/vijay/3d_rover/install/lio_sam/lib/python3.10/site-packages'
[53.372s] Level 1:colcon.colcon_core.environment:checking '/home/vijay/3d_rover/install/lio_sam/bin'
[53.372s] INFO:colcon.colcon_core.shell:Creating package script '/home/vijay/3d_rover/install/lio_sam/share/lio_sam/package.ps1'
[53.372s] INFO:colcon.colcon_core.shell:Creating package descriptor '/home/vijay/3d_rover/install/lio_sam/share/lio_sam/package.dsv'
[53.373s] INFO:colcon.colcon_core.shell:Creating package script '/home/vijay/3d_rover/install/lio_sam/share/lio_sam/package.sh'
[53.373s] INFO:colcon.colcon_core.shell:Creating package script '/home/vijay/3d_rover/install/lio_sam/share/lio_sam/package.bash'
[53.373s] INFO:colcon.colcon_core.shell:Creating package script '/home/vijay/3d_rover/install/lio_sam/share/lio_sam/package.zsh'
[53.373s] Level 1:colcon.colcon_core.environment:create_file_with_runtime_dependencies(/home/vijay/3d_rover/install/lio_sam/share/colcon-core/packages/lio_sam)
[53.374s] Level 1:colcon.colcon_core.environment:create_environment_scripts_only(lio_sam)
[53.374s] Level 1:colcon.colcon_core.environment:checking '/home/vijay/3d_rover/install/lio_sam' for CMake module files
[53.374s] Level 1:colcon.colcon_core.environment:checking '/home/vijay/3d_rover/install/lio_sam' for CMake config files
[53.374s] Level 1:colcon.colcon_core.shell:create_environment_hook('lio_sam', 'cmake_prefix_path')
[53.374s] INFO:colcon.colcon_core.shell:Creating environment hook '/home/vijay/3d_rover/install/lio_sam/share/lio_sam/hook/cmake_prefix_path.ps1'
[53.375s] INFO:colcon.colcon_core.shell:Creating environment descriptor '/home/vijay/3d_rover/install/lio_sam/share/lio_sam/hook/cmake_prefix_path.dsv'
[53.375s] INFO:colcon.colcon_core.shell:Creating environment hook '/home/vijay/3d_rover/install/lio_sam/share/lio_sam/hook/cmake_prefix_path.sh'
[53.375s] Level 1:colcon.colcon_core.environment:checking '/home/vijay/3d_rover/install/lio_sam/lib'
[53.375s] Level 1:colcon.colcon_core.shell:create_environment_hook('lio_sam', 'ld_library_path_lib')
[53.375s] INFO:colcon.colcon_core.shell:Creating environment hook '/home/vijay/3d_rover/install/lio_sam/share/lio_sam/hook/ld_library_path_lib.ps1'
[53.375s] INFO:colcon.colcon_core.shell:Creating environment descriptor '/home/vijay/3d_rover/install/lio_sam/share/lio_sam/hook/ld_library_path_lib.dsv'
[53.376s] INFO:colcon.colcon_core.shell:Creating environment hook '/home/vijay/3d_rover/install/lio_sam/share/lio_sam/hook/ld_library_path_lib.sh'
[53.376s] Level 1:colcon.colcon_core.environment:checking '/home/vijay/3d_rover/install/lio_sam/bin'
[53.376s] Level 1:colcon.colcon_core.environment:checking '/home/vijay/3d_rover/install/lio_sam/lib/pkgconfig/lio_sam.pc'
[53.376s] Level 1:colcon.colcon_core.environment:checking '/home/vijay/3d_rover/install/lio_sam/lib/python3.10/site-packages'
[53.376s] Level 1:colcon.colcon_core.environment:checking '/home/vijay/3d_rover/install/lio_sam/bin'
[53.376s] INFO:colcon.colcon_core.shell:Creating package script '/home/vijay/3d_rover/install/lio_sam/share/lio_sam/package.ps1'
[53.377s] INFO:colcon.colcon_core.shell:Creating package descriptor '/home/vijay/3d_rover/install/lio_sam/share/lio_sam/package.dsv'
[53.377s] INFO:colcon.colcon_core.shell:Creating package script '/home/vijay/3d_rover/install/lio_sam/share/lio_sam/package.sh'
[53.377s] INFO:colcon.colcon_core.shell:Creating package script '/home/vijay/3d_rover/install/lio_sam/share/lio_sam/package.bash'
[53.377s] INFO:colcon.colcon_core.shell:Creating package script '/home/vijay/3d_rover/install/lio_sam/share/lio_sam/package.zsh'
[53.377s] Level 1:colcon.colcon_core.environment:create_file_with_runtime_dependencies(/home/vijay/3d_rover/install/lio_sam/share/colcon-core/packages/lio_sam)
[53.378s] DEBUG:colcon.colcon_parallel_executor.executor.parallel:closing loop
[53.378s] DEBUG:colcon.colcon_parallel_executor.executor.parallel:loop closed
[53.378s] DEBUG:colcon.colcon_parallel_executor.executor.parallel:run_until_complete finished with '0'
[53.378s] DEBUG:colcon.colcon_core.event_reactor:joining thread
[53.381s] INFO:colcon.colcon_core.plugin_system:Skipping extension 'colcon_notification.desktop_notification.terminal_notifier': Not used on non-Darwin systems
[53.381s] INFO:colcon.colcon_core.plugin_system:Skipping extension 'colcon_notification.desktop_notification.win32': Not used on non-Windows systems
[53.381s] INFO:colcon.colcon_notification.desktop_notification:Sending desktop notification using 'notify2'
[53.388s] DEBUG:colcon.colcon_core.event_reactor:joined thread
[53.389s] INFO:colcon.colcon_core.shell:Creating prefix script '/home/vijay/3d_rover/install/local_setup.ps1'
[53.389s] INFO:colcon.colcon_core.shell:Creating prefix util module '/home/vijay/3d_rover/install/_local_setup_util_ps1.py'
[53.390s] INFO:colcon.colcon_core.shell:Creating prefix chain script '/home/vijay/3d_rover/install/setup.ps1'
[53.391s] INFO:colcon.colcon_core.shell:Creating prefix script '/home/vijay/3d_rover/install/local_setup.sh'
[53.391s] INFO:colcon.colcon_core.shell:Creating prefix util module '/home/vijay/3d_rover/install/_local_setup_util_sh.py'
[53.391s] INFO:colcon.colcon_core.shell:Creating prefix chain script '/home/vijay/3d_rover/install/setup.sh'
[53.392s] INFO:colcon.colcon_core.shell:Creating prefix script '/home/vijay/3d_rover/install/local_setup.bash'
[53.392s] INFO:colcon.colcon_core.shell:Creating prefix chain script '/home/vijay/3d_rover/install/setup.bash'
[53.393s] INFO:colcon.colcon_core.shell:Creating prefix script '/home/vijay/3d_rover/install/local_setup.zsh'
[53.393s] INFO:colcon.colcon_core.shell:Creating prefix chain script '/home/vijay/3d_rover/install/setup.zsh'
