[0.009s] Invoking command in '/home/vijay/3d_rover/build/k12_description': CMAKE_PREFIX_PATH=/opt/ros/humble /usr/bin/cmake /home/vijay/3d_rover/src/k12_description -DAMENT_CMAKE_SYMLINK_INSTALL=1 -DCMAKE_INSTALL_PREFIX=/home/vijay/3d_rover/install/k12_description
[0.021s] -- Found ament_cmake: 1.3.12 (/opt/ros/humble/share/ament_cmake/cmake)
[0.114s] -- Override CMake install command with custom implementation using symlinks instead of copying resources
[0.127s] -- Found rclcpp: 16.0.16 (/opt/ros/humble/share/rclcpp/cmake)
[0.153s] -- Found rosidl_generator_c: 3.1.7 (/opt/ros/humble/share/rosidl_generator_c/cmake)
[0.156s] -- Found rosidl_adapter: 3.1.7 (/opt/ros/humble/share/rosidl_adapter/cmake)
[0.162s] -- Found rosidl_generator_cpp: 3.1.7 (/opt/ros/humble/share/rosidl_generator_cpp/cmake)
[0.170s] -- Using all available rosidl_typesupport_c: rosidl_typesupport_fastrtps_c;rosidl_typesupport_introspection_c
[0.179s] -- Using all available rosidl_typesupport_cpp: rosidl_typesupport_fastrtps_cpp;rosidl_typesupport_introspection_cpp
[0.205s] -- Found rmw_implementation_cmake: 6.1.2 (/opt/ros/humble/share/rmw_implementation_cmake/cmake)
[0.207s] -- Found rmw_fastrtps_cpp: 6.2.9 (/opt/ros/humble/share/rmw_fastrtps_cpp/cmake)
[0.301s] -- Using RMW implementation 'rmw_fastrtps_cpp' as default
[0.340s] -- Found geometry_msgs: 4.9.0 (/opt/ros/humble/share/geometry_msgs/cmake)
[0.351s] -- Found sensor_msgs: 4.9.0 (/opt/ros/humble/share/sensor_msgs/cmake)
[0.364s] -- Found gazebo_ros: 3.9.0 (/opt/ros/humble/share/gazebo_ros/cmake)
[0.393s] -- Found DART: /usr/include (Required is at least version "6.6") found components: dart 
[0.425s] -- Found Protobuf: /usr/lib/x86_64-linux-gnu/libprotobuf.so (found version "3.12.4") 
[0.426s] -- Looking for ignition-math6 -- found version 6.15.1
[0.432s] -- Searching for dependencies of ignition-math6
[0.434s] -- Looking for OGRE...
[0.438s] -- Found Ogre Ghadamon (1.9.0)
[0.439s] -- Found OGRE: optimized;/usr/lib/x86_64-linux-gnu/libOgreMain.so;debug;/usr/lib/x86_64-linux-gnu/libOgreMain.so
[0.446s] -- Looking for OGRE_Paging...
[0.446s] -- Found OGRE_Paging: optimized;/usr/lib/x86_64-linux-gnu/libOgrePaging.so;debug;/usr/lib/x86_64-linux-gnu/libOgrePaging.so
[0.446s] -- Looking for OGRE_Terrain...
[0.446s] -- Found OGRE_Terrain: optimized;/usr/lib/x86_64-linux-gnu/libOgreTerrain.so;debug;/usr/lib/x86_64-linux-gnu/libOgreTerrain.so
[0.446s] -- Looking for OGRE_Property...
[0.446s] -- Found OGRE_Property: optimized;/usr/lib/x86_64-linux-gnu/libOgreProperty.so;debug;/usr/lib/x86_64-linux-gnu/libOgreProperty.so
[0.446s] -- Looking for OGRE_RTShaderSystem...
[0.446s] -- Found OGRE_RTShaderSystem: optimized;/usr/lib/x86_64-linux-gnu/libOgreRTShaderSystem.so;debug;/usr/lib/x86_64-linux-gnu/libOgreRTShaderSystem.so
[0.447s] -- Looking for OGRE_Volume...
[0.447s] -- Found OGRE_Volume: optimized;/usr/lib/x86_64-linux-gnu/libOgreVolume.so;debug;/usr/lib/x86_64-linux-gnu/libOgreVolume.so
[0.447s] -- Looking for OGRE_Overlay...
[0.447s] -- Found OGRE_Overlay: optimized;/usr/lib/x86_64-linux-gnu/libOgreOverlay.so;debug;/usr/lib/x86_64-linux-gnu/libOgreOverlay.so
[0.538s] -- Looking for ignition-math6 -- found version 6.15.1
[0.538s] -- Looking for ignition-transport8 -- found version 8.2.1
[0.539s] -- Searching for dependencies of ignition-transport8
[0.554s] -- Found Protobuf: /usr/lib/x86_64-linux-gnu/libprotobuf.so (found suitable version "3.12.4", minimum required is "3") 
[0.564s] -- Config-file not installed for ZeroMQ -- checking for pkg-config
[0.568s] -- Checking for module 'libzmq >= 4'
[0.581s] --   Found libzmq , version 4.3.4
[0.621s] -- Checking for module 'uuid'
[0.633s] --   Found uuid, version 2.37.2
[0.659s] -- Looking for ignition-msgs5 -- found version 5.8.1
[0.660s] -- Searching for dependencies of ignition-msgs5
[0.676s] -- Looking for ignition-math6 -- found version 6.15.1
[0.681s] -- Checking for module 'tinyxml2'
[0.694s] --   Found tinyxml2, version 9.0.0
[0.730s] -- Looking for ignition-msgs5 -- found version 5.8.1
[0.731s] -- Looking for ignition-common3 -- found version 3.14.0
[0.731s] -- Searching for dependencies of ignition-common3
[0.731s] -- Looking for dlfcn.h - found
[0.732s] -- Looking for libdl - found
[0.742s] -- Searching for <ignition-common3> component [graphics]
[0.743s] -- Looking for ignition-common3-graphics -- found version 3.14.0
[0.743s] -- Searching for dependencies of ignition-common3-graphics
[0.743s] -- Looking for ignition-math6 -- found version 6.15.1
[0.744s] -- Looking for ignition-fuel_tools4 -- found version 4.4.0
[0.745s] -- Searching for dependencies of ignition-fuel_tools4
[0.779s] -- Checking for module 'jsoncpp'
[0.793s] --   Found jsoncpp, version 1.9.5
[0.824s] -- Checking for module 'libzip'
[0.836s] --   Found libzip, version 1.7.3
[0.865s] -- Looking for ignition-common3 -- found version 3.14.0
[0.865s] -- Looking for ignition-math6 -- found version 6.15.1
[0.865s] -- Looking for ignition-msgs5 -- found version 5.8.1
[0.867s] -- Gazebo version: 11.10
[0.868s] -- Found urdf: 2.6.1 (/opt/ros/humble/share/urdf/cmake)
[0.889s] -- Found tf2_ros: 0.25.17 (/opt/ros/humble/share/tf2_ros/cmake)
[0.951s] -- Found ament_lint_auto: 0.12.14 (/opt/ros/humble/share/ament_lint_auto/cmake)
[1.043s] -- Added test 'flake8' to check Python code syntax and style conventions
[1.043s] -- Added test 'lint_cmake' to check CMake code style
[1.044s] -- Added test 'pep257' to check Python code against some of the docstring style conventions in PEP 257
[1.045s] -- Added test 'xmllint' to check XML markup files
[1.046s] -- Configuring done
[1.050s] -- Generating done
[1.052s] -- Build files have been written to: /home/vijay/3d_rover/build/k12_description
[1.061s] Invoked command in '/home/vijay/3d_rover/build/k12_description' returned '0': CMAKE_PREFIX_PATH=/opt/ros/humble /usr/bin/cmake /home/vijay/3d_rover/src/k12_description -DAMENT_CMAKE_SYMLINK_INSTALL=1 -DCMAKE_INSTALL_PREFIX=/home/vijay/3d_rover/install/k12_description
[1.063s] Invoking command in '/home/vijay/3d_rover/build/k12_description': CMAKE_PREFIX_PATH=/opt/ros/humble /usr/bin/cmake --build /home/vijay/3d_rover/build/k12_description -- -j12 -l12
[1.098s] Invoked command in '/home/vijay/3d_rover/build/k12_description' returned '0': CMAKE_PREFIX_PATH=/opt/ros/humble /usr/bin/cmake --build /home/vijay/3d_rover/build/k12_description -- -j12 -l12
[1.107s] Invoking command in '/home/vijay/3d_rover/build/k12_description': CMAKE_PREFIX_PATH=/opt/ros/humble /usr/bin/cmake --install /home/vijay/3d_rover/build/k12_description
[1.114s] -- Install configuration: ""
[1.114s] -- Execute custom install script
[1.114s] -- Symlinking: /home/vijay/3d_rover/install/k12_description/share/k12_description//launch/display.launch.py
[1.121s] -- Symlinking: /home/vijay/3d_rover/install/k12_description/share/k12_description//launch/gazebo.launch.py
[1.127s] -- Symlinking: /home/vijay/3d_rover/install/k12_description/share/k12_description//launch/rover_lio_sam.launch.py
[1.134s] -- Symlinking: /home/vijay/3d_rover/install/k12_description/share/k12_description//urdf/k12.gazebo
[1.140s] -- Symlinking: /home/vijay/3d_rover/install/k12_description/share/k12_description//urdf/k12.trans
[1.149s] -- Symlinking: /home/vijay/3d_rover/install/k12_description/share/k12_description//urdf/k12.xacro
[1.155s] -- Symlinking: /home/vijay/3d_rover/install/k12_description/share/k12_description//urdf/materials.xacro
[1.162s] -- Symlinking: /home/vijay/3d_rover/install/k12_description/share/k12_description//meshes/base_link.stl
[1.169s] -- Symlinking: /home/vijay/3d_rover/install/k12_description/share/k12_description//meshes/cam_1.stl
[1.177s] -- Symlinking: /home/vijay/3d_rover/install/k12_description/share/k12_description//meshes/gps_1.stl
[1.184s] -- Symlinking: /home/vijay/3d_rover/install/k12_description/share/k12_description//meshes/imu_1.stl
[1.191s] -- Symlinking: /home/vijay/3d_rover/install/k12_description/share/k12_description//meshes/left_back_1.stl
[1.198s] -- Symlinking: /home/vijay/3d_rover/install/k12_description/share/k12_description//meshes/left_front_1.stl
[1.204s] -- Symlinking: /home/vijay/3d_rover/install/k12_description/share/k12_description//meshes/lidar_1.stl
[1.210s] -- Symlinking: /home/vijay/3d_rover/install/k12_description/share/k12_description//meshes/right_back_1.stl
[1.218s] -- Symlinking: /home/vijay/3d_rover/install/k12_description/share/k12_description//meshes/right_front_1.stl
[1.224s] -- Symlinking: /home/vijay/3d_rover/install/k12_description/share/k12_description//worlds/rover_gazebo.world
[1.233s] -- Symlinking: /home/vijay/3d_rover/install/k12_description/share/k12_description//config/nav2.rviz
[1.241s] -- Symlinking: /home/vijay/3d_rover/install/k12_description/share/ament_index/resource_index/package_run_dependencies/k12_description
[1.248s] -- Symlinking: /home/vijay/3d_rover/install/k12_description/share/ament_index/resource_index/parent_prefix_path/k12_description
[1.256s] -- Symlinking: /home/vijay/3d_rover/install/k12_description/share/k12_description/environment/ament_prefix_path.sh
[1.263s] -- Symlinking: /home/vijay/3d_rover/install/k12_description/share/k12_description/environment/ament_prefix_path.dsv
[1.271s] -- Symlinking: /home/vijay/3d_rover/install/k12_description/share/k12_description/environment/path.sh
[1.277s] -- Symlinking: /home/vijay/3d_rover/install/k12_description/share/k12_description/environment/path.dsv
[1.283s] -- Symlinking: /home/vijay/3d_rover/install/k12_description/share/k12_description/local_setup.bash
[1.290s] -- Symlinking: /home/vijay/3d_rover/install/k12_description/share/k12_description/local_setup.sh
[1.297s] -- Symlinking: /home/vijay/3d_rover/install/k12_description/share/k12_description/local_setup.zsh
[1.303s] -- Symlinking: /home/vijay/3d_rover/install/k12_description/share/k12_description/local_setup.dsv
[1.310s] -- Symlinking: /home/vijay/3d_rover/install/k12_description/share/k12_description/package.dsv
[1.316s] -- Symlinking: /home/vijay/3d_rover/install/k12_description/share/ament_index/resource_index/packages/k12_description
[1.324s] -- Symlinking: /home/vijay/3d_rover/install/k12_description/share/k12_description/cmake/k12_descriptionConfig.cmake
[1.332s] -- Symlinking: /home/vijay/3d_rover/install/k12_description/share/k12_description/cmake/k12_descriptionConfig-version.cmake
[1.339s] -- Symlinking: /home/vijay/3d_rover/install/k12_description/share/k12_description/package.xml
[1.349s] Invoked command in '/home/vijay/3d_rover/build/k12_description' returned '0': CMAKE_PREFIX_PATH=/opt/ros/humble /usr/bin/cmake --install /home/vijay/3d_rover/build/k12_description
