[0.160s] DEBUG:colcon:Command line arguments: ['/usr/bin/colcon', 'build']
[0.160s] DEBUG:colcon:Parsed command line arguments: Namespace(log_base=None, log_level=None, verb_name='build', build_base='build', install_base='install', merge_install=False, symlink_install=False, test_result_base=None, continue_on_error=False, executor='parallel', parallel_workers=12, event_handlers=None, ignore_user_meta=False, metas=['./colcon.meta'], base_paths=['.'], packages_ignore=None, packages_ignore_regex=None, paths=None, packages_up_to=None, packages_up_to_regex=None, packages_above=None, packages_above_and_dependencies=None, packages_above_depth=None, packages_select_by_dep=None, packages_skip_by_dep=None, packages_skip_up_to=None, packages_select_build_failed=False, packages_skip_build_finished=False, packages_select_test_failures=False, packages_skip_test_passed=False, packages_select=None, packages_skip=None, packages_select_regex=None, packages_skip_regex=None, packages_start=None, packages_end=None, allow_overriding=[], cmake_args=None, cmake_target=None, cmake_target_skip_unavailable=False, cmake_clean_cache=False, cmake_clean_first=False, cmake_force_configure=False, ament_cmake_args=None, catkin_cmake_args=None, catkin_skip_building_tests=False, mixin_files=None, mixin=None, verb_parser=<colcon_mixin.mixin.mixin_argument.MixinArgumentDecorator object at 0x78cc63579ff0>, verb_extension=<colcon_core.verb.build.BuildVerb object at 0x78cc63579a20>, main=<bound method BuildVerb.main of <colcon_core.verb.build.BuildVerb object at 0x78cc63579a20>>, mixin_verb=('build',))
[0.431s] Level 1:colcon.colcon_core.package_discovery:discover_packages(colcon_meta) check parameters
[0.431s] Level 1:colcon.colcon_core.package_discovery:discover_packages(recursive) check parameters
[0.431s] Level 1:colcon.colcon_core.package_discovery:discover_packages(ignore) check parameters
[0.431s] Level 1:colcon.colcon_core.package_discovery:discover_packages(path) check parameters
[0.431s] Level 1:colcon.colcon_core.package_discovery:discover_packages(colcon_meta) discover
[0.431s] Level 1:colcon.colcon_core.package_discovery:discover_packages(recursive) discover
[0.431s] INFO:colcon.colcon_core.package_discovery:Crawling recursively for packages in '/home/vijay/3d_rover'
[0.431s] Level 1:colcon.colcon_core.package_identification:_identify(.) by extensions ['ignore', 'ignore_ament_install']
[0.432s] Level 1:colcon.colcon_core.package_identification:_identify(.) by extension 'ignore'
[0.432s] Level 1:colcon.colcon_core.package_identification:_identify(.) by extension 'ignore_ament_install'
[0.432s] Level 1:colcon.colcon_core.package_identification:_identify(.) by extensions ['colcon_pkg']
[0.432s] Level 1:colcon.colcon_core.package_identification:_identify(.) by extension 'colcon_pkg'
[0.432s] Level 1:colcon.colcon_core.package_identification:_identify(.) by extensions ['colcon_meta']
[0.432s] Level 1:colcon.colcon_core.package_identification:_identify(.) by extension 'colcon_meta'
[0.432s] Level 1:colcon.colcon_core.package_identification:_identify(.) by extensions ['ros']
[0.432s] Level 1:colcon.colcon_core.package_identification:_identify(.) by extension 'ros'
[0.444s] Level 1:colcon.colcon_core.package_identification:_identify(.) by extensions ['cmake', 'python']
[0.445s] Level 1:colcon.colcon_core.package_identification:_identify(.) by extension 'cmake'
[0.445s] Level 1:colcon.colcon_core.package_identification:_identify(.) by extension 'python'
[0.445s] Level 1:colcon.colcon_core.package_identification:_identify(.) by extensions ['python_setup_py']
[0.445s] Level 1:colcon.colcon_core.package_identification:_identify(.) by extension 'python_setup_py'
[0.445s] Level 1:colcon.colcon_core.package_identification:_identify(LOAM) by extensions ['ignore', 'ignore_ament_install']
[0.445s] Level 1:colcon.colcon_core.package_identification:_identify(LOAM) by extension 'ignore'
[0.445s] Level 1:colcon.colcon_core.package_identification:_identify(LOAM) by extension 'ignore_ament_install'
[0.445s] Level 1:colcon.colcon_core.package_identification:_identify(LOAM) by extensions ['colcon_pkg']
[0.445s] Level 1:colcon.colcon_core.package_identification:_identify(LOAM) by extension 'colcon_pkg'
[0.445s] Level 1:colcon.colcon_core.package_identification:_identify(LOAM) by extensions ['colcon_meta']
[0.445s] Level 1:colcon.colcon_core.package_identification:_identify(LOAM) by extension 'colcon_meta'
[0.445s] Level 1:colcon.colcon_core.package_identification:_identify(LOAM) by extensions ['ros']
[0.445s] Level 1:colcon.colcon_core.package_identification:_identify(LOAM) by extension 'ros'
[0.445s] Level 1:colcon.colcon_core.package_identification:_identify(LOAM) by extensions ['cmake', 'python']
[0.445s] Level 1:colcon.colcon_core.package_identification:_identify(LOAM) by extension 'cmake'
[0.445s] Level 1:colcon.colcon_core.package_identification:_identify(LOAM) by extension 'python'
[0.445s] Level 1:colcon.colcon_core.package_identification:_identify(LOAM) by extensions ['python_setup_py']
[0.445s] Level 1:colcon.colcon_core.package_identification:_identify(LOAM) by extension 'python_setup_py'
[0.445s] Level 1:colcon.colcon_core.package_identification:_identify(build) by extensions ['ignore', 'ignore_ament_install']
[0.446s] Level 1:colcon.colcon_core.package_identification:_identify(build) by extension 'ignore'
[0.446s] Level 1:colcon.colcon_core.package_identification:_identify(build) ignored
[0.446s] Level 1:colcon.colcon_core.package_identification:_identify(install) by extensions ['ignore', 'ignore_ament_install']
[0.446s] Level 1:colcon.colcon_core.package_identification:_identify(install) by extension 'ignore'
[0.446s] Level 1:colcon.colcon_core.package_identification:_identify(install) ignored
[0.446s] Level 1:colcon.colcon_core.package_identification:_identify(log) by extensions ['ignore', 'ignore_ament_install']
[0.446s] Level 1:colcon.colcon_core.package_identification:_identify(log) by extension 'ignore'
[0.446s] Level 1:colcon.colcon_core.package_identification:_identify(log) ignored
[0.446s] Level 1:colcon.colcon_core.package_identification:_identify(maps) by extensions ['ignore', 'ignore_ament_install']
[0.446s] Level 1:colcon.colcon_core.package_identification:_identify(maps) by extension 'ignore'
[0.446s] Level 1:colcon.colcon_core.package_identification:_identify(maps) by extension 'ignore_ament_install'
[0.446s] Level 1:colcon.colcon_core.package_identification:_identify(maps) by extensions ['colcon_pkg']
[0.446s] Level 1:colcon.colcon_core.package_identification:_identify(maps) by extension 'colcon_pkg'
[0.446s] Level 1:colcon.colcon_core.package_identification:_identify(maps) by extensions ['colcon_meta']
[0.446s] Level 1:colcon.colcon_core.package_identification:_identify(maps) by extension 'colcon_meta'
[0.446s] Level 1:colcon.colcon_core.package_identification:_identify(maps) by extensions ['ros']
[0.446s] Level 1:colcon.colcon_core.package_identification:_identify(maps) by extension 'ros'
[0.447s] Level 1:colcon.colcon_core.package_identification:_identify(maps) by extensions ['cmake', 'python']
[0.447s] Level 1:colcon.colcon_core.package_identification:_identify(maps) by extension 'cmake'
[0.447s] Level 1:colcon.colcon_core.package_identification:_identify(maps) by extension 'python'
[0.447s] Level 1:colcon.colcon_core.package_identification:_identify(maps) by extensions ['python_setup_py']
[0.447s] Level 1:colcon.colcon_core.package_identification:_identify(maps) by extension 'python_setup_py'
[0.447s] Level 1:colcon.colcon_core.package_identification:_identify(src) by extensions ['ignore', 'ignore_ament_install']
[0.447s] Level 1:colcon.colcon_core.package_identification:_identify(src) by extension 'ignore'
[0.447s] Level 1:colcon.colcon_core.package_identification:_identify(src) by extension 'ignore_ament_install'
[0.447s] Level 1:colcon.colcon_core.package_identification:_identify(src) by extensions ['colcon_pkg']
[0.447s] Level 1:colcon.colcon_core.package_identification:_identify(src) by extension 'colcon_pkg'
[0.447s] Level 1:colcon.colcon_core.package_identification:_identify(src) by extensions ['colcon_meta']
[0.447s] Level 1:colcon.colcon_core.package_identification:_identify(src) by extension 'colcon_meta'
[0.447s] Level 1:colcon.colcon_core.package_identification:_identify(src) by extensions ['ros']
[0.447s] Level 1:colcon.colcon_core.package_identification:_identify(src) by extension 'ros'
[0.447s] Level 1:colcon.colcon_core.package_identification:_identify(src) by extensions ['cmake', 'python']
[0.447s] Level 1:colcon.colcon_core.package_identification:_identify(src) by extension 'cmake'
[0.447s] Level 1:colcon.colcon_core.package_identification:_identify(src) by extension 'python'
[0.447s] Level 1:colcon.colcon_core.package_identification:_identify(src) by extensions ['python_setup_py']
[0.447s] Level 1:colcon.colcon_core.package_identification:_identify(src) by extension 'python_setup_py'
[0.447s] Level 1:colcon.colcon_core.package_identification:_identify(src/LIO-SAM) by extensions ['ignore', 'ignore_ament_install']
[0.447s] Level 1:colcon.colcon_core.package_identification:_identify(src/LIO-SAM) by extension 'ignore'
[0.447s] Level 1:colcon.colcon_core.package_identification:_identify(src/LIO-SAM) by extension 'ignore_ament_install'
[0.447s] Level 1:colcon.colcon_core.package_identification:_identify(src/LIO-SAM) by extensions ['colcon_pkg']
[0.447s] Level 1:colcon.colcon_core.package_identification:_identify(src/LIO-SAM) by extension 'colcon_pkg'
[0.447s] Level 1:colcon.colcon_core.package_identification:_identify(src/LIO-SAM) by extensions ['colcon_meta']
[0.447s] Level 1:colcon.colcon_core.package_identification:_identify(src/LIO-SAM) by extension 'colcon_meta'
[0.447s] Level 1:colcon.colcon_core.package_identification:_identify(src/LIO-SAM) by extensions ['ros']
[0.447s] Level 1:colcon.colcon_core.package_identification:_identify(src/LIO-SAM) by extension 'ros'
[0.452s] DEBUG:colcon.colcon_core.package_identification:Package 'src/LIO-SAM' with type 'ros.ament_cmake' and name 'lio_sam'
[0.452s] Level 1:colcon.colcon_core.package_identification:_identify(src/k12_description) by extensions ['ignore', 'ignore_ament_install']
[0.452s] Level 1:colcon.colcon_core.package_identification:_identify(src/k12_description) by extension 'ignore'
[0.452s] Level 1:colcon.colcon_core.package_identification:_identify(src/k12_description) by extension 'ignore_ament_install'
[0.453s] Level 1:colcon.colcon_core.package_identification:_identify(src/k12_description) by extensions ['colcon_pkg']
[0.453s] Level 1:colcon.colcon_core.package_identification:_identify(src/k12_description) by extension 'colcon_pkg'
[0.453s] Level 1:colcon.colcon_core.package_identification:_identify(src/k12_description) by extensions ['colcon_meta']
[0.453s] Level 1:colcon.colcon_core.package_identification:_identify(src/k12_description) by extension 'colcon_meta'
[0.453s] Level 1:colcon.colcon_core.package_identification:_identify(src/k12_description) by extensions ['ros']
[0.453s] Level 1:colcon.colcon_core.package_identification:_identify(src/k12_description) by extension 'ros'
[0.455s] DEBUG:colcon.colcon_core.package_identification:Package 'src/k12_description' with type 'ros.ament_cmake' and name 'k12_description'
[0.455s] Level 1:colcon.colcon_core.package_discovery:discover_packages(recursive) using defaults
[0.455s] Level 1:colcon.colcon_core.package_discovery:discover_packages(ignore) discover
[0.455s] Level 1:colcon.colcon_core.package_discovery:discover_packages(ignore) using defaults
[0.456s] Level 1:colcon.colcon_core.package_discovery:discover_packages(path) discover
[0.456s] Level 1:colcon.colcon_core.package_discovery:discover_packages(path) using defaults
[0.498s] Level 1:colcon.colcon_core.package_discovery:discover_packages(prefix_path) check parameters
[0.499s] Level 1:colcon.colcon_core.package_discovery:discover_packages(prefix_path) discover
[0.501s] DEBUG:colcon.colcon_installed_package_information.package_discovery:Found 2 installed packages in /home/vijay/3d_rover/install
[0.502s] DEBUG:colcon.colcon_installed_package_information.package_discovery:Found 441 installed packages in /opt/ros/humble
[0.504s] Level 1:colcon.colcon_core.package_discovery:discover_packages(prefix_path) using defaults
[0.549s] Level 5:colcon.colcon_core.verb:set package 'k12_description' build argument 'cmake_args' from command line to 'None'
[0.549s] Level 5:colcon.colcon_core.verb:set package 'k12_description' build argument 'cmake_target' from command line to 'None'
[0.549s] Level 5:colcon.colcon_core.verb:set package 'k12_description' build argument 'cmake_target_skip_unavailable' from command line to 'False'
[0.549s] Level 5:colcon.colcon_core.verb:set package 'k12_description' build argument 'cmake_clean_cache' from command line to 'False'
[0.549s] Level 5:colcon.colcon_core.verb:set package 'k12_description' build argument 'cmake_clean_first' from command line to 'False'
[0.549s] Level 5:colcon.colcon_core.verb:set package 'k12_description' build argument 'cmake_force_configure' from command line to 'False'
[0.549s] Level 5:colcon.colcon_core.verb:set package 'k12_description' build argument 'ament_cmake_args' from command line to 'None'
[0.550s] Level 5:colcon.colcon_core.verb:set package 'k12_description' build argument 'catkin_cmake_args' from command line to 'None'
[0.550s] Level 5:colcon.colcon_core.verb:set package 'k12_description' build argument 'catkin_skip_building_tests' from command line to 'False'
[0.550s] DEBUG:colcon.colcon_core.verb:Building package 'k12_description' with the following arguments: {'ament_cmake_args': None, 'build_base': '/home/vijay/3d_rover/build/k12_description', 'catkin_cmake_args': None, 'catkin_skip_building_tests': False, 'cmake_args': None, 'cmake_clean_cache': False, 'cmake_clean_first': False, 'cmake_force_configure': False, 'cmake_target': None, 'cmake_target_skip_unavailable': False, 'install_base': '/home/vijay/3d_rover/install/k12_description', 'merge_install': False, 'path': '/home/vijay/3d_rover/src/k12_description', 'symlink_install': False, 'test_result_base': None}
[0.550s] Level 5:colcon.colcon_core.verb:set package 'lio_sam' build argument 'cmake_args' from command line to 'None'
[0.550s] Level 5:colcon.colcon_core.verb:set package 'lio_sam' build argument 'cmake_target' from command line to 'None'
[0.550s] Level 5:colcon.colcon_core.verb:set package 'lio_sam' build argument 'cmake_target_skip_unavailable' from command line to 'False'
[0.550s] Level 5:colcon.colcon_core.verb:set package 'lio_sam' build argument 'cmake_clean_cache' from command line to 'False'
[0.550s] Level 5:colcon.colcon_core.verb:set package 'lio_sam' build argument 'cmake_clean_first' from command line to 'False'
[0.550s] Level 5:colcon.colcon_core.verb:set package 'lio_sam' build argument 'cmake_force_configure' from command line to 'False'
[0.550s] Level 5:colcon.colcon_core.verb:set package 'lio_sam' build argument 'ament_cmake_args' from command line to 'None'
[0.550s] Level 5:colcon.colcon_core.verb:set package 'lio_sam' build argument 'catkin_cmake_args' from command line to 'None'
[0.550s] Level 5:colcon.colcon_core.verb:set package 'lio_sam' build argument 'catkin_skip_building_tests' from command line to 'False'
[0.550s] DEBUG:colcon.colcon_core.verb:Building package 'lio_sam' with the following arguments: {'ament_cmake_args': None, 'build_base': '/home/vijay/3d_rover/build/lio_sam', 'catkin_cmake_args': None, 'catkin_skip_building_tests': False, 'cmake_args': None, 'cmake_clean_cache': False, 'cmake_clean_first': False, 'cmake_force_configure': False, 'cmake_target': None, 'cmake_target_skip_unavailable': False, 'install_base': '/home/vijay/3d_rover/install/lio_sam', 'merge_install': False, 'path': '/home/vijay/3d_rover/src/LIO-SAM', 'symlink_install': False, 'test_result_base': None}
[0.550s] INFO:colcon.colcon_core.executor:Executing jobs using 'parallel' executor
[0.551s] DEBUG:colcon.colcon_parallel_executor.executor.parallel:run_until_complete
[0.552s] INFO:colcon.colcon_ros.task.ament_cmake.build:Building ROS package in '/home/vijay/3d_rover/src/k12_description' with build type 'ament_cmake'
[0.552s] INFO:colcon.colcon_cmake.task.cmake.build:Building CMake package in '/home/vijay/3d_rover/src/k12_description'
[0.556s] INFO:colcon.colcon_core.plugin_system:Skipping extension 'colcon_core.shell.bat': Not used on non-Windows systems
[0.556s] INFO:colcon.colcon_core.shell:Skip shell extension 'powershell' for command environment: Not usable outside of PowerShell
[0.556s] DEBUG:colcon.colcon_core.shell:Skip shell extension 'dsv' for command environment
[0.559s] INFO:colcon.colcon_ros.task.ament_cmake.build:Building ROS package in '/home/vijay/3d_rover/src/LIO-SAM' with build type 'ament_cmake'
[0.560s] INFO:colcon.colcon_cmake.task.cmake.build:Building CMake package in '/home/vijay/3d_rover/src/LIO-SAM'
[0.560s] INFO:colcon.colcon_core.shell:Skip shell extension 'powershell' for command environment: Not usable outside of PowerShell
[0.560s] DEBUG:colcon.colcon_core.shell:Skip shell extension 'dsv' for command environment
[0.570s] DEBUG:colcon.colcon_core.event_handler.log_command:Invoking command in '/home/vijay/3d_rover/build/k12_description': CMAKE_PREFIX_PATH=${CMAKE_PREFIX_PATH}:/opt/ros/humble /usr/bin/cmake /home/vijay/3d_rover/src/k12_description -DCMAKE_INSTALL_PREFIX=/home/vijay/3d_rover/install/k12_description
[0.581s] DEBUG:colcon.colcon_core.event_handler.log_command:Invoking command in '/home/vijay/3d_rover/build/lio_sam': CMAKE_PREFIX_PATH=${CMAKE_PREFIX_PATH}:/opt/ros/humble /usr/bin/cmake --build /home/vijay/3d_rover/build/lio_sam -- -j12 -l12
[1.038s] DEBUG:colcon.colcon_core.event_handler.log_command:Invoked command in '/home/vijay/3d_rover/build/lio_sam' returned '0': CMAKE_PREFIX_PATH=${CMAKE_PREFIX_PATH}:/opt/ros/humble /usr/bin/cmake --build /home/vijay/3d_rover/build/lio_sam -- -j12 -l12
[1.051s] DEBUG:colcon.colcon_core.event_handler.log_command:Invoking command in '/home/vijay/3d_rover/build/lio_sam': CMAKE_PREFIX_PATH=${CMAKE_PREFIX_PATH}:/opt/ros/humble /usr/bin/cmake --install /home/vijay/3d_rover/build/lio_sam
[1.144s] Level 1:colcon.colcon_core.environment:create_environment_scripts_only(lio_sam)
[1.145s] DEBUG:colcon.colcon_core.event_handler.log_command:Invoked command in '/home/vijay/3d_rover/build/lio_sam' returned '0': CMAKE_PREFIX_PATH=${CMAKE_PREFIX_PATH}:/opt/ros/humble /usr/bin/cmake --install /home/vijay/3d_rover/build/lio_sam
[1.149s] Level 1:colcon.colcon_core.environment:checking '/home/vijay/3d_rover/install/lio_sam' for CMake module files
[1.150s] Level 1:colcon.colcon_core.environment:checking '/home/vijay/3d_rover/install/lio_sam' for CMake config files
[1.151s] Level 1:colcon.colcon_core.shell:create_environment_hook('lio_sam', 'cmake_prefix_path')
[1.151s] INFO:colcon.colcon_core.shell:Creating environment hook '/home/vijay/3d_rover/install/lio_sam/share/lio_sam/hook/cmake_prefix_path.ps1'
[1.152s] INFO:colcon.colcon_core.shell:Creating environment descriptor '/home/vijay/3d_rover/install/lio_sam/share/lio_sam/hook/cmake_prefix_path.dsv'
[1.152s] INFO:colcon.colcon_core.shell:Creating environment hook '/home/vijay/3d_rover/install/lio_sam/share/lio_sam/hook/cmake_prefix_path.sh'
[1.154s] Level 1:colcon.colcon_core.environment:checking '/home/vijay/3d_rover/install/lio_sam/lib'
[1.154s] Level 1:colcon.colcon_core.shell:create_environment_hook('lio_sam', 'ld_library_path_lib')
[1.154s] INFO:colcon.colcon_core.shell:Creating environment hook '/home/vijay/3d_rover/install/lio_sam/share/lio_sam/hook/ld_library_path_lib.ps1'
[1.154s] INFO:colcon.colcon_core.shell:Creating environment descriptor '/home/vijay/3d_rover/install/lio_sam/share/lio_sam/hook/ld_library_path_lib.dsv'
[1.155s] INFO:colcon.colcon_core.shell:Creating environment hook '/home/vijay/3d_rover/install/lio_sam/share/lio_sam/hook/ld_library_path_lib.sh'
[1.155s] Level 1:colcon.colcon_core.environment:checking '/home/vijay/3d_rover/install/lio_sam/bin'
[1.155s] Level 1:colcon.colcon_core.environment:checking '/home/vijay/3d_rover/install/lio_sam/lib/pkgconfig/lio_sam.pc'
[1.155s] Level 1:colcon.colcon_core.environment:checking '/home/vijay/3d_rover/install/lio_sam/lib/python3.10/site-packages'
[1.156s] Level 1:colcon.colcon_core.environment:checking '/home/vijay/3d_rover/install/lio_sam/bin'
[1.156s] INFO:colcon.colcon_core.shell:Creating package script '/home/vijay/3d_rover/install/lio_sam/share/lio_sam/package.ps1'
[1.157s] INFO:colcon.colcon_core.shell:Creating package descriptor '/home/vijay/3d_rover/install/lio_sam/share/lio_sam/package.dsv'
[1.157s] INFO:colcon.colcon_core.shell:Creating package script '/home/vijay/3d_rover/install/lio_sam/share/lio_sam/package.sh'
[1.158s] INFO:colcon.colcon_core.shell:Creating package script '/home/vijay/3d_rover/install/lio_sam/share/lio_sam/package.bash'
[1.159s] INFO:colcon.colcon_core.shell:Creating package script '/home/vijay/3d_rover/install/lio_sam/share/lio_sam/package.zsh'
[1.160s] Level 1:colcon.colcon_core.environment:create_file_with_runtime_dependencies(/home/vijay/3d_rover/install/lio_sam/share/colcon-core/packages/lio_sam)
[1.161s] Level 1:colcon.colcon_core.environment:create_environment_scripts_only(lio_sam)
[1.161s] Level 1:colcon.colcon_core.environment:checking '/home/vijay/3d_rover/install/lio_sam' for CMake module files
[1.162s] Level 1:colcon.colcon_core.environment:checking '/home/vijay/3d_rover/install/lio_sam' for CMake config files
[1.163s] Level 1:colcon.colcon_core.shell:create_environment_hook('lio_sam', 'cmake_prefix_path')
[1.163s] INFO:colcon.colcon_core.shell:Creating environment hook '/home/vijay/3d_rover/install/lio_sam/share/lio_sam/hook/cmake_prefix_path.ps1'
[1.164s] INFO:colcon.colcon_core.shell:Creating environment descriptor '/home/vijay/3d_rover/install/lio_sam/share/lio_sam/hook/cmake_prefix_path.dsv'
[1.164s] INFO:colcon.colcon_core.shell:Creating environment hook '/home/vijay/3d_rover/install/lio_sam/share/lio_sam/hook/cmake_prefix_path.sh'
[1.165s] Level 1:colcon.colcon_core.environment:checking '/home/vijay/3d_rover/install/lio_sam/lib'
[1.165s] Level 1:colcon.colcon_core.shell:create_environment_hook('lio_sam', 'ld_library_path_lib')
[1.165s] INFO:colcon.colcon_core.shell:Creating environment hook '/home/vijay/3d_rover/install/lio_sam/share/lio_sam/hook/ld_library_path_lib.ps1'
[1.166s] INFO:colcon.colcon_core.shell:Creating environment descriptor '/home/vijay/3d_rover/install/lio_sam/share/lio_sam/hook/ld_library_path_lib.dsv'
[1.166s] INFO:colcon.colcon_core.shell:Creating environment hook '/home/vijay/3d_rover/install/lio_sam/share/lio_sam/hook/ld_library_path_lib.sh'
[1.166s] Level 1:colcon.colcon_core.environment:checking '/home/vijay/3d_rover/install/lio_sam/bin'
[1.167s] Level 1:colcon.colcon_core.environment:checking '/home/vijay/3d_rover/install/lio_sam/lib/pkgconfig/lio_sam.pc'
[1.167s] Level 1:colcon.colcon_core.environment:checking '/home/vijay/3d_rover/install/lio_sam/lib/python3.10/site-packages'
[1.167s] Level 1:colcon.colcon_core.environment:checking '/home/vijay/3d_rover/install/lio_sam/bin'
[1.167s] INFO:colcon.colcon_core.shell:Creating package script '/home/vijay/3d_rover/install/lio_sam/share/lio_sam/package.ps1'
[1.168s] INFO:colcon.colcon_core.shell:Creating package descriptor '/home/vijay/3d_rover/install/lio_sam/share/lio_sam/package.dsv'
[1.168s] INFO:colcon.colcon_core.shell:Creating package script '/home/vijay/3d_rover/install/lio_sam/share/lio_sam/package.sh'
[1.169s] INFO:colcon.colcon_core.shell:Creating package script '/home/vijay/3d_rover/install/lio_sam/share/lio_sam/package.bash'
[1.170s] INFO:colcon.colcon_core.shell:Creating package script '/home/vijay/3d_rover/install/lio_sam/share/lio_sam/package.zsh'
[1.170s] Level 1:colcon.colcon_core.environment:create_file_with_runtime_dependencies(/home/vijay/3d_rover/install/lio_sam/share/colcon-core/packages/lio_sam)
[2.265s] DEBUG:colcon.colcon_core.event_handler.log_command:Invoked command in '/home/vijay/3d_rover/build/k12_description' returned '0': CMAKE_PREFIX_PATH=${CMAKE_PREFIX_PATH}:/opt/ros/humble /usr/bin/cmake /home/vijay/3d_rover/src/k12_description -DCMAKE_INSTALL_PREFIX=/home/vijay/3d_rover/install/k12_description
[2.267s] DEBUG:colcon.colcon_core.event_handler.log_command:Invoking command in '/home/vijay/3d_rover/build/k12_description': CMAKE_PREFIX_PATH=${CMAKE_PREFIX_PATH}:/opt/ros/humble /usr/bin/cmake --build /home/vijay/3d_rover/build/k12_description -- -j12 -l12
[2.314s] DEBUG:colcon.colcon_core.event_handler.log_command:Invoked command in '/home/vijay/3d_rover/build/k12_description' returned '0': CMAKE_PREFIX_PATH=${CMAKE_PREFIX_PATH}:/opt/ros/humble /usr/bin/cmake --build /home/vijay/3d_rover/build/k12_description -- -j12 -l12
[2.317s] DEBUG:colcon.colcon_core.event_handler.log_command:Invoking command in '/home/vijay/3d_rover/build/k12_description': CMAKE_PREFIX_PATH=${CMAKE_PREFIX_PATH}:/opt/ros/humble /usr/bin/cmake --install /home/vijay/3d_rover/build/k12_description
[2.348s] Level 1:colcon.colcon_core.environment:create_environment_scripts_only(k12_description)
[2.349s] Level 1:colcon.colcon_core.environment:checking '/home/vijay/3d_rover/install/k12_description' for CMake module files
[2.349s] DEBUG:colcon.colcon_core.event_handler.log_command:Invoked command in '/home/vijay/3d_rover/build/k12_description' returned '0': CMAKE_PREFIX_PATH=${CMAKE_PREFIX_PATH}:/opt/ros/humble /usr/bin/cmake --install /home/vijay/3d_rover/build/k12_description
[2.350s] Level 1:colcon.colcon_core.environment:checking '/home/vijay/3d_rover/install/k12_description' for CMake config files
[2.350s] Level 1:colcon.colcon_core.shell:create_environment_hook('k12_description', 'cmake_prefix_path')
[2.351s] INFO:colcon.colcon_core.shell:Creating environment hook '/home/vijay/3d_rover/install/k12_description/share/k12_description/hook/cmake_prefix_path.ps1'
[2.352s] INFO:colcon.colcon_core.shell:Creating environment descriptor '/home/vijay/3d_rover/install/k12_description/share/k12_description/hook/cmake_prefix_path.dsv'
[2.352s] INFO:colcon.colcon_core.shell:Creating environment hook '/home/vijay/3d_rover/install/k12_description/share/k12_description/hook/cmake_prefix_path.sh'
[2.353s] Level 1:colcon.colcon_core.environment:checking '/home/vijay/3d_rover/install/k12_description/lib'
[2.353s] Level 1:colcon.colcon_core.environment:checking '/home/vijay/3d_rover/install/k12_description/bin'
[2.353s] Level 1:colcon.colcon_core.environment:checking '/home/vijay/3d_rover/install/k12_description/lib/pkgconfig/k12_description.pc'
[2.353s] Level 1:colcon.colcon_core.environment:checking '/home/vijay/3d_rover/install/k12_description/lib/python3.10/site-packages'
[2.354s] Level 1:colcon.colcon_core.environment:checking '/home/vijay/3d_rover/install/k12_description/bin'
[2.354s] INFO:colcon.colcon_core.shell:Creating package script '/home/vijay/3d_rover/install/k12_description/share/k12_description/package.ps1'
[2.355s] INFO:colcon.colcon_core.shell:Creating package descriptor '/home/vijay/3d_rover/install/k12_description/share/k12_description/package.dsv'
[2.356s] INFO:colcon.colcon_core.shell:Creating package script '/home/vijay/3d_rover/install/k12_description/share/k12_description/package.sh'
[2.356s] INFO:colcon.colcon_core.shell:Creating package script '/home/vijay/3d_rover/install/k12_description/share/k12_description/package.bash'
[2.357s] INFO:colcon.colcon_core.shell:Creating package script '/home/vijay/3d_rover/install/k12_description/share/k12_description/package.zsh'
[2.358s] Level 1:colcon.colcon_core.environment:create_file_with_runtime_dependencies(/home/vijay/3d_rover/install/k12_description/share/colcon-core/packages/k12_description)
[2.359s] Level 1:colcon.colcon_core.environment:create_environment_scripts_only(k12_description)
[2.359s] Level 1:colcon.colcon_core.environment:checking '/home/vijay/3d_rover/install/k12_description' for CMake module files
[2.360s] Level 1:colcon.colcon_core.environment:checking '/home/vijay/3d_rover/install/k12_description' for CMake config files
[2.360s] Level 1:colcon.colcon_core.shell:create_environment_hook('k12_description', 'cmake_prefix_path')
[2.360s] INFO:colcon.colcon_core.shell:Creating environment hook '/home/vijay/3d_rover/install/k12_description/share/k12_description/hook/cmake_prefix_path.ps1'
[2.361s] INFO:colcon.colcon_core.shell:Creating environment descriptor '/home/vijay/3d_rover/install/k12_description/share/k12_description/hook/cmake_prefix_path.dsv'
[2.362s] INFO:colcon.colcon_core.shell:Creating environment hook '/home/vijay/3d_rover/install/k12_description/share/k12_description/hook/cmake_prefix_path.sh'
[2.362s] Level 1:colcon.colcon_core.environment:checking '/home/vijay/3d_rover/install/k12_description/lib'
[2.363s] Level 1:colcon.colcon_core.environment:checking '/home/vijay/3d_rover/install/k12_description/bin'
[2.363s] Level 1:colcon.colcon_core.environment:checking '/home/vijay/3d_rover/install/k12_description/lib/pkgconfig/k12_description.pc'
[2.363s] Level 1:colcon.colcon_core.environment:checking '/home/vijay/3d_rover/install/k12_description/lib/python3.10/site-packages'
[2.363s] Level 1:colcon.colcon_core.environment:checking '/home/vijay/3d_rover/install/k12_description/bin'
[2.364s] INFO:colcon.colcon_core.shell:Creating package script '/home/vijay/3d_rover/install/k12_description/share/k12_description/package.ps1'
[2.364s] INFO:colcon.colcon_core.shell:Creating package descriptor '/home/vijay/3d_rover/install/k12_description/share/k12_description/package.dsv'
[2.365s] INFO:colcon.colcon_core.shell:Creating package script '/home/vijay/3d_rover/install/k12_description/share/k12_description/package.sh'
[2.366s] INFO:colcon.colcon_core.shell:Creating package script '/home/vijay/3d_rover/install/k12_description/share/k12_description/package.bash'
[2.367s] INFO:colcon.colcon_core.shell:Creating package script '/home/vijay/3d_rover/install/k12_description/share/k12_description/package.zsh'
[2.367s] Level 1:colcon.colcon_core.environment:create_file_with_runtime_dependencies(/home/vijay/3d_rover/install/k12_description/share/colcon-core/packages/k12_description)
[2.368s] DEBUG:colcon.colcon_parallel_executor.executor.parallel:closing loop
[2.368s] DEBUG:colcon.colcon_parallel_executor.executor.parallel:loop closed
[2.368s] DEBUG:colcon.colcon_parallel_executor.executor.parallel:run_until_complete finished with '0'
[2.368s] DEBUG:colcon.colcon_core.event_reactor:joining thread
[2.374s] INFO:colcon.colcon_core.plugin_system:Skipping extension 'colcon_notification.desktop_notification.terminal_notifier': Not used on non-Darwin systems
[2.374s] INFO:colcon.colcon_core.plugin_system:Skipping extension 'colcon_notification.desktop_notification.win32': Not used on non-Windows systems
[2.374s] INFO:colcon.colcon_notification.desktop_notification:Sending desktop notification using 'notify2'
[2.390s] DEBUG:colcon.colcon_core.event_reactor:joined thread
[2.390s] INFO:colcon.colcon_core.shell:Creating prefix script '/home/vijay/3d_rover/install/local_setup.ps1'
[2.392s] INFO:colcon.colcon_core.shell:Creating prefix util module '/home/vijay/3d_rover/install/_local_setup_util_ps1.py'
[2.394s] INFO:colcon.colcon_core.shell:Creating prefix chain script '/home/vijay/3d_rover/install/setup.ps1'
[2.395s] INFO:colcon.colcon_core.shell:Creating prefix script '/home/vijay/3d_rover/install/local_setup.sh'
[2.396s] INFO:colcon.colcon_core.shell:Creating prefix util module '/home/vijay/3d_rover/install/_local_setup_util_sh.py'
[2.396s] INFO:colcon.colcon_core.shell:Creating prefix chain script '/home/vijay/3d_rover/install/setup.sh'
[2.398s] INFO:colcon.colcon_core.shell:Creating prefix script '/home/vijay/3d_rover/install/local_setup.bash'
[2.400s] INFO:colcon.colcon_core.shell:Creating prefix chain script '/home/vijay/3d_rover/install/setup.bash'
[2.402s] INFO:colcon.colcon_core.shell:Creating prefix script '/home/vijay/3d_rover/install/local_setup.zsh'
[2.403s] INFO:colcon.colcon_core.shell:Creating prefix chain script '/home/vijay/3d_rover/install/setup.zsh'
