[0.006s] Invoking command in '/home/vijay/3d_rover/build/lio_sam': CMAKE_PREFIX_PATH=${CMAKE_PREFIX_PATH}:/opt/ros/humble /usr/bin/cmake /home/vijay/3d_rover/src/LIO-SAM -DCMAKE_INSTALL_PREFIX=/home/vijay/3d_rover/install/lio_sam
[0.091s] -- The C compiler identification is GNU 11.4.0
[0.162s] -- The CXX compiler identification is GNU 11.4.0
[0.168s] -- Detecting C compiler ABI info
[0.219s] -- Detecting C compiler ABI info - done
[0.226s] -- Check for working C compiler: /usr/bin/cc - skipped
[0.226s] -- Detecting C compile features
[0.227s] -- Detecting C compile features - done
[0.229s] -- Detecting CXX compiler ABI info
[0.286s] -- Detecting CXX compiler ABI info - done
[0.291s] -- Check for working CXX compiler: /usr/bin/c++ - skipped
[0.291s] -- Detecting CXX compile features
[0.291s] -- Detecting CXX compile features - done
[0.293s] -- Found ament_cmake: 1.3.12 (/opt/ros/humble/share/ament_cmake/cmake)
[0.400s] -- Found Python3: /usr/bin/python3 (found version "3.10.12") found components: Interpreter 
[0.459s] -- Found rosidl_default_generators: 1.2.0 (/opt/ros/humble/share/rosidl_default_generators/cmake)
[0.461s] -- Using all available rosidl_typesupport_c: rosidl_typesupport_fastrtps_c;rosidl_typesupport_introspection_c
[0.467s] -- Found rosidl_adapter: 3.1.7 (/opt/ros/humble/share/rosidl_adapter/cmake)
[0.498s] -- Using all available rosidl_typesupport_cpp: rosidl_typesupport_fastrtps_cpp;rosidl_typesupport_introspection_cpp
[0.522s] -- Found rclcpp: 16.0.16 (/opt/ros/humble/share/rclcpp/cmake)
[0.553s] -- Found rmw_implementation_cmake: 6.1.2 (/opt/ros/humble/share/rmw_implementation_cmake/cmake)
[0.555s] -- Found rmw_fastrtps_cpp: 6.2.9 (/opt/ros/humble/share/rmw_fastrtps_cpp/cmake)
[0.623s] -- Found OpenSSL: /usr/lib/x86_64-linux-gnu/libcrypto.so (found version "3.0.2")  
[0.647s] -- Found FastRTPS: /opt/ros/humble/include  
[0.677s] -- Using RMW implementation 'rmw_fastrtps_cpp' as default
[0.683s] -- Looking for pthread.h
[0.736s] -- Looking for pthread.h - found
[0.736s] -- Performing Test CMAKE_HAVE_LIBC_PTHREAD
[0.786s] -- Performing Test CMAKE_HAVE_LIBC_PTHREAD - Success
[0.787s] -- Found Threads: TRUE  
[0.826s] -- Found rclpy: 3.3.19 (/opt/ros/humble/share/rclpy/cmake)
[0.828s] -- Found cv_bridge: 3.2.1 (/opt/ros/humble/share/cv_bridge/cmake)
[0.856s] -- Found nav_msgs: 4.9.0 (/opt/ros/humble/share/nav_msgs/cmake)
[0.868s] -- Found visualization_msgs: 4.9.0 (/opt/ros/humble/share/visualization_msgs/cmake)
[0.881s] -- Found pcl_conversions: 2.4.5 (/opt/ros/humble/share/pcl_conversions/cmake)
[0.910s] -- Checking for module 'eigen3'
[0.920s] --   Found eigen3, version 3.4.0
[0.946s] -- Found Eigen: /usr/include/eigen3 (Required is at least version "3.1") 
[0.946s] -- Eigen found (include: /usr/include/eigen3, version: 3.4.0)
[0.978s] -- Checking for module 'flann'
[0.988s] --   Found flann, version 1.9.1
[1.018s] -- Found FLANN: /usr/lib/x86_64-linux-gnu/libflann_cpp.so  
[1.018s] -- FLANN found (include: /usr/include, lib: /usr/lib/x86_64-linux-gnu/libflann_cpp.so)
[1.753s] -- Checking for module 'libusb-1.0'
[1.765s] --   Found libusb-1.0, version 1.0.25
[1.794s] -- Found libusb: /usr/lib/x86_64-linux-gnu/libusb-1.0.so  
[1.795s] -- OpenNI found (version: 1.5.4.0, include: /usr/include/ni, lib: /usr/lib/libOpenNI.so;libusb::libusb)
[1.841s] -- OpenNI2 found (version: 2.2.0.33, include: /usr/include/openni2, lib: /usr/lib/x86_64-linux-gnu/libOpenNI2.so;libusb::libusb)
[1.943s] -- Eigen found (include: /usr/include/eigen3, version: 3.4.0)
[1.948s] -- OpenNI found (version: 1.5.4.0, include: /usr/include/ni, lib: /usr/lib/libOpenNI.so;libusb::libusb)
[1.954s] -- OpenNI2 found (version: 2.2.0.33, include: /usr/include/openni2, lib: /usr/lib/x86_64-linux-gnu/libOpenNI2.so;libusb::libusb)
[2.046s] -- Found Qhull version 8.0.2
[2.142s] -- OpenNI found (version: 1.5.4.0, include: /usr/include/ni, lib: /usr/lib/libOpenNI.so;libusb::libusb)
[2.236s] -- Found PCL_COMMON: /usr/lib/x86_64-linux-gnu/libpcl_common.so  
[2.237s] -- Found PCL_KDTREE: /usr/lib/x86_64-linux-gnu/libpcl_kdtree.so  
[2.238s] -- Found PCL_OCTREE: /usr/lib/x86_64-linux-gnu/libpcl_octree.so  
[2.238s] -- Found PCL_SEARCH: /usr/lib/x86_64-linux-gnu/libpcl_search.so  
[2.239s] -- Found PCL_SAMPLE_CONSENSUS: /usr/lib/x86_64-linux-gnu/libpcl_sample_consensus.so  
[2.239s] -- Found PCL_FILTERS: /usr/lib/x86_64-linux-gnu/libpcl_filters.so  
[2.240s] -- Found PCL_2D: /usr/include/pcl-1.12  
[2.240s] -- Found PCL_GEOMETRY: /usr/include/pcl-1.12  
[2.240s] -- Found PCL_IO: /usr/lib/x86_64-linux-gnu/libpcl_io.so  
[2.241s] -- Found PCL_FEATURES: /usr/lib/x86_64-linux-gnu/libpcl_features.so  
[2.242s] -- Found PCL_ML: /usr/lib/x86_64-linux-gnu/libpcl_ml.so  
[2.242s] -- Found PCL_SEGMENTATION: /usr/lib/x86_64-linux-gnu/libpcl_segmentation.so  
[2.244s] -- Found PCL_VISUALIZATION: /usr/lib/x86_64-linux-gnu/libpcl_visualization.so  
[2.244s] -- Found PCL_SURFACE: /usr/lib/x86_64-linux-gnu/libpcl_surface.so  
[2.245s] -- Found PCL_REGISTRATION: /usr/lib/x86_64-linux-gnu/libpcl_registration.so  
[2.246s] -- Found PCL_KEYPOINTS: /usr/lib/x86_64-linux-gnu/libpcl_keypoints.so  
[2.246s] -- Found PCL_TRACKING: /usr/lib/x86_64-linux-gnu/libpcl_tracking.so  
[2.247s] -- Found PCL_RECOGNITION: /usr/lib/x86_64-linux-gnu/libpcl_recognition.so  
[2.248s] -- Found PCL_STEREO: /usr/lib/x86_64-linux-gnu/libpcl_stereo.so  
[2.248s] -- Found PCL_APPS: /usr/lib/x86_64-linux-gnu/libpcl_apps.so  
[2.249s] -- Found PCL_IN_HAND_SCANNER: /usr/include/pcl-1.12  
[2.249s] -- Found PCL_MODELER: /usr/include/pcl-1.12  
[2.249s] -- Found PCL_POINT_CLOUD_EDITOR: /usr/include/pcl-1.12  
[2.250s] -- Found PCL_OUTOFCORE: /usr/lib/x86_64-linux-gnu/libpcl_outofcore.so  
[2.251s] -- Found PCL_PEOPLE: /usr/lib/x86_64-linux-gnu/libpcl_people.so  
[2.253s] -- Found tf2: 0.25.17 (/opt/ros/humble/share/tf2/cmake)
[2.261s] -- Found tf2_geometry_msgs: 0.25.17 (/opt/ros/humble/share/tf2_geometry_msgs/cmake)
[2.272s] -- Found eigen3_cmake_module: 0.1.1 (/opt/ros/humble/share/eigen3_cmake_module/cmake)
[2.273s] -- Found Eigen3: TRUE (found version "3.4.0") 
[2.273s] -- Ensuring Eigen3 include directory is part of orocos-kdl CMake target
[2.327s] -- Found tf2_sensor_msgs: 0.25.17 (/opt/ros/humble/share/tf2_sensor_msgs/cmake)
[2.331s] -- Found tf2_eigen: 0.25.17 (/opt/ros/humble/share/tf2_eigen/cmake)
[2.335s] -- Found OpenCV: /usr (found version "4.5.4") 
[2.335s] [33mCMake Warning (dev) at CMakeLists.txt:29 (find_package):
[2.335s]   Policy CMP0074 is not set: find_package uses <PackageName>_ROOT variables.
[2.335s]   Run "cmake --help-policy CMP0074" for policy details.  Use the cmake_policy
[2.335s]   command to set the policy and suppress this warning.
[2.335s] 
[2.335s]   CMake variable PCL_ROOT is set to:
[2.335s] 
[2.335s]     /usr
[2.335s] 
[2.335s]   For compatibility, CMake is ignoring the variable.
[2.336s] This warning is for project developers.  Use -Wno-dev to suppress it.
[2.336s] [0m
[2.361s] -- Found Boost: /usr/lib/x86_64-linux-gnu/cmake/Boost-1.74.0/BoostConfig.cmake (found suitable version "1.74.0", minimum required is "1.65") found components: serialization system filesystem thread program_options date_time timer chrono regex 
[2.363s] -- GTSAM include directory:  /opt/ros/humble/lib/cmake/GTSAM/../../../include
[2.369s] -- Found Eigen: /usr/include/eigen3  
[2.369s] -- Eigen found (include: /usr/include/eigen3, version: 3.4.0)
[2.562s] -- Found OpenMP_C: -fopenmp (found version "4.5") 
[2.634s] -- Found OpenMP_CXX: -fopenmp (found version "4.5") 
[2.634s] -- Found OpenMP: TRUE (found version "4.5")  
[2.833s] -- Found ament_cmake_ros: 0.10.0 (/opt/ros/humble/share/ament_cmake_ros/cmake)
[3.027s] -- Using all available rosidl_typesupport_c: rosidl_typesupport_fastrtps_c;rosidl_typesupport_introspection_c
[3.259s] -- Using all available rosidl_typesupport_cpp: rosidl_typesupport_fastrtps_cpp;rosidl_typesupport_introspection_cpp
[3.273s] -- Found PythonInterp: /usr/bin/python3 (found suitable version "3.10.12", minimum required is "3.6") 
[3.275s] -- Found python_cmake_module: 0.10.0 (/opt/ros/humble/share/python_cmake_module/cmake)
[3.292s] -- Found PythonLibs: /usr/lib/x86_64-linux-gnu/libpython3.10.so (found suitable version "3.10.12", minimum required is "3.5") 
[3.293s] -- Using PYTHON_EXECUTABLE: /usr/bin/python3
[3.293s] -- Using PYTHON_INCLUDE_DIRS: /usr/include/python3.10
[3.293s] -- Using PYTHON_LIBRARIES: /usr/lib/x86_64-linux-gnu/libpython3.10.so
[3.310s] -- Found PythonExtra: .so  
[3.397s] -- Found ament_lint_auto: 0.12.14 (/opt/ros/humble/share/ament_lint_auto/cmake)
[3.413s] -- Added test 'copyright' to check source files copyright and LICENSE
[3.416s] -- Added test 'cppcheck' to perform static code analysis on C / C++ code
[3.417s] -- Configured cppcheck include dirs: /home/vijay/3d_rover/src/LIO-SAM/include/lio_sam
[3.417s] -- Configured cppcheck exclude dirs and/or files: 
[3.419s] -- Added test 'cpplint' to check C / C++ code against the Google style
[3.419s] -- Configured cpplint exclude dirs and/or files: 
[3.419s] -- Added test 'flake8' to check Python code syntax and style conventions
[3.420s] -- Added test 'lint_cmake' to check CMake code style
[3.420s] -- Added test 'pep257' to check Python code against some of the docstring style conventions in PEP 257
[3.422s] -- Added test 'uncrustify' to check C / C++ code style
[3.422s] -- Configured uncrustify additional arguments: 
[3.422s] -- Added test 'xmllint' to check XML markup files
[3.424s] -- Configuring done
[3.515s] -- Generating done
[3.539s] -- Build files have been written to: /home/vijay/3d_rover/build/lio_sam
[3.557s] Invoked command in '/home/vijay/3d_rover/build/lio_sam' returned '0': CMAKE_PREFIX_PATH=${CMAKE_PREFIX_PATH}:/opt/ros/humble /usr/bin/cmake /home/vijay/3d_rover/src/LIO-SAM -DCMAKE_INSTALL_PREFIX=/home/vijay/3d_rover/install/lio_sam
[3.558s] Invoking command in '/home/vijay/3d_rover/build/lio_sam': CMAKE_PREFIX_PATH=${CMAKE_PREFIX_PATH}:/opt/ros/humble /usr/bin/cmake --build /home/vijay/3d_rover/build/lio_sam -- -j12 -l12
[3.589s] [  2%] [34m[1mGenerating C code for ROS interfaces[0m
[3.598s] [  4%] [34m[1mGenerating C++ code for ROS interfaces[0m
[3.602s] [  4%] Built target ament_cmake_python_copy_lio_sam
[3.747s] running egg_info
[3.747s] creating lio_sam.egg-info
[3.748s] writing lio_sam.egg-info/PKG-INFO
[3.748s] writing dependency_links to lio_sam.egg-info/dependency_links.txt
[3.748s] writing top-level names to lio_sam.egg-info/top_level.txt
[3.748s] writing manifest file 'lio_sam.egg-info/SOURCES.txt'
[3.750s] reading manifest file 'lio_sam.egg-info/SOURCES.txt'
[3.750s] writing manifest file 'lio_sam.egg-info/SOURCES.txt'
[3.770s] [  4%] Built target ament_cmake_python_build_lio_sam_egg
[3.842s] [  8%] [32mBuilding C object CMakeFiles/lio_sam__rosidl_generator_c.dir/rosidl_generator_c/lio_sam/msg/detail/cloud_info__functions.c.o[0m
[3.842s] [  8%] [32mBuilding C object CMakeFiles/lio_sam__rosidl_generator_c.dir/rosidl_generator_c/lio_sam/srv/detail/save_map__functions.c.o[0m
[3.846s] [  8%] Built target lio_sam__cpp
[3.853s] [ 12%] [34m[1mGenerating C++ type support dispatch for ROS interfaces[0m
[3.853s] [ 12%] [34m[1mGenerating C++ introspection for ROS interfaces[0m
[3.855s] [ 14%] [34m[1mGenerating C++ type support for eProsima Fast-RTPS[0m
[3.949s] [ 17%] [32m[1mLinking C shared library liblio_sam__rosidl_generator_c.so[0m
[3.981s] [ 17%] Built target lio_sam__rosidl_generator_c
[3.988s] [ 21%] [34m[1mGenerating C type support for eProsima Fast-RTPS[0m
[3.988s] [ 21%] [34m[1mGenerating C introspection for ROS interfaces[0m
[3.989s] [ 23%] [34m[1mGenerating C type support dispatch for ROS interfaces[0m
[4.077s] [ 27%] [32mBuilding CXX object CMakeFiles/lio_sam__rosidl_typesupport_cpp.dir/rosidl_typesupport_cpp/lio_sam/msg/cloud_info__type_support.cpp.o[0m
[4.077s] [ 27%] [32mBuilding CXX object CMakeFiles/lio_sam__rosidl_typesupport_cpp.dir/rosidl_typesupport_cpp/lio_sam/srv/save_map__type_support.cpp.o[0m
[4.097s] [ 31%] [32mBuilding CXX object CMakeFiles/lio_sam__rosidl_typesupport_introspection_cpp.dir/rosidl_typesupport_introspection_cpp/lio_sam/msg/detail/cloud_info__type_support.cpp.o[0m
[4.097s] [ 31%] [32mBuilding CXX object CMakeFiles/lio_sam__rosidl_typesupport_introspection_cpp.dir/rosidl_typesupport_introspection_cpp/lio_sam/srv/detail/save_map__type_support.cpp.o[0m
[4.231s] [ 34%] [32mBuilding CXX object CMakeFiles/lio_sam__rosidl_typesupport_fastrtps_cpp.dir/rosidl_typesupport_fastrtps_cpp/lio_sam/srv/detail/dds_fastrtps/save_map__type_support.cpp.o[0m
[4.232s] [ 36%] [32mBuilding CXX object CMakeFiles/lio_sam__rosidl_typesupport_fastrtps_cpp.dir/rosidl_typesupport_fastrtps_cpp/lio_sam/msg/detail/dds_fastrtps/cloud_info__type_support.cpp.o[0m
[4.247s] [ 38%] [32mBuilding CXX object CMakeFiles/lio_sam__rosidl_typesupport_c.dir/rosidl_typesupport_c/lio_sam/srv/save_map__type_support.cpp.o[0m
[4.247s] [ 40%] [32mBuilding CXX object CMakeFiles/lio_sam__rosidl_typesupport_c.dir/rosidl_typesupport_c/lio_sam/msg/cloud_info__type_support.cpp.o[0m
[4.250s] [ 42%] [32mBuilding C object CMakeFiles/lio_sam__rosidl_typesupport_introspection_c.dir/rosidl_typesupport_introspection_c/lio_sam/msg/detail/cloud_info__type_support.c.o[0m
[4.256s] [ 44%] [32mBuilding C object CMakeFiles/lio_sam__rosidl_typesupport_introspection_c.dir/rosidl_typesupport_introspection_c/lio_sam/srv/detail/save_map__type_support.c.o[0m
[4.268s] [ 46%] [32mBuilding CXX object CMakeFiles/lio_sam__rosidl_typesupport_fastrtps_c.dir/rosidl_typesupport_fastrtps_c/lio_sam/srv/detail/save_map__type_support_c.cpp.o[0m
[4.272s] [ 48%] [32mBuilding CXX object CMakeFiles/lio_sam__rosidl_typesupport_fastrtps_c.dir/rosidl_typesupport_fastrtps_c/lio_sam/msg/detail/cloud_info__type_support_c.cpp.o[0m
[4.292s] [ 51%] [32m[1mLinking CXX shared library liblio_sam__rosidl_typesupport_c.so[0m
[4.328s] [ 53%] [32m[1mLinking C shared library liblio_sam__rosidl_typesupport_introspection_c.so[0m
[4.337s] [ 53%] Built target lio_sam__rosidl_typesupport_c
[4.364s] [ 53%] Built target lio_sam__rosidl_typesupport_introspection_c
[4.364s] [ 55%] [32m[1mLinking CXX shared library liblio_sam__rosidl_typesupport_cpp.so[0m
[4.409s] [ 55%] Built target lio_sam__rosidl_typesupport_cpp
[4.434s] [ 63%] [32mBuilding CXX object CMakeFiles/lio_sam_mapOptimization.dir/src/mapOptmization.cpp.o[0m
[4.434s] [ 63%] [32mBuilding CXX object CMakeFiles/lio_sam_imageProjection.dir/src/imageProjection.cpp.o[0m
[4.434s] [ 63%] [32mBuilding CXX object CMakeFiles/lio_sam_featureExtraction.dir/src/featureExtraction.cpp.o[0m
[4.434s] [ 63%] [32mBuilding CXX object CMakeFiles/lio_sam_imuPreintegration.dir/src/imuPreintegration.cpp.o[0m
[4.583s] [ 65%] [32m[1mLinking CXX shared library liblio_sam__rosidl_typesupport_fastrtps_c.so[0m
[4.652s] [ 65%] Built target lio_sam__rosidl_typesupport_fastrtps_c
[4.659s] [ 68%] [32m[1mLinking CXX shared library liblio_sam__rosidl_typesupport_fastrtps_cpp.so[0m
[4.713s] [ 70%] [32m[1mLinking CXX shared library liblio_sam__rosidl_typesupport_introspection_cpp.so[0m
[4.713s] [ 70%] Built target lio_sam__rosidl_typesupport_fastrtps_cpp
[4.768s] [ 70%] Built target lio_sam__rosidl_typesupport_introspection_cpp
[4.783s] [ 70%] Built target lio_sam
[4.800s] [ 72%] [34m[1mGenerating Python code for ROS interfaces[0m
[5.197s] [ 72%] Built target lio_sam__py
[5.216s] [ 76%] [32mBuilding C object CMakeFiles/lio_sam__rosidl_generator_py.dir/rosidl_generator_py/lio_sam/msg/_cloud_info_s.c.o[0m
[5.216s] [ 76%] [32mBuilding C object CMakeFiles/lio_sam__rosidl_generator_py.dir/rosidl_generator_py/lio_sam/srv/_save_map_s.c.o[0m
[5.469s] [ 78%] [32m[1mLinking C shared library rosidl_generator_py/lio_sam/liblio_sam__rosidl_generator_py.so[0m
[5.508s] [ 78%] Built target lio_sam__rosidl_generator_py
[5.523s] [ 82%] [32mBuilding C object CMakeFiles/lio_sam__rosidl_typesupport_introspection_c__pyext.dir/rosidl_generator_py/lio_sam/_lio_sam_s.ep.rosidl_typesupport_introspection_c.c.o[0m
[5.523s] [ 82%] [32mBuilding C object CMakeFiles/lio_sam__rosidl_typesupport_fastrtps_c__pyext.dir/rosidl_generator_py/lio_sam/_lio_sam_s.ep.rosidl_typesupport_fastrtps_c.c.o[0m
[5.528s] [ 85%] [32mBuilding C object CMakeFiles/lio_sam__rosidl_typesupport_c__pyext.dir/rosidl_generator_py/lio_sam/_lio_sam_s.ep.rosidl_typesupport_c.c.o[0m
[5.615s] [ 87%] [32m[1mLinking C shared library rosidl_generator_py/lio_sam/lio_sam_s__rosidl_typesupport_fastrtps_c.cpython-310-x86_64-linux-gnu.so[0m
[5.619s] [ 89%] [32m[1mLinking C shared library rosidl_generator_py/lio_sam/lio_sam_s__rosidl_typesupport_introspection_c.cpython-310-x86_64-linux-gnu.so[0m
[5.643s] [ 89%] Built target lio_sam__rosidl_typesupport_fastrtps_c__pyext
[5.652s] [ 89%] Built target lio_sam__rosidl_typesupport_introspection_c__pyext
[5.670s] [ 91%] [32m[1mLinking C shared library rosidl_generator_py/lio_sam/lio_sam_s__rosidl_typesupport_c.cpython-310-x86_64-linux-gnu.so[0m
[5.702s] [ 91%] Built target lio_sam__rosidl_typesupport_c__pyext
[22.214s] [ 93%] [32m[1mLinking CXX executable lio_sam_featureExtraction[0m
[22.766s] [ 93%] Built target lio_sam_featureExtraction
[27.080s] [ 95%] [32m[1mLinking CXX executable lio_sam_imageProjection[0m
[27.461s] [ 95%] Built target lio_sam_imageProjection
[32.181s] [ 97%] [32m[1mLinking CXX executable lio_sam_imuPreintegration[0m
[32.694s] [ 97%] Built target lio_sam_imuPreintegration
[52.404s] [100%] [32m[1mLinking CXX executable lio_sam_mapOptimization[0m
[52.783s] /usr/bin/ld: warning: libtbb.so.2, needed by /usr/lib/x86_64-linux-gnu/libopencv_core.so.4.5.4d, may conflict with libtbb.so.12
[52.934s] [100%] Built target lio_sam_mapOptimization
[52.945s] Invoked command in '/home/vijay/3d_rover/build/lio_sam' returned '0': CMAKE_PREFIX_PATH=${CMAKE_PREFIX_PATH}:/opt/ros/humble /usr/bin/cmake --build /home/vijay/3d_rover/build/lio_sam -- -j12 -l12
[52.946s] Invoking command in '/home/vijay/3d_rover/build/lio_sam': CMAKE_PREFIX_PATH=${CMAKE_PREFIX_PATH}:/opt/ros/humble /usr/bin/cmake --install /home/vijay/3d_rover/build/lio_sam
[52.952s] -- Install configuration: "Release"
[52.952s] -- Installing: /home/vijay/3d_rover/install/lio_sam/share/ament_index/resource_index/rosidl_interfaces/lio_sam
[52.952s] -- Installing: /home/vijay/3d_rover/install/lio_sam/include/lio_sam/lio_sam
[52.952s] -- Installing: /home/vijay/3d_rover/install/lio_sam/include/lio_sam/lio_sam/srv
[52.952s] -- Installing: /home/vijay/3d_rover/install/lio_sam/include/lio_sam/lio_sam/srv/save_map.h
[52.953s] -- Installing: /home/vijay/3d_rover/install/lio_sam/include/lio_sam/lio_sam/srv/detail
[52.953s] -- Installing: /home/vijay/3d_rover/install/lio_sam/include/lio_sam/lio_sam/srv/detail/save_map__functions.h
[52.953s] -- Installing: /home/vijay/3d_rover/install/lio_sam/include/lio_sam/lio_sam/srv/detail/save_map__type_support.h
[52.953s] -- Installing: /home/vijay/3d_rover/install/lio_sam/include/lio_sam/lio_sam/srv/detail/save_map__functions.c
[52.953s] -- Installing: /home/vijay/3d_rover/install/lio_sam/include/lio_sam/lio_sam/srv/detail/save_map__struct.h
[52.953s] -- Installing: /home/vijay/3d_rover/install/lio_sam/include/lio_sam/lio_sam/msg
[52.953s] -- Installing: /home/vijay/3d_rover/install/lio_sam/include/lio_sam/lio_sam/msg/rosidl_generator_c__visibility_control.h
[52.953s] -- Installing: /home/vijay/3d_rover/install/lio_sam/include/lio_sam/lio_sam/msg/detail
[52.953s] -- Installing: /home/vijay/3d_rover/install/lio_sam/include/lio_sam/lio_sam/msg/detail/cloud_info__struct.h
[52.953s] -- Installing: /home/vijay/3d_rover/install/lio_sam/include/lio_sam/lio_sam/msg/detail/cloud_info__type_support.h
[52.953s] -- Installing: /home/vijay/3d_rover/install/lio_sam/include/lio_sam/lio_sam/msg/detail/cloud_info__functions.h
[52.953s] -- Installing: /home/vijay/3d_rover/install/lio_sam/include/lio_sam/lio_sam/msg/detail/cloud_info__functions.c
[52.953s] -- Installing: /home/vijay/3d_rover/install/lio_sam/include/lio_sam/lio_sam/msg/cloud_info.h
[52.954s] -- Installing: /home/vijay/3d_rover/install/lio_sam/share/lio_sam/environment/library_path.sh
[52.954s] -- Installing: /home/vijay/3d_rover/install/lio_sam/share/lio_sam/environment/library_path.dsv
[52.954s] -- Installing: /home/vijay/3d_rover/install/lio_sam/lib/liblio_sam__rosidl_generator_c.so
[52.954s] -- Set runtime path of "/home/vijay/3d_rover/install/lio_sam/lib/liblio_sam__rosidl_generator_c.so" to ""
[52.954s] -- Up-to-date: /home/vijay/3d_rover/install/lio_sam/include/lio_sam/lio_sam
[52.954s] -- Up-to-date: /home/vijay/3d_rover/install/lio_sam/include/lio_sam/lio_sam/srv
[52.954s] -- Up-to-date: /home/vijay/3d_rover/install/lio_sam/include/lio_sam/lio_sam/srv/detail
[52.954s] -- Installing: /home/vijay/3d_rover/install/lio_sam/include/lio_sam/lio_sam/srv/detail/save_map__rosidl_typesupport_fastrtps_c.h
[52.954s] -- Up-to-date: /home/vijay/3d_rover/install/lio_sam/include/lio_sam/lio_sam/msg
[52.954s] -- Up-to-date: /home/vijay/3d_rover/install/lio_sam/include/lio_sam/lio_sam/msg/detail
[52.954s] -- Installing: /home/vijay/3d_rover/install/lio_sam/include/lio_sam/lio_sam/msg/detail/cloud_info__rosidl_typesupport_fastrtps_c.h
[52.955s] -- Installing: /home/vijay/3d_rover/install/lio_sam/include/lio_sam/lio_sam/msg/rosidl_typesupport_fastrtps_c__visibility_control.h
[52.955s] -- Installing: /home/vijay/3d_rover/install/lio_sam/lib/liblio_sam__rosidl_typesupport_fastrtps_c.so
[52.955s] -- Set runtime path of "/home/vijay/3d_rover/install/lio_sam/lib/liblio_sam__rosidl_typesupport_fastrtps_c.so" to ""
[52.955s] -- Up-to-date: /home/vijay/3d_rover/install/lio_sam/include/lio_sam/lio_sam
[52.955s] -- Up-to-date: /home/vijay/3d_rover/install/lio_sam/include/lio_sam/lio_sam/srv
[52.955s] -- Up-to-date: /home/vijay/3d_rover/install/lio_sam/include/lio_sam/lio_sam/srv/detail
[52.955s] -- Installing: /home/vijay/3d_rover/install/lio_sam/include/lio_sam/lio_sam/srv/detail/save_map__type_support.c
[52.955s] -- Installing: /home/vijay/3d_rover/install/lio_sam/include/lio_sam/lio_sam/srv/detail/save_map__rosidl_typesupport_introspection_c.h
[52.955s] -- Up-to-date: /home/vijay/3d_rover/install/lio_sam/include/lio_sam/lio_sam/msg
[52.955s] -- Installing: /home/vijay/3d_rover/install/lio_sam/include/lio_sam/lio_sam/msg/rosidl_typesupport_introspection_c__visibility_control.h
[52.955s] -- Up-to-date: /home/vijay/3d_rover/install/lio_sam/include/lio_sam/lio_sam/msg/detail
[52.955s] -- Installing: /home/vijay/3d_rover/install/lio_sam/include/lio_sam/lio_sam/msg/detail/cloud_info__rosidl_typesupport_introspection_c.h
[52.955s] -- Installing: /home/vijay/3d_rover/install/lio_sam/include/lio_sam/lio_sam/msg/detail/cloud_info__type_support.c
[52.955s] -- Installing: /home/vijay/3d_rover/install/lio_sam/lib/liblio_sam__rosidl_typesupport_introspection_c.so
[52.955s] -- Set runtime path of "/home/vijay/3d_rover/install/lio_sam/lib/liblio_sam__rosidl_typesupport_introspection_c.so" to ""
[52.955s] -- Installing: /home/vijay/3d_rover/install/lio_sam/lib/liblio_sam__rosidl_typesupport_c.so
[52.955s] -- Set runtime path of "/home/vijay/3d_rover/install/lio_sam/lib/liblio_sam__rosidl_typesupport_c.so" to ""
[52.955s] -- Up-to-date: /home/vijay/3d_rover/install/lio_sam/include/lio_sam/lio_sam
[52.955s] -- Up-to-date: /home/vijay/3d_rover/install/lio_sam/include/lio_sam/lio_sam/srv
[52.955s] -- Installing: /home/vijay/3d_rover/install/lio_sam/include/lio_sam/lio_sam/srv/save_map.hpp
[52.955s] -- Up-to-date: /home/vijay/3d_rover/install/lio_sam/include/lio_sam/lio_sam/srv/detail
[52.955s] -- Installing: /home/vijay/3d_rover/install/lio_sam/include/lio_sam/lio_sam/srv/detail/save_map__struct.hpp
[52.955s] -- Installing: /home/vijay/3d_rover/install/lio_sam/include/lio_sam/lio_sam/srv/detail/save_map__builder.hpp
[52.956s] -- Installing: /home/vijay/3d_rover/install/lio_sam/include/lio_sam/lio_sam/srv/detail/save_map__type_support.hpp
[52.956s] -- Installing: /home/vijay/3d_rover/install/lio_sam/include/lio_sam/lio_sam/srv/detail/save_map__traits.hpp
[52.956s] -- Up-to-date: /home/vijay/3d_rover/install/lio_sam/include/lio_sam/lio_sam/msg
[52.956s] -- Up-to-date: /home/vijay/3d_rover/install/lio_sam/include/lio_sam/lio_sam/msg/detail
[52.956s] -- Installing: /home/vijay/3d_rover/install/lio_sam/include/lio_sam/lio_sam/msg/detail/cloud_info__builder.hpp
[52.956s] -- Installing: /home/vijay/3d_rover/install/lio_sam/include/lio_sam/lio_sam/msg/detail/cloud_info__type_support.hpp
[52.956s] -- Installing: /home/vijay/3d_rover/install/lio_sam/include/lio_sam/lio_sam/msg/detail/cloud_info__traits.hpp
[52.956s] -- Installing: /home/vijay/3d_rover/install/lio_sam/include/lio_sam/lio_sam/msg/detail/cloud_info__struct.hpp
[52.956s] -- Installing: /home/vijay/3d_rover/install/lio_sam/include/lio_sam/lio_sam/msg/cloud_info.hpp
[52.956s] -- Installing: /home/vijay/3d_rover/install/lio_sam/include/lio_sam/lio_sam/msg/rosidl_generator_cpp__visibility_control.hpp
[52.956s] -- Up-to-date: /home/vijay/3d_rover/install/lio_sam/include/lio_sam/lio_sam
[52.956s] -- Up-to-date: /home/vijay/3d_rover/install/lio_sam/include/lio_sam/lio_sam/srv
[52.956s] -- Up-to-date: /home/vijay/3d_rover/install/lio_sam/include/lio_sam/lio_sam/srv/detail
[52.956s] -- Installing: /home/vijay/3d_rover/install/lio_sam/include/lio_sam/lio_sam/srv/detail/save_map__rosidl_typesupport_fastrtps_cpp.hpp
[52.956s] -- Installing: /home/vijay/3d_rover/install/lio_sam/include/lio_sam/lio_sam/srv/detail/dds_fastrtps
[52.956s] -- Up-to-date: /home/vijay/3d_rover/install/lio_sam/include/lio_sam/lio_sam/msg
[52.956s] -- Installing: /home/vijay/3d_rover/install/lio_sam/include/lio_sam/lio_sam/msg/rosidl_typesupport_fastrtps_cpp__visibility_control.h
[52.956s] -- Up-to-date: /home/vijay/3d_rover/install/lio_sam/include/lio_sam/lio_sam/msg/detail
[52.956s] -- Installing: /home/vijay/3d_rover/install/lio_sam/include/lio_sam/lio_sam/msg/detail/cloud_info__rosidl_typesupport_fastrtps_cpp.hpp
[52.956s] -- Installing: /home/vijay/3d_rover/install/lio_sam/include/lio_sam/lio_sam/msg/detail/dds_fastrtps
[52.956s] -- Installing: /home/vijay/3d_rover/install/lio_sam/lib/liblio_sam__rosidl_typesupport_fastrtps_cpp.so
[52.956s] -- Set runtime path of "/home/vijay/3d_rover/install/lio_sam/lib/liblio_sam__rosidl_typesupport_fastrtps_cpp.so" to ""
[52.956s] -- Up-to-date: /home/vijay/3d_rover/install/lio_sam/include/lio_sam/lio_sam
[52.956s] -- Up-to-date: /home/vijay/3d_rover/install/lio_sam/include/lio_sam/lio_sam/srv
[52.956s] -- Up-to-date: /home/vijay/3d_rover/install/lio_sam/include/lio_sam/lio_sam/srv/detail
[52.956s] -- Installing: /home/vijay/3d_rover/install/lio_sam/include/lio_sam/lio_sam/srv/detail/save_map__rosidl_typesupport_introspection_cpp.hpp
[52.956s] -- Installing: /home/vijay/3d_rover/install/lio_sam/include/lio_sam/lio_sam/srv/detail/save_map__type_support.cpp
[52.956s] -- Up-to-date: /home/vijay/3d_rover/install/lio_sam/include/lio_sam/lio_sam/msg
[52.956s] -- Up-to-date: /home/vijay/3d_rover/install/lio_sam/include/lio_sam/lio_sam/msg/detail
[52.956s] -- Installing: /home/vijay/3d_rover/install/lio_sam/include/lio_sam/lio_sam/msg/detail/cloud_info__type_support.cpp
[52.956s] -- Installing: /home/vijay/3d_rover/install/lio_sam/include/lio_sam/lio_sam/msg/detail/cloud_info__rosidl_typesupport_introspection_cpp.hpp
[52.956s] -- Installing: /home/vijay/3d_rover/install/lio_sam/lib/liblio_sam__rosidl_typesupport_introspection_cpp.so
[52.956s] -- Set runtime path of "/home/vijay/3d_rover/install/lio_sam/lib/liblio_sam__rosidl_typesupport_introspection_cpp.so" to ""
[52.957s] -- Installing: /home/vijay/3d_rover/install/lio_sam/lib/liblio_sam__rosidl_typesupport_cpp.so
[52.957s] -- Set runtime path of "/home/vijay/3d_rover/install/lio_sam/lib/liblio_sam__rosidl_typesupport_cpp.so" to ""
[52.957s] -- Installing: /home/vijay/3d_rover/install/lio_sam/share/lio_sam/environment/pythonpath.sh
[52.957s] -- Installing: /home/vijay/3d_rover/install/lio_sam/share/lio_sam/environment/pythonpath.dsv
[52.957s] -- Installing: /home/vijay/3d_rover/install/lio_sam/local/lib/python3.10/dist-packages/lio_sam-1.0.0-py3.10.egg-info
[52.957s] -- Installing: /home/vijay/3d_rover/install/lio_sam/local/lib/python3.10/dist-packages/lio_sam-1.0.0-py3.10.egg-info/top_level.txt
[52.957s] -- Installing: /home/vijay/3d_rover/install/lio_sam/local/lib/python3.10/dist-packages/lio_sam-1.0.0-py3.10.egg-info/dependency_links.txt
[52.957s] -- Installing: /home/vijay/3d_rover/install/lio_sam/local/lib/python3.10/dist-packages/lio_sam-1.0.0-py3.10.egg-info/PKG-INFO
[52.957s] -- Installing: /home/vijay/3d_rover/install/lio_sam/local/lib/python3.10/dist-packages/lio_sam-1.0.0-py3.10.egg-info/SOURCES.txt
[52.957s] -- Installing: /home/vijay/3d_rover/install/lio_sam/local/lib/python3.10/dist-packages/lio_sam
[52.957s] -- Installing: /home/vijay/3d_rover/install/lio_sam/local/lib/python3.10/dist-packages/lio_sam/srv
[52.957s] -- Installing: /home/vijay/3d_rover/install/lio_sam/local/lib/python3.10/dist-packages/lio_sam/srv/_save_map_s.c
[52.957s] -- Installing: /home/vijay/3d_rover/install/lio_sam/local/lib/python3.10/dist-packages/lio_sam/srv/_save_map.py
[52.957s] -- Installing: /home/vijay/3d_rover/install/lio_sam/local/lib/python3.10/dist-packages/lio_sam/srv/__init__.py
[52.957s] -- Installing: /home/vijay/3d_rover/install/lio_sam/local/lib/python3.10/dist-packages/lio_sam/lio_sam_s__rosidl_typesupport_c.cpython-310-x86_64-linux-gnu.so
[52.957s] -- Installing: /home/vijay/3d_rover/install/lio_sam/local/lib/python3.10/dist-packages/lio_sam/_lio_sam_s.ep.rosidl_typesupport_fastrtps_c.c
[52.957s] -- Installing: /home/vijay/3d_rover/install/lio_sam/local/lib/python3.10/dist-packages/lio_sam/_lio_sam_s.ep.rosidl_typesupport_introspection_c.c
[52.957s] -- Installing: /home/vijay/3d_rover/install/lio_sam/local/lib/python3.10/dist-packages/lio_sam/lio_sam_s__rosidl_typesupport_fastrtps_c.cpython-310-x86_64-linux-gnu.so
[52.957s] -- Installing: /home/vijay/3d_rover/install/lio_sam/local/lib/python3.10/dist-packages/lio_sam/liblio_sam__rosidl_generator_py.so
[52.957s] -- Installing: /home/vijay/3d_rover/install/lio_sam/local/lib/python3.10/dist-packages/lio_sam/_lio_sam_s.ep.rosidl_typesupport_c.c
[52.957s] -- Installing: /home/vijay/3d_rover/install/lio_sam/local/lib/python3.10/dist-packages/lio_sam/lio_sam_s__rosidl_typesupport_introspection_c.cpython-310-x86_64-linux-gnu.so
[52.957s] -- Installing: /home/vijay/3d_rover/install/lio_sam/local/lib/python3.10/dist-packages/lio_sam/__init__.py
[52.957s] -- Installing: /home/vijay/3d_rover/install/lio_sam/local/lib/python3.10/dist-packages/lio_sam/msg
[52.957s] -- Installing: /home/vijay/3d_rover/install/lio_sam/local/lib/python3.10/dist-packages/lio_sam/msg/_cloud_info_s.c
[52.957s] -- Installing: /home/vijay/3d_rover/install/lio_sam/local/lib/python3.10/dist-packages/lio_sam/msg/_cloud_info.py
[52.957s] -- Installing: /home/vijay/3d_rover/install/lio_sam/local/lib/python3.10/dist-packages/lio_sam/msg/__init__.py
[52.986s] Listing '/home/vijay/3d_rover/install/lio_sam/local/lib/python3.10/dist-packages/lio_sam'...
[52.986s] Compiling '/home/vijay/3d_rover/install/lio_sam/local/lib/python3.10/dist-packages/lio_sam/__init__.py'...
[52.986s] Listing '/home/vijay/3d_rover/install/lio_sam/local/lib/python3.10/dist-packages/lio_sam/msg'...
[52.986s] Compiling '/home/vijay/3d_rover/install/lio_sam/local/lib/python3.10/dist-packages/lio_sam/msg/__init__.py'...
[52.986s] Compiling '/home/vijay/3d_rover/install/lio_sam/local/lib/python3.10/dist-packages/lio_sam/msg/_cloud_info.py'...
[52.986s] Listing '/home/vijay/3d_rover/install/lio_sam/local/lib/python3.10/dist-packages/lio_sam/srv'...
[52.986s] Compiling '/home/vijay/3d_rover/install/lio_sam/local/lib/python3.10/dist-packages/lio_sam/srv/__init__.py'...
[52.986s] Compiling '/home/vijay/3d_rover/install/lio_sam/local/lib/python3.10/dist-packages/lio_sam/srv/_save_map.py'...
[52.989s] -- Installing: /home/vijay/3d_rover/install/lio_sam/local/lib/python3.10/dist-packages/lio_sam/lio_sam_s__rosidl_typesupport_fastrtps_c.cpython-310-x86_64-linux-gnu.so
[52.989s] -- Set runtime path of "/home/vijay/3d_rover/install/lio_sam/local/lib/python3.10/dist-packages/lio_sam/lio_sam_s__rosidl_typesupport_fastrtps_c.cpython-310-x86_64-linux-gnu.so" to ""
[52.989s] -- Installing: /home/vijay/3d_rover/install/lio_sam/local/lib/python3.10/dist-packages/lio_sam/lio_sam_s__rosidl_typesupport_introspection_c.cpython-310-x86_64-linux-gnu.so
[52.989s] -- Set runtime path of "/home/vijay/3d_rover/install/lio_sam/local/lib/python3.10/dist-packages/lio_sam/lio_sam_s__rosidl_typesupport_introspection_c.cpython-310-x86_64-linux-gnu.so" to ""
[52.990s] -- Installing: /home/vijay/3d_rover/install/lio_sam/local/lib/python3.10/dist-packages/lio_sam/lio_sam_s__rosidl_typesupport_c.cpython-310-x86_64-linux-gnu.so
[52.990s] -- Set runtime path of "/home/vijay/3d_rover/install/lio_sam/local/lib/python3.10/dist-packages/lio_sam/lio_sam_s__rosidl_typesupport_c.cpython-310-x86_64-linux-gnu.so" to ""
[52.990s] -- Installing: /home/vijay/3d_rover/install/lio_sam/lib/liblio_sam__rosidl_generator_py.so
[52.990s] -- Set runtime path of "/home/vijay/3d_rover/install/lio_sam/lib/liblio_sam__rosidl_generator_py.so" to ""
[52.990s] -- Installing: /home/vijay/3d_rover/install/lio_sam/share/lio_sam/msg/CloudInfo.idl
[52.990s] -- Installing: /home/vijay/3d_rover/install/lio_sam/share/lio_sam/srv/SaveMap.idl
[52.990s] -- Installing: /home/vijay/3d_rover/install/lio_sam/share/lio_sam/msg/CloudInfo.msg
[52.990s] -- Installing: /home/vijay/3d_rover/install/lio_sam/share/lio_sam/srv/SaveMap.srv
[52.990s] -- Installing: /home/vijay/3d_rover/install/lio_sam/share/lio_sam/srv/SaveMap_Request.msg
[52.990s] -- Installing: /home/vijay/3d_rover/install/lio_sam/share/lio_sam/srv/SaveMap_Response.msg
[52.990s] -- Installing: /home/vijay/3d_rover/install/lio_sam/share/lio_sam//launch
[52.990s] -- Installing: /home/vijay/3d_rover/install/lio_sam/share/lio_sam//launch/run.launch.py
[52.990s] -- Installing: /home/vijay/3d_rover/install/lio_sam/share/lio_sam//config
[52.990s] -- Installing: /home/vijay/3d_rover/install/lio_sam/share/lio_sam//config/k12.xacro
[52.990s] -- Installing: /home/vijay/3d_rover/install/lio_sam/share/lio_sam//config/doc
[52.990s] -- Installing: /home/vijay/3d_rover/install/lio_sam/share/lio_sam//config/doc/gps-demo.gif
[53.004s] -- Installing: /home/vijay/3d_rover/install/lio_sam/share/lio_sam//config/doc/demo.gif
[53.019s] -- Installing: /home/vijay/3d_rover/install/lio_sam/share/lio_sam//config/doc/kitti-map.png
[53.020s] -- Installing: /home/vijay/3d_rover/install/lio_sam/share/lio_sam//config/doc/system.png
[53.022s] -- Installing: /home/vijay/3d_rover/install/lio_sam/share/lio_sam//config/doc/ouster-device.jpg
[53.024s] -- Installing: /home/vijay/3d_rover/install/lio_sam/share/lio_sam//config/doc/kitti2bag
[53.024s] -- Installing: /home/vijay/3d_rover/install/lio_sam/share/lio_sam//config/doc/kitti2bag/kitti2bag.py
[53.024s] -- Installing: /home/vijay/3d_rover/install/lio_sam/share/lio_sam//config/doc/kitti2bag/README.md
[53.024s] -- Installing: /home/vijay/3d_rover/install/lio_sam/share/lio_sam//config/doc/ouster-demo.gif
[53.041s] -- Installing: /home/vijay/3d_rover/install/lio_sam/share/lio_sam//config/doc/device-hand.png
[53.042s] -- Installing: /home/vijay/3d_rover/install/lio_sam/share/lio_sam//config/doc/loop-closure.gif
[53.062s] -- Installing: /home/vijay/3d_rover/install/lio_sam/share/lio_sam//config/doc/device-jackal.png
[53.063s] -- Installing: /home/vijay/3d_rover/install/lio_sam/share/lio_sam//config/doc/loop-closure-2.gif
[53.088s] -- Installing: /home/vijay/3d_rover/install/lio_sam/share/lio_sam//config/doc/kitti-demo.gif
[53.110s] -- Installing: /home/vijay/3d_rover/install/lio_sam/share/lio_sam//config/doc/imu-debug.gif
[53.119s] -- Installing: /home/vijay/3d_rover/install/lio_sam/share/lio_sam//config/doc/device-boat.png
[53.120s] -- Installing: /home/vijay/3d_rover/install/lio_sam/share/lio_sam//config/doc/imu-transform.png
[53.122s] -- Installing: /home/vijay/3d_rover/install/lio_sam/share/lio_sam//config/doc/device-hand-2.png
[53.123s] -- Installing: /home/vijay/3d_rover/install/lio_sam/share/lio_sam//config/doc/paper.pdf
[53.132s] -- Installing: /home/vijay/3d_rover/install/lio_sam/share/lio_sam//config/rviz2.rviz
[53.132s] -- Installing: /home/vijay/3d_rover/install/lio_sam/share/lio_sam//config/params.yaml
[53.132s] -- Installing: /home/vijay/3d_rover/install/lio_sam/lib/lio_sam/lio_sam_imageProjection
[53.133s] -- Set runtime path of "/home/vijay/3d_rover/install/lio_sam/lib/lio_sam/lio_sam_imageProjection" to ""
[53.133s] -- Installing: /home/vijay/3d_rover/install/lio_sam/lib/lio_sam/lio_sam_imuPreintegration
[53.134s] -- Set runtime path of "/home/vijay/3d_rover/install/lio_sam/lib/lio_sam/lio_sam_imuPreintegration" to ""
[53.134s] -- Installing: /home/vijay/3d_rover/install/lio_sam/lib/lio_sam/lio_sam_featureExtraction
[53.135s] -- Set runtime path of "/home/vijay/3d_rover/install/lio_sam/lib/lio_sam/lio_sam_featureExtraction" to ""
[53.135s] -- Installing: /home/vijay/3d_rover/install/lio_sam/lib/lio_sam/lio_sam_mapOptimization
[53.136s] -- Set runtime path of "/home/vijay/3d_rover/install/lio_sam/lib/lio_sam/lio_sam_mapOptimization" to ""
[53.136s] -- Up-to-date: /home/vijay/3d_rover/install/lio_sam/include
[53.137s] -- Up-to-date: /home/vijay/3d_rover/install/lio_sam/include/lio_sam
[53.137s] -- Installing: /home/vijay/3d_rover/install/lio_sam/include/lio_sam/utility.hpp
[53.137s] -- Installing: /home/vijay/3d_rover/install/lio_sam/share/ament_index/resource_index/package_run_dependencies/lio_sam
[53.137s] -- Installing: /home/vijay/3d_rover/install/lio_sam/share/ament_index/resource_index/parent_prefix_path/lio_sam
[53.137s] -- Installing: /home/vijay/3d_rover/install/lio_sam/share/lio_sam/environment/ament_prefix_path.sh
[53.137s] -- Installing: /home/vijay/3d_rover/install/lio_sam/share/lio_sam/environment/ament_prefix_path.dsv
[53.137s] -- Installing: /home/vijay/3d_rover/install/lio_sam/share/lio_sam/environment/path.sh
[53.137s] -- Installing: /home/vijay/3d_rover/install/lio_sam/share/lio_sam/environment/path.dsv
[53.137s] -- Installing: /home/vijay/3d_rover/install/lio_sam/share/lio_sam/local_setup.bash
[53.137s] -- Installing: /home/vijay/3d_rover/install/lio_sam/share/lio_sam/local_setup.sh
[53.137s] -- Installing: /home/vijay/3d_rover/install/lio_sam/share/lio_sam/local_setup.zsh
[53.137s] -- Installing: /home/vijay/3d_rover/install/lio_sam/share/lio_sam/local_setup.dsv
[53.137s] -- Installing: /home/vijay/3d_rover/install/lio_sam/share/lio_sam/package.dsv
[53.137s] -- Installing: /home/vijay/3d_rover/install/lio_sam/share/ament_index/resource_index/packages/lio_sam
[53.137s] -- Installing: /home/vijay/3d_rover/install/lio_sam/share/lio_sam/cmake/export_lio_sam__rosidl_generator_cExport.cmake
[53.137s] -- Installing: /home/vijay/3d_rover/install/lio_sam/share/lio_sam/cmake/export_lio_sam__rosidl_generator_cExport-release.cmake
[53.137s] -- Installing: /home/vijay/3d_rover/install/lio_sam/share/lio_sam/cmake/export_lio_sam__rosidl_typesupport_fastrtps_cExport.cmake
[53.137s] -- Installing: /home/vijay/3d_rover/install/lio_sam/share/lio_sam/cmake/export_lio_sam__rosidl_typesupport_fastrtps_cExport-release.cmake
[53.138s] -- Installing: /home/vijay/3d_rover/install/lio_sam/share/lio_sam/cmake/lio_sam__rosidl_typesupport_introspection_cExport.cmake
[53.138s] -- Installing: /home/vijay/3d_rover/install/lio_sam/share/lio_sam/cmake/lio_sam__rosidl_typesupport_introspection_cExport-release.cmake
[53.138s] -- Installing: /home/vijay/3d_rover/install/lio_sam/share/lio_sam/cmake/lio_sam__rosidl_typesupport_cExport.cmake
[53.138s] -- Installing: /home/vijay/3d_rover/install/lio_sam/share/lio_sam/cmake/lio_sam__rosidl_typesupport_cExport-release.cmake
[53.138s] -- Installing: /home/vijay/3d_rover/install/lio_sam/share/lio_sam/cmake/export_lio_sam__rosidl_generator_cppExport.cmake
[53.138s] -- Installing: /home/vijay/3d_rover/install/lio_sam/share/lio_sam/cmake/export_lio_sam__rosidl_typesupport_fastrtps_cppExport.cmake
[53.138s] -- Installing: /home/vijay/3d_rover/install/lio_sam/share/lio_sam/cmake/export_lio_sam__rosidl_typesupport_fastrtps_cppExport-release.cmake
[53.138s] -- Installing: /home/vijay/3d_rover/install/lio_sam/share/lio_sam/cmake/lio_sam__rosidl_typesupport_introspection_cppExport.cmake
[53.138s] -- Installing: /home/vijay/3d_rover/install/lio_sam/share/lio_sam/cmake/lio_sam__rosidl_typesupport_introspection_cppExport-release.cmake
[53.138s] -- Installing: /home/vijay/3d_rover/install/lio_sam/share/lio_sam/cmake/lio_sam__rosidl_typesupport_cppExport.cmake
[53.138s] -- Installing: /home/vijay/3d_rover/install/lio_sam/share/lio_sam/cmake/lio_sam__rosidl_typesupport_cppExport-release.cmake
[53.138s] -- Installing: /home/vijay/3d_rover/install/lio_sam/share/lio_sam/cmake/export_lio_sam__rosidl_generator_pyExport.cmake
[53.138s] -- Installing: /home/vijay/3d_rover/install/lio_sam/share/lio_sam/cmake/export_lio_sam__rosidl_generator_pyExport-release.cmake
[53.138s] -- Installing: /home/vijay/3d_rover/install/lio_sam/share/lio_sam/cmake/rosidl_cmake-extras.cmake
[53.138s] -- Installing: /home/vijay/3d_rover/install/lio_sam/share/lio_sam/cmake/ament_cmake_export_dependencies-extras.cmake
[53.138s] -- Installing: /home/vijay/3d_rover/install/lio_sam/share/lio_sam/cmake/ament_cmake_export_include_directories-extras.cmake
[53.138s] -- Installing: /home/vijay/3d_rover/install/lio_sam/share/lio_sam/cmake/ament_cmake_export_libraries-extras.cmake
[53.138s] -- Installing: /home/vijay/3d_rover/install/lio_sam/share/lio_sam/cmake/ament_cmake_export_targets-extras.cmake
[53.138s] -- Installing: /home/vijay/3d_rover/install/lio_sam/share/lio_sam/cmake/rosidl_cmake_export_typesupport_targets-extras.cmake
[53.139s] -- Installing: /home/vijay/3d_rover/install/lio_sam/share/lio_sam/cmake/rosidl_cmake_export_typesupport_libraries-extras.cmake
[53.139s] -- Installing: /home/vijay/3d_rover/install/lio_sam/share/lio_sam/cmake/lio_samConfig.cmake
[53.139s] -- Installing: /home/vijay/3d_rover/install/lio_sam/share/lio_sam/cmake/lio_samConfig-version.cmake
[53.139s] -- Installing: /home/vijay/3d_rover/install/lio_sam/share/lio_sam/package.xml
[53.142s] Invoked command in '/home/vijay/3d_rover/build/lio_sam' returned '0': CMAKE_PREFIX_PATH=${CMAKE_PREFIX_PATH}:/opt/ros/humble /usr/bin/cmake --install /home/vijay/3d_rover/build/lio_sam
