[0.014s] Invoking command in '/home/vijay/3d_rover/build/lio_sam': CMAKE_PREFIX_PATH=/opt/ros/humble /usr/bin/cmake /home/vijay/3d_rover/src/LIO-SAM -DAMENT_CMAKE_SYMLINK_INSTALL=1 -DCMAKE_INSTALL_PREFIX=/home/vijay/3d_rover/install/lio_sam
[0.084s] -- The C compiler identification is GNU 11.4.0
[0.189s] -- The CXX compiler identification is GNU 11.4.0
[0.201s] -- Detecting C compiler ABI info
[0.293s] -- Detecting C compiler ABI info - done
[0.301s] -- Check for working C compiler: /usr/bin/cc - skipped
[0.302s] -- Detecting C compile features
[0.302s] -- Detecting C compile features - done
[0.306s] -- Detecting CXX compiler ABI info
[0.408s] -- Detecting CXX compiler ABI info - done
[0.415s] -- Check for working CXX compiler: /usr/bin/c++ - skipped
[0.415s] -- Detecting CXX compile features
[0.416s] -- Detecting CXX compile features - done
[0.419s] -- Found ament_cmake: 1.3.12 (/opt/ros/humble/share/ament_cmake/cmake)
[0.609s] -- Found Python3: /usr/bin/python3 (found version "3.10.12") found components: Interpreter 
[0.681s] -- Override CMake install command with custom implementation using symlinks instead of copying resources
[0.709s] -- Found rosidl_default_generators: 1.2.0 (/opt/ros/humble/share/rosidl_default_generators/cmake)
[0.713s] -- Using all available rosidl_typesupport_c: rosidl_typesupport_fastrtps_c;rosidl_typesupport_introspection_c
[0.720s] -- Found rosidl_adapter: 3.1.7 (/opt/ros/humble/share/rosidl_adapter/cmake)
[0.768s] -- Using all available rosidl_typesupport_cpp: rosidl_typesupport_fastrtps_cpp;rosidl_typesupport_introspection_cpp
[0.805s] -- Found rclcpp: 16.0.16 (/opt/ros/humble/share/rclcpp/cmake)
[0.859s] -- Found rmw_implementation_cmake: 6.1.2 (/opt/ros/humble/share/rmw_implementation_cmake/cmake)
[0.861s] -- Found rmw_fastrtps_cpp: 6.2.9 (/opt/ros/humble/share/rmw_fastrtps_cpp/cmake)
[0.971s] -- Found OpenSSL: /usr/lib/x86_64-linux-gnu/libcrypto.so (found version "3.0.2")  
[1.007s] -- Found FastRTPS: /opt/ros/humble/include  
[1.058s] -- Using RMW implementation 'rmw_fastrtps_cpp' as default
[1.071s] -- Looking for pthread.h
[1.155s] -- Looking for pthread.h - found
[1.155s] -- Performing Test CMAKE_HAVE_LIBC_PTHREAD
[1.238s] -- Performing Test CMAKE_HAVE_LIBC_PTHREAD - Success
[1.239s] -- Found Threads: TRUE  
[1.293s] -- Found rclpy: 3.3.19 (/opt/ros/humble/share/rclpy/cmake)
[1.295s] -- Found cv_bridge: 3.2.1 (/opt/ros/humble/share/cv_bridge/cmake)
[1.358s] -- Found nav_msgs: 4.9.0 (/opt/ros/humble/share/nav_msgs/cmake)
[1.382s] -- Found visualization_msgs: 4.9.0 (/opt/ros/humble/share/visualization_msgs/cmake)
[1.401s] -- Found pcl_conversions: 2.4.5 (/opt/ros/humble/share/pcl_conversions/cmake)
[1.440s] -- Checking for module 'eigen3'
[1.458s] --   Found eigen3, version 3.4.0
[1.502s] -- Found Eigen: /usr/include/eigen3 (Required is at least version "3.1") 
[1.502s] -- Eigen found (include: /usr/include/eigen3, version: 3.4.0)
[1.543s] -- Checking for module 'flann'
[1.559s] --   Found flann, version 1.9.1
[1.616s] -- Found FLANN: /usr/lib/x86_64-linux-gnu/libflann_cpp.so  
[1.616s] -- FLANN found (include: /usr/include, lib: /usr/lib/x86_64-linux-gnu/libflann_cpp.so)
[2.758s] -- Checking for module 'libusb-1.0'
[2.778s] --   Found libusb-1.0, version 1.0.25
[2.825s] -- Found libusb: /usr/lib/x86_64-linux-gnu/libusb-1.0.so  
[2.827s] -- OpenNI found (version: 1.5.4.0, include: /usr/include/ni, lib: /usr/lib/libOpenNI.so;libusb::libusb)
[2.907s] -- OpenNI2 found (version: 2.2.0.33, include: /usr/include/openni2, lib: /usr/lib/x86_64-linux-gnu/libOpenNI2.so;libusb::libusb)
[3.083s] -- Eigen found (include: /usr/include/eigen3, version: 3.4.0)
[3.092s] -- OpenNI found (version: 1.5.4.0, include: /usr/include/ni, lib: /usr/lib/libOpenNI.so;libusb::libusb)
[3.102s] -- OpenNI2 found (version: 2.2.0.33, include: /usr/include/openni2, lib: /usr/lib/x86_64-linux-gnu/libOpenNI2.so;libusb::libusb)
[3.281s] -- Found Qhull version 8.0.2
[3.466s] -- OpenNI found (version: 1.5.4.0, include: /usr/include/ni, lib: /usr/lib/libOpenNI.so;libusb::libusb)
[3.681s] -- Found PCL_COMMON: /usr/lib/x86_64-linux-gnu/libpcl_common.so  
[3.682s] -- Found PCL_KDTREE: /usr/lib/x86_64-linux-gnu/libpcl_kdtree.so  
[3.683s] -- Found PCL_OCTREE: /usr/lib/x86_64-linux-gnu/libpcl_octree.so  
[3.684s] -- Found PCL_SEARCH: /usr/lib/x86_64-linux-gnu/libpcl_search.so  
[3.685s] -- Found PCL_SAMPLE_CONSENSUS: /usr/lib/x86_64-linux-gnu/libpcl_sample_consensus.so  
[3.686s] -- Found PCL_FILTERS: /usr/lib/x86_64-linux-gnu/libpcl_filters.so  
[3.686s] -- Found PCL_2D: /usr/include/pcl-1.12  
[3.687s] -- Found PCL_GEOMETRY: /usr/include/pcl-1.12  
[3.688s] -- Found PCL_IO: /usr/lib/x86_64-linux-gnu/libpcl_io.so  
[3.689s] -- Found PCL_FEATURES: /usr/lib/x86_64-linux-gnu/libpcl_features.so  
[3.690s] -- Found PCL_ML: /usr/lib/x86_64-linux-gnu/libpcl_ml.so  
[3.691s] -- Found PCL_SEGMENTATION: /usr/lib/x86_64-linux-gnu/libpcl_segmentation.so  
[3.693s] -- Found PCL_VISUALIZATION: /usr/lib/x86_64-linux-gnu/libpcl_visualization.so  
[3.694s] -- Found PCL_SURFACE: /usr/lib/x86_64-linux-gnu/libpcl_surface.so  
[3.695s] -- Found PCL_REGISTRATION: /usr/lib/x86_64-linux-gnu/libpcl_registration.so  
[3.696s] -- Found PCL_KEYPOINTS: /usr/lib/x86_64-linux-gnu/libpcl_keypoints.so  
[3.697s] -- Found PCL_TRACKING: /usr/lib/x86_64-linux-gnu/libpcl_tracking.so  
[3.698s] -- Found PCL_RECOGNITION: /usr/lib/x86_64-linux-gnu/libpcl_recognition.so  
[3.700s] -- Found PCL_STEREO: /usr/lib/x86_64-linux-gnu/libpcl_stereo.so  
[3.701s] -- Found PCL_APPS: /usr/lib/x86_64-linux-gnu/libpcl_apps.so  
[3.702s] -- Found PCL_IN_HAND_SCANNER: /usr/include/pcl-1.12  
[3.703s] -- Found PCL_MODELER: /usr/include/pcl-1.12  
[3.703s] -- Found PCL_POINT_CLOUD_EDITOR: /usr/include/pcl-1.12  
[3.704s] -- Found PCL_OUTOFCORE: /usr/lib/x86_64-linux-gnu/libpcl_outofcore.so  
[3.706s] -- Found PCL_PEOPLE: /usr/lib/x86_64-linux-gnu/libpcl_people.so  
[3.711s] -- Found tf2: 0.25.17 (/opt/ros/humble/share/tf2/cmake)
[3.724s] -- Found tf2_geometry_msgs: 0.25.17 (/opt/ros/humble/share/tf2_geometry_msgs/cmake)
[3.742s] -- Found eigen3_cmake_module: 0.1.1 (/opt/ros/humble/share/eigen3_cmake_module/cmake)
[3.743s] -- Found Eigen3: TRUE (found version "3.4.0") 
[3.743s] -- Ensuring Eigen3 include directory is part of orocos-kdl CMake target
[3.842s] -- Found tf2_sensor_msgs: 0.25.17 (/opt/ros/humble/share/tf2_sensor_msgs/cmake)
[3.848s] -- Found tf2_eigen: 0.25.17 (/opt/ros/humble/share/tf2_eigen/cmake)
[3.854s] -- Found OpenCV: /usr (found version "4.5.4") 
[3.854s] CMake Warning (dev) at CMakeLists.txt:29 (find_package):
[3.854s]   Policy CMP0074 is not set: find_package uses <PackageName>_ROOT variables.
[3.854s]   Run "cmake --help-policy CMP0074" for policy details.  Use the cmake_policy
[3.854s]   command to set the policy and suppress this warning.
[3.855s] 
[3.855s]   CMake variable PCL_ROOT is set to:
[3.855s] 
[3.855s]     /usr
[3.855s] 
[3.855s]   For compatibility, CMake is ignoring the variable.
[3.855s] This warning is for project developers.  Use -Wno-dev to suppress it.
[3.855s] 
[3.889s] -- Found Boost: /usr/lib/x86_64-linux-gnu/cmake/Boost-1.74.0/BoostConfig.cmake (found suitable version "1.74.0", minimum required is "1.65") found components: serialization system filesystem thread program_options date_time timer chrono regex 
[3.892s] -- GTSAM include directory:  /opt/ros/humble/lib/cmake/GTSAM/../../../include
[3.900s] -- Found Eigen: /usr/include/eigen3  
[3.900s] -- Eigen found (include: /usr/include/eigen3, version: 3.4.0)
[4.187s] -- Found OpenMP_C: -fopenmp (found version "4.5") 
[4.284s] -- Found OpenMP_CXX: -fopenmp (found version "4.5") 
[4.284s] -- Found OpenMP: TRUE (found version "4.5")  
[4.629s] -- Found ament_cmake_ros: 0.10.0 (/opt/ros/humble/share/ament_cmake_ros/cmake)
[4.917s] -- Using all available rosidl_typesupport_c: rosidl_typesupport_fastrtps_c;rosidl_typesupport_introspection_c
[5.306s] -- Using all available rosidl_typesupport_cpp: rosidl_typesupport_fastrtps_cpp;rosidl_typesupport_introspection_cpp
[5.330s] -- Found PythonInterp: /usr/bin/python3 (found suitable version "3.10.12", minimum required is "3.6") 
[5.332s] -- Found python_cmake_module: 0.10.0 (/opt/ros/humble/share/python_cmake_module/cmake)
[5.361s] -- Found PythonLibs: /usr/lib/x86_64-linux-gnu/libpython3.10.so (found suitable version "3.10.12", minimum required is "3.5") 
[5.361s] -- Using PYTHON_EXECUTABLE: /usr/bin/python3
[5.361s] -- Using PYTHON_INCLUDE_DIRS: /usr/include/python3.10
[5.361s] -- Using PYTHON_LIBRARIES: /usr/lib/x86_64-linux-gnu/libpython3.10.so
[5.389s] -- Found PythonExtra: .so  
[5.530s] -- Found ament_lint_auto: 0.12.14 (/opt/ros/humble/share/ament_lint_auto/cmake)
[5.554s] -- Added test 'copyright' to check source files copyright and LICENSE
[5.558s] -- Added test 'cppcheck' to perform static code analysis on C / C++ code
[5.560s] -- Configured cppcheck include dirs: /home/vijay/3d_rover/src/LIO-SAM/include/lio_sam
[5.560s] -- Configured cppcheck exclude dirs and/or files: 
[5.564s] -- Added test 'cpplint' to check C / C++ code against the Google style
[5.564s] -- Configured cpplint exclude dirs and/or files: 
[5.565s] -- Added test 'flake8' to check Python code syntax and style conventions
[5.567s] -- Added test 'lint_cmake' to check CMake code style
[5.567s] -- Added test 'pep257' to check Python code against some of the docstring style conventions in PEP 257
[5.571s] -- Added test 'uncrustify' to check C / C++ code style
[5.571s] -- Configured uncrustify additional arguments: 
[5.572s] -- Added test 'xmllint' to check XML markup files
[5.575s] -- Configuring done
[5.721s] -- Generating done
[5.764s] -- Build files have been written to: /home/vijay/3d_rover/build/lio_sam
[5.791s] Invoked command in '/home/vijay/3d_rover/build/lio_sam' returned '0': CMAKE_PREFIX_PATH=/opt/ros/humble /usr/bin/cmake /home/vijay/3d_rover/src/LIO-SAM -DAMENT_CMAKE_SYMLINK_INSTALL=1 -DCMAKE_INSTALL_PREFIX=/home/vijay/3d_rover/install/lio_sam
[5.794s] Invoking command in '/home/vijay/3d_rover/build/lio_sam': CMAKE_PREFIX_PATH=/opt/ros/humble /usr/bin/cmake --build /home/vijay/3d_rover/build/lio_sam -- -j12 -l12
[5.853s] [  2%] Generating C code for ROS interfaces
[5.860s] [  4%] Generating C++ code for ROS interfaces
[5.869s] [  4%] Built target ament_cmake_python_symlink_lio_sam
[6.142s] running egg_info
[6.142s] creating lio_sam.egg-info
[6.143s] writing lio_sam.egg-info/PKG-INFO
[6.143s] writing dependency_links to lio_sam.egg-info/dependency_links.txt
[6.143s] writing top-level names to lio_sam.egg-info/top_level.txt
[6.143s] writing manifest file 'lio_sam.egg-info/SOURCES.txt'
[6.146s] reading manifest file 'lio_sam.egg-info/SOURCES.txt'
[6.146s] writing manifest file 'lio_sam.egg-info/SOURCES.txt'
[6.189s] [  4%] Built target ament_cmake_python_build_lio_sam_egg
[6.313s] [  6%] Building C object CMakeFiles/lio_sam__rosidl_generator_c.dir/rosidl_generator_c/lio_sam/msg/detail/cloud_info__functions.c.o
[6.313s] [  8%] Building C object CMakeFiles/lio_sam__rosidl_generator_c.dir/rosidl_generator_c/lio_sam/srv/detail/save_map__functions.c.o
[6.331s] [  8%] Built target lio_sam__cpp
[6.344s] [ 10%] Generating C++ type support for eProsima Fast-RTPS
[6.345s] [ 12%] Generating C++ introspection for ROS interfaces
[6.349s] [ 14%] Generating C++ type support dispatch for ROS interfaces
[6.524s] [ 17%] Linking C shared library liblio_sam__rosidl_generator_c.so
[6.573s] [ 17%] Built target lio_sam__rosidl_generator_c
[6.588s] [ 19%] Generating C type support for eProsima Fast-RTPS
[6.588s] [ 21%] Generating C type support dispatch for ROS interfaces
[6.590s] [ 23%] Generating C introspection for ROS interfaces
[6.806s] [ 25%] Building CXX object CMakeFiles/lio_sam__rosidl_typesupport_introspection_cpp.dir/rosidl_typesupport_introspection_cpp/lio_sam/msg/detail/cloud_info__type_support.cpp.o
[6.810s] [ 27%] Building CXX object CMakeFiles/lio_sam__rosidl_typesupport_introspection_cpp.dir/rosidl_typesupport_introspection_cpp/lio_sam/srv/detail/save_map__type_support.cpp.o
[6.819s] [ 29%] Building CXX object CMakeFiles/lio_sam__rosidl_typesupport_cpp.dir/rosidl_typesupport_cpp/lio_sam/srv/save_map__type_support.cpp.o
[6.827s] [ 31%] Building CXX object CMakeFiles/lio_sam__rosidl_typesupport_cpp.dir/rosidl_typesupport_cpp/lio_sam/msg/cloud_info__type_support.cpp.o
[7.042s] [ 34%] Building CXX object CMakeFiles/lio_sam__rosidl_typesupport_fastrtps_cpp.dir/rosidl_typesupport_fastrtps_cpp/lio_sam/msg/detail/dds_fastrtps/cloud_info__type_support.cpp.o
[7.054s] [ 36%] Building CXX object CMakeFiles/lio_sam__rosidl_typesupport_fastrtps_cpp.dir/rosidl_typesupport_fastrtps_cpp/lio_sam/srv/detail/dds_fastrtps/save_map__type_support.cpp.o
[7.066s] [ 38%] Building CXX object CMakeFiles/lio_sam__rosidl_typesupport_c.dir/rosidl_typesupport_c/lio_sam/msg/cloud_info__type_support.cpp.o
[7.068s] [ 40%] Building CXX object CMakeFiles/lio_sam__rosidl_typesupport_c.dir/rosidl_typesupport_c/lio_sam/srv/save_map__type_support.cpp.o
[7.157s] [ 42%] Linking CXX shared library liblio_sam__rosidl_typesupport_c.so
[7.208s] [ 44%] Building CXX object CMakeFiles/lio_sam__rosidl_typesupport_fastrtps_c.dir/rosidl_typesupport_fastrtps_c/lio_sam/srv/detail/save_map__type_support_c.cpp.o
[7.212s] [ 46%] Building CXX object CMakeFiles/lio_sam__rosidl_typesupport_fastrtps_c.dir/rosidl_typesupport_fastrtps_c/lio_sam/msg/detail/cloud_info__type_support_c.cpp.o
[7.232s] [ 46%] Built target lio_sam__rosidl_typesupport_c
[7.285s] [ 48%] Building C object CMakeFiles/lio_sam__rosidl_typesupport_introspection_c.dir/rosidl_typesupport_introspection_c/lio_sam/srv/detail/save_map__type_support.c.o
[7.296s] [ 51%] Building C object CMakeFiles/lio_sam__rosidl_typesupport_introspection_c.dir/rosidl_typesupport_introspection_c/lio_sam/msg/detail/cloud_info__type_support.c.o
[7.347s] [ 53%] Linking CXX shared library liblio_sam__rosidl_typesupport_cpp.so
[7.417s] [ 53%] Built target lio_sam__rosidl_typesupport_cpp
[7.427s] [ 55%] Linking C shared library liblio_sam__rosidl_typesupport_introspection_c.so
[7.454s] [ 57%] Building CXX object CMakeFiles/lio_sam_mapOptimization.dir/src/mapOptmization.cpp.o
[7.456s] [ 59%] Building CXX object CMakeFiles/lio_sam_featureExtraction.dir/src/featureExtraction.cpp.o
[7.473s] [ 61%] Building CXX object CMakeFiles/lio_sam_imageProjection.dir/src/imageProjection.cpp.o
[7.477s] [ 63%] Building CXX object CMakeFiles/lio_sam_imuPreintegration.dir/src/imuPreintegration.cpp.o
[7.509s] [ 63%] Built target lio_sam__rosidl_typesupport_introspection_c
[7.858s] [ 65%] Linking CXX shared library liblio_sam__rosidl_typesupport_introspection_cpp.so
[7.932s] [ 68%] Linking CXX shared library liblio_sam__rosidl_typesupport_fastrtps_c.so
[7.981s] [ 68%] Built target lio_sam__rosidl_typesupport_introspection_cpp
[8.046s] [ 70%] Linking CXX shared library liblio_sam__rosidl_typesupport_fastrtps_cpp.so
[8.061s] [ 70%] Built target lio_sam__rosidl_typesupport_fastrtps_c
[8.167s] [ 70%] Built target lio_sam__rosidl_typesupport_fastrtps_cpp
[8.198s] [ 70%] Built target lio_sam
[8.224s] [ 72%] Generating Python code for ROS interfaces
[9.028s] [ 72%] Built target lio_sam__py
[9.060s] [ 74%] Building C object CMakeFiles/lio_sam__rosidl_generator_py.dir/rosidl_generator_py/lio_sam/srv/_save_map_s.c.o
[9.062s] [ 76%] Building C object CMakeFiles/lio_sam__rosidl_generator_py.dir/rosidl_generator_py/lio_sam/msg/_cloud_info_s.c.o
[9.372s] [ 78%] Linking C shared library rosidl_generator_py/lio_sam/liblio_sam__rosidl_generator_py.so
[9.431s] [ 78%] Built target lio_sam__rosidl_generator_py
[9.462s] [ 80%] Building C object CMakeFiles/lio_sam__rosidl_typesupport_introspection_c__pyext.dir/rosidl_generator_py/lio_sam/_lio_sam_s.ep.rosidl_typesupport_introspection_c.c.o
[9.467s] [ 82%] Building C object CMakeFiles/lio_sam__rosidl_typesupport_fastrtps_c__pyext.dir/rosidl_generator_py/lio_sam/_lio_sam_s.ep.rosidl_typesupport_fastrtps_c.c.o
[9.469s] [ 85%] Building C object CMakeFiles/lio_sam__rosidl_typesupport_c__pyext.dir/rosidl_generator_py/lio_sam/_lio_sam_s.ep.rosidl_typesupport_c.c.o
[9.673s] [ 87%] Linking C shared library rosidl_generator_py/lio_sam/lio_sam_s__rosidl_typesupport_fastrtps_c.cpython-310-x86_64-linux-gnu.so
[9.737s] [ 89%] Linking C shared library rosidl_generator_py/lio_sam/lio_sam_s__rosidl_typesupport_c.cpython-310-x86_64-linux-gnu.so
[9.743s] [ 91%] Linking C shared library rosidl_generator_py/lio_sam/lio_sam_s__rosidl_typesupport_introspection_c.cpython-310-x86_64-linux-gnu.so
[9.743s] [ 91%] Built target lio_sam__rosidl_typesupport_fastrtps_c__pyext
[9.803s] [ 91%] Built target lio_sam__rosidl_typesupport_introspection_c__pyext
[9.808s] [ 91%] Built target lio_sam__rosidl_typesupport_c__pyext
[42.564s] [ 93%] Linking CXX executable lio_sam_featureExtraction
[43.585s] [ 93%] Built target lio_sam_featureExtraction
[52.078s] [ 95%] Linking CXX executable lio_sam_imageProjection
[52.753s] [ 95%] Built target lio_sam_imageProjection
[60.074s] [ 97%] Linking CXX executable lio_sam_imuPreintegration
[60.839s] [ 97%] Built target lio_sam_imuPreintegration
[88.352s] [100%] Linking CXX executable lio_sam_mapOptimization
[89.243s] /usr/bin/ld: warning: libtbb.so.2, needed by /usr/lib/x86_64-linux-gnu/libopencv_core.so.4.5.4d, may conflict with libtbb.so.12
[89.518s] [100%] Built target lio_sam_mapOptimization
[89.534s] Invoked command in '/home/vijay/3d_rover/build/lio_sam' returned '0': CMAKE_PREFIX_PATH=/opt/ros/humble /usr/bin/cmake --build /home/vijay/3d_rover/build/lio_sam -- -j12 -l12
[89.548s] Invoking command in '/home/vijay/3d_rover/build/lio_sam': CMAKE_PREFIX_PATH=/opt/ros/humble /usr/bin/cmake --install /home/vijay/3d_rover/build/lio_sam
[89.558s] -- Install configuration: "Release"
[89.559s] -- Execute custom install script
[89.559s] -- Symlinking: /home/vijay/3d_rover/install/lio_sam/share/ament_index/resource_index/rosidl_interfaces/lio_sam
[89.571s] -- Symlinking: /home/vijay/3d_rover/install/lio_sam/include/lio_sam/lio_sam/msg/cloud_info.h
[89.580s] -- Symlinking: /home/vijay/3d_rover/install/lio_sam/include/lio_sam/lio_sam/msg/detail/cloud_info__functions.h
[89.590s] -- Symlinking: /home/vijay/3d_rover/install/lio_sam/include/lio_sam/lio_sam/msg/detail/cloud_info__struct.h
[89.599s] -- Symlinking: /home/vijay/3d_rover/install/lio_sam/include/lio_sam/lio_sam/msg/detail/cloud_info__type_support.h
[89.609s] -- Symlinking: /home/vijay/3d_rover/install/lio_sam/include/lio_sam/lio_sam/msg/rosidl_generator_c__visibility_control.h
[89.621s] -- Symlinking: /home/vijay/3d_rover/install/lio_sam/include/lio_sam/lio_sam/srv/detail/save_map__functions.h
[89.631s] -- Symlinking: /home/vijay/3d_rover/install/lio_sam/include/lio_sam/lio_sam/srv/detail/save_map__struct.h
[89.641s] -- Symlinking: /home/vijay/3d_rover/install/lio_sam/include/lio_sam/lio_sam/srv/detail/save_map__type_support.h
[89.652s] -- Symlinking: /home/vijay/3d_rover/install/lio_sam/include/lio_sam/lio_sam/srv/save_map.h
[89.663s] -- Symlinking: /home/vijay/3d_rover/install/lio_sam/share/lio_sam/environment/library_path.sh
[89.674s] -- Symlinking: /home/vijay/3d_rover/install/lio_sam/share/lio_sam/environment/library_path.dsv
[89.683s] -- Symlinking: /home/vijay/3d_rover/install/lio_sam/include/lio_sam/lio_sam/msg/detail/cloud_info__rosidl_typesupport_fastrtps_c.h
[89.692s] -- Symlinking: /home/vijay/3d_rover/install/lio_sam/include/lio_sam/lio_sam/msg/rosidl_typesupport_fastrtps_c__visibility_control.h
[89.703s] -- Symlinking: /home/vijay/3d_rover/install/lio_sam/include/lio_sam/lio_sam/srv/detail/save_map__rosidl_typesupport_fastrtps_c.h
[89.714s] -- Symlinking: /home/vijay/3d_rover/install/lio_sam/include/lio_sam/lio_sam/msg/detail/cloud_info__rosidl_typesupport_introspection_c.h
[89.724s] -- Symlinking: /home/vijay/3d_rover/install/lio_sam/include/lio_sam/lio_sam/msg/rosidl_typesupport_introspection_c__visibility_control.h
[89.734s] -- Symlinking: /home/vijay/3d_rover/install/lio_sam/include/lio_sam/lio_sam/srv/detail/save_map__rosidl_typesupport_introspection_c.h
[89.746s] -- Symlinking: /home/vijay/3d_rover/install/lio_sam/include/lio_sam/lio_sam/msg/cloud_info.hpp
[89.757s] -- Symlinking: /home/vijay/3d_rover/install/lio_sam/include/lio_sam/lio_sam/msg/detail/cloud_info__builder.hpp
[89.767s] -- Symlinking: /home/vijay/3d_rover/install/lio_sam/include/lio_sam/lio_sam/msg/detail/cloud_info__struct.hpp
[89.776s] -- Symlinking: /home/vijay/3d_rover/install/lio_sam/include/lio_sam/lio_sam/msg/detail/cloud_info__traits.hpp
[89.785s] -- Symlinking: /home/vijay/3d_rover/install/lio_sam/include/lio_sam/lio_sam/msg/detail/cloud_info__type_support.hpp
[89.796s] -- Symlinking: /home/vijay/3d_rover/install/lio_sam/include/lio_sam/lio_sam/msg/rosidl_generator_cpp__visibility_control.hpp
[89.805s] -- Symlinking: /home/vijay/3d_rover/install/lio_sam/include/lio_sam/lio_sam/srv/detail/save_map__builder.hpp
[89.813s] -- Symlinking: /home/vijay/3d_rover/install/lio_sam/include/lio_sam/lio_sam/srv/detail/save_map__struct.hpp
[89.822s] -- Symlinking: /home/vijay/3d_rover/install/lio_sam/include/lio_sam/lio_sam/srv/detail/save_map__traits.hpp
[89.832s] -- Symlinking: /home/vijay/3d_rover/install/lio_sam/include/lio_sam/lio_sam/srv/detail/save_map__type_support.hpp
[89.843s] -- Symlinking: /home/vijay/3d_rover/install/lio_sam/include/lio_sam/lio_sam/srv/save_map.hpp
[89.852s] -- Symlinking: /home/vijay/3d_rover/install/lio_sam/include/lio_sam/lio_sam/msg/detail/cloud_info__rosidl_typesupport_fastrtps_cpp.hpp
[89.863s] -- Symlinking: /home/vijay/3d_rover/install/lio_sam/include/lio_sam/lio_sam/msg/rosidl_typesupport_fastrtps_cpp__visibility_control.h
[89.872s] -- Symlinking: /home/vijay/3d_rover/install/lio_sam/include/lio_sam/lio_sam/srv/detail/save_map__rosidl_typesupport_fastrtps_cpp.hpp
[89.882s] -- Symlinking: /home/vijay/3d_rover/install/lio_sam/include/lio_sam/lio_sam/msg/detail/cloud_info__rosidl_typesupport_introspection_cpp.hpp
[89.890s] -- Symlinking: /home/vijay/3d_rover/install/lio_sam/include/lio_sam/lio_sam/srv/detail/save_map__rosidl_typesupport_introspection_cpp.hpp
[89.903s] -- Symlinking: /home/vijay/3d_rover/install/lio_sam/share/lio_sam/environment/pythonpath.sh
[89.915s] -- Symlinking: /home/vijay/3d_rover/install/lio_sam/share/lio_sam/environment/pythonpath.dsv
[89.927s] -- Symlinking: /home/vijay/3d_rover/install/lio_sam/local/lib/python3.10/dist-packages/lio_sam-1.0.0-py3.10.egg-info/PKG-INFO
[89.935s] -- Symlinking: /home/vijay/3d_rover/install/lio_sam/local/lib/python3.10/dist-packages/lio_sam-1.0.0-py3.10.egg-info/SOURCES.txt
[89.946s] -- Symlinking: /home/vijay/3d_rover/install/lio_sam/local/lib/python3.10/dist-packages/lio_sam-1.0.0-py3.10.egg-info/dependency_links.txt
[89.956s] -- Symlinking: /home/vijay/3d_rover/install/lio_sam/local/lib/python3.10/dist-packages/lio_sam-1.0.0-py3.10.egg-info/top_level.txt
[89.968s] -- Symlinking: /home/vijay/3d_rover/install/lio_sam/local/lib/python3.10/dist-packages/lio_sam/__init__.py
[89.976s] -- Symlinking: /home/vijay/3d_rover/install/lio_sam/local/lib/python3.10/dist-packages/lio_sam/_lio_sam_s.ep.rosidl_typesupport_c.c
[89.988s] -- Symlinking: /home/vijay/3d_rover/install/lio_sam/local/lib/python3.10/dist-packages/lio_sam/_lio_sam_s.ep.rosidl_typesupport_fastrtps_c.c
[89.997s] -- Symlinking: /home/vijay/3d_rover/install/lio_sam/local/lib/python3.10/dist-packages/lio_sam/_lio_sam_s.ep.rosidl_typesupport_introspection_c.c
[90.010s] -- Symlinking: /home/vijay/3d_rover/install/lio_sam/local/lib/python3.10/dist-packages/lio_sam/liblio_sam__rosidl_generator_py.so
[90.022s] -- Symlinking: /home/vijay/3d_rover/install/lio_sam/local/lib/python3.10/dist-packages/lio_sam/lio_sam_s__rosidl_typesupport_c.cpython-310-x86_64-linux-gnu.so
[90.034s] -- Symlinking: /home/vijay/3d_rover/install/lio_sam/local/lib/python3.10/dist-packages/lio_sam/lio_sam_s__rosidl_typesupport_fastrtps_c.cpython-310-x86_64-linux-gnu.so
[90.043s] -- Symlinking: /home/vijay/3d_rover/install/lio_sam/local/lib/python3.10/dist-packages/lio_sam/lio_sam_s__rosidl_typesupport_introspection_c.cpython-310-x86_64-linux-gnu.so
[90.054s] -- Symlinking: /home/vijay/3d_rover/install/lio_sam/local/lib/python3.10/dist-packages/lio_sam/msg/__init__.py
[90.064s] -- Symlinking: /home/vijay/3d_rover/install/lio_sam/local/lib/python3.10/dist-packages/lio_sam/msg/_cloud_info.py
[90.074s] -- Symlinking: /home/vijay/3d_rover/install/lio_sam/local/lib/python3.10/dist-packages/lio_sam/msg/_cloud_info_s.c
[90.084s] -- Symlinking: /home/vijay/3d_rover/install/lio_sam/local/lib/python3.10/dist-packages/lio_sam/srv/__init__.py
[90.093s] -- Symlinking: /home/vijay/3d_rover/install/lio_sam/local/lib/python3.10/dist-packages/lio_sam/srv/_save_map.py
[90.106s] -- Symlinking: /home/vijay/3d_rover/install/lio_sam/local/lib/python3.10/dist-packages/lio_sam/srv/_save_map_s.c
[90.119s] -- Up-to-date symlink: /home/vijay/3d_rover/install/lio_sam/local/lib/python3.10/dist-packages/lio_sam/lio_sam_s__rosidl_typesupport_fastrtps_c.cpython-310-x86_64-linux-gnu.so
[90.119s] -- Up-to-date symlink: /home/vijay/3d_rover/install/lio_sam/local/lib/python3.10/dist-packages/lio_sam/lio_sam_s__rosidl_typesupport_introspection_c.cpython-310-x86_64-linux-gnu.so
[90.119s] -- Up-to-date symlink: /home/vijay/3d_rover/install/lio_sam/local/lib/python3.10/dist-packages/lio_sam/lio_sam_s__rosidl_typesupport_c.cpython-310-x86_64-linux-gnu.so
[90.119s] -- Symlinking: /home/vijay/3d_rover/install/lio_sam/share/lio_sam/msg/CloudInfo.idl
[90.129s] -- Symlinking: /home/vijay/3d_rover/install/lio_sam/share/lio_sam/srv/SaveMap.idl
[90.139s] -- Symlinking: /home/vijay/3d_rover/install/lio_sam/share/lio_sam/msg/CloudInfo.msg
[90.147s] -- Symlinking: /home/vijay/3d_rover/install/lio_sam/share/lio_sam/srv/SaveMap.srv
[90.158s] -- Symlinking: /home/vijay/3d_rover/install/lio_sam/share/lio_sam/srv/SaveMap_Request.msg
[90.168s] -- Symlinking: /home/vijay/3d_rover/install/lio_sam/share/lio_sam/srv/SaveMap_Response.msg
[90.180s] -- Symlinking: /home/vijay/3d_rover/install/lio_sam/share/lio_sam//launch/run.launch.py
[90.191s] -- Symlinking: /home/vijay/3d_rover/install/lio_sam/share/lio_sam//config/doc/demo.gif
[90.204s] -- Symlinking: /home/vijay/3d_rover/install/lio_sam/share/lio_sam//config/doc/device-boat.png
[90.216s] -- Symlinking: /home/vijay/3d_rover/install/lio_sam/share/lio_sam//config/doc/device-hand-2.png
[90.227s] -- Symlinking: /home/vijay/3d_rover/install/lio_sam/share/lio_sam//config/doc/device-hand.png
[90.237s] -- Symlinking: /home/vijay/3d_rover/install/lio_sam/share/lio_sam//config/doc/device-jackal.png
[90.249s] -- Symlinking: /home/vijay/3d_rover/install/lio_sam/share/lio_sam//config/doc/gps-demo.gif
[90.260s] -- Symlinking: /home/vijay/3d_rover/install/lio_sam/share/lio_sam//config/doc/imu-debug.gif
[90.269s] -- Symlinking: /home/vijay/3d_rover/install/lio_sam/share/lio_sam//config/doc/imu-transform.png
[90.281s] -- Symlinking: /home/vijay/3d_rover/install/lio_sam/share/lio_sam//config/doc/kitti-demo.gif
[90.290s] -- Symlinking: /home/vijay/3d_rover/install/lio_sam/share/lio_sam//config/doc/kitti-map.png
[90.300s] -- Symlinking: /home/vijay/3d_rover/install/lio_sam/share/lio_sam//config/doc/kitti2bag/README.md
[90.309s] -- Symlinking: /home/vijay/3d_rover/install/lio_sam/share/lio_sam//config/doc/kitti2bag/kitti2bag.py
[90.319s] -- Symlinking: /home/vijay/3d_rover/install/lio_sam/share/lio_sam//config/doc/loop-closure-2.gif
[90.330s] -- Symlinking: /home/vijay/3d_rover/install/lio_sam/share/lio_sam//config/doc/loop-closure.gif
[90.341s] -- Symlinking: /home/vijay/3d_rover/install/lio_sam/share/lio_sam//config/doc/ouster-demo.gif
[90.350s] -- Symlinking: /home/vijay/3d_rover/install/lio_sam/share/lio_sam//config/doc/ouster-device.jpg
[90.362s] -- Symlinking: /home/vijay/3d_rover/install/lio_sam/share/lio_sam//config/doc/paper.pdf
[90.374s] -- Symlinking: /home/vijay/3d_rover/install/lio_sam/share/lio_sam//config/doc/system.png
[90.383s] -- Symlinking: /home/vijay/3d_rover/install/lio_sam/share/lio_sam//config/k12.xacro
[90.394s] -- Symlinking: /home/vijay/3d_rover/install/lio_sam/share/lio_sam//config/params.yaml
[90.403s] -- Symlinking: /home/vijay/3d_rover/install/lio_sam/share/lio_sam//config/rviz2.rviz
[90.414s] -- Symlinking: /home/vijay/3d_rover/install/lio_sam/lib/lio_sam/lio_sam_imageProjection
[90.424s] -- Symlinking: /home/vijay/3d_rover/install/lio_sam/lib/lio_sam/lio_sam_imuPreintegration
[90.437s] -- Symlinking: /home/vijay/3d_rover/install/lio_sam/lib/lio_sam/lio_sam_featureExtraction
[90.447s] -- Symlinking: /home/vijay/3d_rover/install/lio_sam/lib/lio_sam/lio_sam_mapOptimization
[90.457s] -- Symlinking: /home/vijay/3d_rover/install/lio_sam/include/lio_sam/utility.hpp
[90.466s] -- Symlinking: /home/vijay/3d_rover/install/lio_sam/share/ament_index/resource_index/package_run_dependencies/lio_sam
[90.477s] -- Symlinking: /home/vijay/3d_rover/install/lio_sam/share/ament_index/resource_index/parent_prefix_path/lio_sam
[90.487s] -- Symlinking: /home/vijay/3d_rover/install/lio_sam/share/lio_sam/environment/ament_prefix_path.sh
[90.498s] -- Symlinking: /home/vijay/3d_rover/install/lio_sam/share/lio_sam/environment/ament_prefix_path.dsv
[90.508s] -- Symlinking: /home/vijay/3d_rover/install/lio_sam/share/lio_sam/environment/path.sh
[90.517s] -- Symlinking: /home/vijay/3d_rover/install/lio_sam/share/lio_sam/environment/path.dsv
[90.528s] -- Symlinking: /home/vijay/3d_rover/install/lio_sam/share/lio_sam/local_setup.bash
[90.536s] -- Symlinking: /home/vijay/3d_rover/install/lio_sam/share/lio_sam/local_setup.sh
[90.546s] -- Symlinking: /home/vijay/3d_rover/install/lio_sam/share/lio_sam/local_setup.zsh
[90.556s] -- Symlinking: /home/vijay/3d_rover/install/lio_sam/share/lio_sam/local_setup.dsv
[90.565s] -- Symlinking: /home/vijay/3d_rover/install/lio_sam/share/lio_sam/package.dsv
[90.575s] -- Symlinking: /home/vijay/3d_rover/install/lio_sam/share/ament_index/resource_index/packages/lio_sam
[90.585s] -- Symlinking: /home/vijay/3d_rover/install/lio_sam/share/lio_sam/cmake/rosidl_cmake-extras.cmake
[90.594s] -- Symlinking: /home/vijay/3d_rover/install/lio_sam/share/lio_sam/cmake/ament_cmake_export_dependencies-extras.cmake
[90.603s] -- Symlinking: /home/vijay/3d_rover/install/lio_sam/share/lio_sam/cmake/ament_cmake_export_include_directories-extras.cmake
[90.614s] -- Symlinking: /home/vijay/3d_rover/install/lio_sam/share/lio_sam/cmake/ament_cmake_export_libraries-extras.cmake
[90.622s] -- Symlinking: /home/vijay/3d_rover/install/lio_sam/share/lio_sam/cmake/ament_cmake_export_targets-extras.cmake
[90.634s] -- Symlinking: /home/vijay/3d_rover/install/lio_sam/share/lio_sam/cmake/rosidl_cmake_export_typesupport_targets-extras.cmake
[90.643s] -- Symlinking: /home/vijay/3d_rover/install/lio_sam/share/lio_sam/cmake/rosidl_cmake_export_typesupport_libraries-extras.cmake
[90.652s] -- Symlinking: /home/vijay/3d_rover/install/lio_sam/share/lio_sam/cmake/lio_samConfig.cmake
[90.662s] -- Symlinking: /home/vijay/3d_rover/install/lio_sam/share/lio_sam/cmake/lio_samConfig-version.cmake
[90.671s] -- Symlinking: /home/vijay/3d_rover/install/lio_sam/share/lio_sam/package.xml
[90.682s] -- Installing: /home/vijay/3d_rover/install/lio_sam/lib/liblio_sam__rosidl_generator_c.so
[90.683s] -- Set runtime path of "/home/vijay/3d_rover/install/lio_sam/lib/liblio_sam__rosidl_generator_c.so" to ""
[90.683s] -- Installing: /home/vijay/3d_rover/install/lio_sam/lib/liblio_sam__rosidl_typesupport_fastrtps_c.so
[90.684s] -- Set runtime path of "/home/vijay/3d_rover/install/lio_sam/lib/liblio_sam__rosidl_typesupport_fastrtps_c.so" to ""
[90.684s] -- Installing: /home/vijay/3d_rover/install/lio_sam/lib/liblio_sam__rosidl_typesupport_introspection_c.so
[90.685s] -- Set runtime path of "/home/vijay/3d_rover/install/lio_sam/lib/liblio_sam__rosidl_typesupport_introspection_c.so" to ""
[90.685s] -- Installing: /home/vijay/3d_rover/install/lio_sam/lib/liblio_sam__rosidl_typesupport_c.so
[90.686s] -- Set runtime path of "/home/vijay/3d_rover/install/lio_sam/lib/liblio_sam__rosidl_typesupport_c.so" to ""
[90.686s] -- Installing: /home/vijay/3d_rover/install/lio_sam/lib/liblio_sam__rosidl_typesupport_fastrtps_cpp.so
[90.687s] -- Set runtime path of "/home/vijay/3d_rover/install/lio_sam/lib/liblio_sam__rosidl_typesupport_fastrtps_cpp.so" to ""
[90.687s] -- Installing: /home/vijay/3d_rover/install/lio_sam/lib/liblio_sam__rosidl_typesupport_introspection_cpp.so
[90.688s] -- Set runtime path of "/home/vijay/3d_rover/install/lio_sam/lib/liblio_sam__rosidl_typesupport_introspection_cpp.so" to ""
[90.688s] -- Installing: /home/vijay/3d_rover/install/lio_sam/lib/liblio_sam__rosidl_typesupport_cpp.so
[90.689s] -- Set runtime path of "/home/vijay/3d_rover/install/lio_sam/lib/liblio_sam__rosidl_typesupport_cpp.so" to ""
[90.748s] Listing '/home/vijay/3d_rover/install/lio_sam/local/lib/python3.10/dist-packages/lio_sam'...
[90.748s] Compiling '/home/vijay/3d_rover/install/lio_sam/local/lib/python3.10/dist-packages/lio_sam/__init__.py'...
[90.748s] Listing '/home/vijay/3d_rover/install/lio_sam/local/lib/python3.10/dist-packages/lio_sam/msg'...
[90.748s] Compiling '/home/vijay/3d_rover/install/lio_sam/local/lib/python3.10/dist-packages/lio_sam/msg/__init__.py'...
[90.749s] Compiling '/home/vijay/3d_rover/install/lio_sam/local/lib/python3.10/dist-packages/lio_sam/msg/_cloud_info.py'...
[90.749s] Listing '/home/vijay/3d_rover/install/lio_sam/local/lib/python3.10/dist-packages/lio_sam/srv'...
[90.749s] Compiling '/home/vijay/3d_rover/install/lio_sam/local/lib/python3.10/dist-packages/lio_sam/srv/__init__.py'...
[90.749s] Compiling '/home/vijay/3d_rover/install/lio_sam/local/lib/python3.10/dist-packages/lio_sam/srv/_save_map.py'...
[90.755s] -- Installing: /home/vijay/3d_rover/install/lio_sam/lib/liblio_sam__rosidl_generator_py.so
[90.756s] -- Set runtime path of "/home/vijay/3d_rover/install/lio_sam/lib/liblio_sam__rosidl_generator_py.so" to ""
[90.756s] -- Installing: /home/vijay/3d_rover/install/lio_sam/share/lio_sam/cmake/export_lio_sam__rosidl_generator_cExport.cmake
[90.757s] -- Installing: /home/vijay/3d_rover/install/lio_sam/share/lio_sam/cmake/export_lio_sam__rosidl_generator_cExport-release.cmake
[90.757s] -- Installing: /home/vijay/3d_rover/install/lio_sam/share/lio_sam/cmake/export_lio_sam__rosidl_typesupport_fastrtps_cExport.cmake
[90.758s] -- Installing: /home/vijay/3d_rover/install/lio_sam/share/lio_sam/cmake/export_lio_sam__rosidl_typesupport_fastrtps_cExport-release.cmake
[90.758s] -- Installing: /home/vijay/3d_rover/install/lio_sam/share/lio_sam/cmake/lio_sam__rosidl_typesupport_introspection_cExport.cmake
[90.759s] -- Installing: /home/vijay/3d_rover/install/lio_sam/share/lio_sam/cmake/lio_sam__rosidl_typesupport_introspection_cExport-release.cmake
[90.760s] -- Installing: /home/vijay/3d_rover/install/lio_sam/share/lio_sam/cmake/lio_sam__rosidl_typesupport_cExport.cmake
[90.760s] -- Installing: /home/vijay/3d_rover/install/lio_sam/share/lio_sam/cmake/lio_sam__rosidl_typesupport_cExport-release.cmake
[90.761s] -- Installing: /home/vijay/3d_rover/install/lio_sam/share/lio_sam/cmake/export_lio_sam__rosidl_generator_cppExport.cmake
[90.761s] -- Installing: /home/vijay/3d_rover/install/lio_sam/share/lio_sam/cmake/export_lio_sam__rosidl_typesupport_fastrtps_cppExport.cmake
[90.761s] -- Installing: /home/vijay/3d_rover/install/lio_sam/share/lio_sam/cmake/export_lio_sam__rosidl_typesupport_fastrtps_cppExport-release.cmake
[90.761s] -- Installing: /home/vijay/3d_rover/install/lio_sam/share/lio_sam/cmake/lio_sam__rosidl_typesupport_introspection_cppExport.cmake
[90.761s] -- Installing: /home/vijay/3d_rover/install/lio_sam/share/lio_sam/cmake/lio_sam__rosidl_typesupport_introspection_cppExport-release.cmake
[90.762s] -- Installing: /home/vijay/3d_rover/install/lio_sam/share/lio_sam/cmake/lio_sam__rosidl_typesupport_cppExport.cmake
[90.762s] -- Installing: /home/vijay/3d_rover/install/lio_sam/share/lio_sam/cmake/lio_sam__rosidl_typesupport_cppExport-release.cmake
[90.762s] -- Installing: /home/vijay/3d_rover/install/lio_sam/share/lio_sam/cmake/export_lio_sam__rosidl_generator_pyExport.cmake
[90.762s] -- Installing: /home/vijay/3d_rover/install/lio_sam/share/lio_sam/cmake/export_lio_sam__rosidl_generator_pyExport-release.cmake
[90.766s] Invoked command in '/home/vijay/3d_rover/build/lio_sam' returned '0': CMAKE_PREFIX_PATH=/opt/ros/humble /usr/bin/cmake --install /home/vijay/3d_rover/build/lio_sam
