[0.121s] DEBUG:colcon:Command line arguments: ['/usr/bin/colcon', 'build', '--symlink-install', '--packages-select', 'k12_description', 'lio_sam']
[0.121s] DEBUG:colcon:Parsed command line arguments: Namespace(log_base=None, log_level=None, verb_name='build', build_base='build', install_base='install', merge_install=False, symlink_install=True, test_result_base=None, continue_on_error=False, executor='parallel', parallel_workers=12, event_handlers=None, ignore_user_meta=False, metas=['./colcon.meta'], base_paths=['.'], packages_ignore=None, packages_ignore_regex=None, paths=None, packages_up_to=None, packages_up_to_regex=None, packages_above=None, packages_above_and_dependencies=None, packages_above_depth=None, packages_select_by_dep=None, packages_skip_by_dep=None, packages_skip_up_to=None, packages_select_build_failed=False, packages_skip_build_finished=False, packages_select_test_failures=False, packages_skip_test_passed=False, packages_select=['k12_description', 'lio_sam'], packages_skip=None, packages_select_regex=None, packages_skip_regex=None, packages_start=None, packages_end=None, allow_overriding=[], cmake_args=None, cmake_target=None, cmake_target_skip_unavailable=False, cmake_clean_cache=False, cmake_clean_first=False, cmake_force_configure=False, ament_cmake_args=None, catkin_cmake_args=None, catkin_skip_building_tests=False, mixin_files=None, mixin=None, verb_parser=<colcon_mixin.mixin.mixin_argument.MixinArgumentDecorator object at 0x7388a446e290>, verb_extension=<colcon_core.verb.build.BuildVerb object at 0x7388a446dcc0>, main=<bound method BuildVerb.main of <colcon_core.verb.build.BuildVerb object at 0x7388a446dcc0>>, mixin_verb=('build',))
[0.282s] Level 1:colcon.colcon_core.package_discovery:discover_packages(colcon_meta) check parameters
[0.282s] Level 1:colcon.colcon_core.package_discovery:discover_packages(recursive) check parameters
[0.282s] Level 1:colcon.colcon_core.package_discovery:discover_packages(ignore) check parameters
[0.282s] Level 1:colcon.colcon_core.package_discovery:discover_packages(path) check parameters
[0.282s] Level 1:colcon.colcon_core.package_discovery:discover_packages(colcon_meta) discover
[0.282s] Level 1:colcon.colcon_core.package_discovery:discover_packages(recursive) discover
[0.282s] INFO:colcon.colcon_core.package_discovery:Crawling recursively for packages in '/home/vijay/3d_rover'
[0.282s] Level 1:colcon.colcon_core.package_identification:_identify(.) by extensions ['ignore', 'ignore_ament_install']
[0.282s] Level 1:colcon.colcon_core.package_identification:_identify(.) by extension 'ignore'
[0.283s] Level 1:colcon.colcon_core.package_identification:_identify(.) by extension 'ignore_ament_install'
[0.283s] Level 1:colcon.colcon_core.package_identification:_identify(.) by extensions ['colcon_pkg']
[0.283s] Level 1:colcon.colcon_core.package_identification:_identify(.) by extension 'colcon_pkg'
[0.283s] Level 1:colcon.colcon_core.package_identification:_identify(.) by extensions ['colcon_meta']
[0.283s] Level 1:colcon.colcon_core.package_identification:_identify(.) by extension 'colcon_meta'
[0.283s] Level 1:colcon.colcon_core.package_identification:_identify(.) by extensions ['ros']
[0.283s] Level 1:colcon.colcon_core.package_identification:_identify(.) by extension 'ros'
[0.292s] Level 1:colcon.colcon_core.package_identification:_identify(.) by extensions ['cmake', 'python']
[0.292s] Level 1:colcon.colcon_core.package_identification:_identify(.) by extension 'cmake'
[0.292s] Level 1:colcon.colcon_core.package_identification:_identify(.) by extension 'python'
[0.292s] Level 1:colcon.colcon_core.package_identification:_identify(.) by extensions ['python_setup_py']
[0.292s] Level 1:colcon.colcon_core.package_identification:_identify(.) by extension 'python_setup_py'
[0.293s] Level 1:colcon.colcon_core.package_identification:_identify(LOAM) by extensions ['ignore', 'ignore_ament_install']
[0.293s] Level 1:colcon.colcon_core.package_identification:_identify(LOAM) by extension 'ignore'
[0.293s] Level 1:colcon.colcon_core.package_identification:_identify(LOAM) by extension 'ignore_ament_install'
[0.293s] Level 1:colcon.colcon_core.package_identification:_identify(LOAM) by extensions ['colcon_pkg']
[0.293s] Level 1:colcon.colcon_core.package_identification:_identify(LOAM) by extension 'colcon_pkg'
[0.293s] Level 1:colcon.colcon_core.package_identification:_identify(LOAM) by extensions ['colcon_meta']
[0.293s] Level 1:colcon.colcon_core.package_identification:_identify(LOAM) by extension 'colcon_meta'
[0.293s] Level 1:colcon.colcon_core.package_identification:_identify(LOAM) by extensions ['ros']
[0.293s] Level 1:colcon.colcon_core.package_identification:_identify(LOAM) by extension 'ros'
[0.293s] Level 1:colcon.colcon_core.package_identification:_identify(LOAM) by extensions ['cmake', 'python']
[0.293s] Level 1:colcon.colcon_core.package_identification:_identify(LOAM) by extension 'cmake'
[0.293s] Level 1:colcon.colcon_core.package_identification:_identify(LOAM) by extension 'python'
[0.293s] Level 1:colcon.colcon_core.package_identification:_identify(LOAM) by extensions ['python_setup_py']
[0.293s] Level 1:colcon.colcon_core.package_identification:_identify(LOAM) by extension 'python_setup_py'
[0.293s] Level 1:colcon.colcon_core.package_identification:_identify(build) by extensions ['ignore', 'ignore_ament_install']
[0.293s] Level 1:colcon.colcon_core.package_identification:_identify(build) by extension 'ignore'
[0.293s] Level 1:colcon.colcon_core.package_identification:_identify(build) ignored
[0.293s] Level 1:colcon.colcon_core.package_identification:_identify(install) by extensions ['ignore', 'ignore_ament_install']
[0.294s] Level 1:colcon.colcon_core.package_identification:_identify(install) by extension 'ignore'
[0.294s] Level 1:colcon.colcon_core.package_identification:_identify(install) ignored
[0.294s] Level 1:colcon.colcon_core.package_identification:_identify(log) by extensions ['ignore', 'ignore_ament_install']
[0.294s] Level 1:colcon.colcon_core.package_identification:_identify(log) by extension 'ignore'
[0.294s] Level 1:colcon.colcon_core.package_identification:_identify(log) ignored
[0.294s] Level 1:colcon.colcon_core.package_identification:_identify(src) by extensions ['ignore', 'ignore_ament_install']
[0.294s] Level 1:colcon.colcon_core.package_identification:_identify(src) by extension 'ignore'
[0.294s] Level 1:colcon.colcon_core.package_identification:_identify(src) by extension 'ignore_ament_install'
[0.294s] Level 1:colcon.colcon_core.package_identification:_identify(src) by extensions ['colcon_pkg']
[0.294s] Level 1:colcon.colcon_core.package_identification:_identify(src) by extension 'colcon_pkg'
[0.294s] Level 1:colcon.colcon_core.package_identification:_identify(src) by extensions ['colcon_meta']
[0.294s] Level 1:colcon.colcon_core.package_identification:_identify(src) by extension 'colcon_meta'
[0.294s] Level 1:colcon.colcon_core.package_identification:_identify(src) by extensions ['ros']
[0.294s] Level 1:colcon.colcon_core.package_identification:_identify(src) by extension 'ros'
[0.294s] Level 1:colcon.colcon_core.package_identification:_identify(src) by extensions ['cmake', 'python']
[0.294s] Level 1:colcon.colcon_core.package_identification:_identify(src) by extension 'cmake'
[0.294s] Level 1:colcon.colcon_core.package_identification:_identify(src) by extension 'python'
[0.294s] Level 1:colcon.colcon_core.package_identification:_identify(src) by extensions ['python_setup_py']
[0.294s] Level 1:colcon.colcon_core.package_identification:_identify(src) by extension 'python_setup_py'
[0.294s] Level 1:colcon.colcon_core.package_identification:_identify(src/LIO-SAM) by extensions ['ignore', 'ignore_ament_install']
[0.294s] Level 1:colcon.colcon_core.package_identification:_identify(src/LIO-SAM) by extension 'ignore'
[0.294s] Level 1:colcon.colcon_core.package_identification:_identify(src/LIO-SAM) by extension 'ignore_ament_install'
[0.294s] Level 1:colcon.colcon_core.package_identification:_identify(src/LIO-SAM) by extensions ['colcon_pkg']
[0.294s] Level 1:colcon.colcon_core.package_identification:_identify(src/LIO-SAM) by extension 'colcon_pkg'
[0.294s] Level 1:colcon.colcon_core.package_identification:_identify(src/LIO-SAM) by extensions ['colcon_meta']
[0.294s] Level 1:colcon.colcon_core.package_identification:_identify(src/LIO-SAM) by extension 'colcon_meta'
[0.294s] Level 1:colcon.colcon_core.package_identification:_identify(src/LIO-SAM) by extensions ['ros']
[0.294s] Level 1:colcon.colcon_core.package_identification:_identify(src/LIO-SAM) by extension 'ros'
[0.298s] DEBUG:colcon.colcon_core.package_identification:Package 'src/LIO-SAM' with type 'ros.ament_cmake' and name 'lio_sam'
[0.298s] Level 1:colcon.colcon_core.package_identification:_identify(src/k12_description) by extensions ['ignore', 'ignore_ament_install']
[0.298s] Level 1:colcon.colcon_core.package_identification:_identify(src/k12_description) by extension 'ignore'
[0.298s] Level 1:colcon.colcon_core.package_identification:_identify(src/k12_description) by extension 'ignore_ament_install'
[0.298s] Level 1:colcon.colcon_core.package_identification:_identify(src/k12_description) by extensions ['colcon_pkg']
[0.298s] Level 1:colcon.colcon_core.package_identification:_identify(src/k12_description) by extension 'colcon_pkg'
[0.298s] Level 1:colcon.colcon_core.package_identification:_identify(src/k12_description) by extensions ['colcon_meta']
[0.298s] Level 1:colcon.colcon_core.package_identification:_identify(src/k12_description) by extension 'colcon_meta'
[0.298s] Level 1:colcon.colcon_core.package_identification:_identify(src/k12_description) by extensions ['ros']
[0.298s] Level 1:colcon.colcon_core.package_identification:_identify(src/k12_description) by extension 'ros'
[0.300s] DEBUG:colcon.colcon_core.package_identification:Package 'src/k12_description' with type 'ros.ament_cmake' and name 'k12_description'
[0.300s] Level 1:colcon.colcon_core.package_discovery:discover_packages(recursive) using defaults
[0.300s] Level 1:colcon.colcon_core.package_discovery:discover_packages(ignore) discover
[0.300s] Level 1:colcon.colcon_core.package_discovery:discover_packages(ignore) using defaults
[0.300s] Level 1:colcon.colcon_core.package_discovery:discover_packages(path) discover
[0.300s] Level 1:colcon.colcon_core.package_discovery:discover_packages(path) using defaults
[0.331s] Level 1:colcon.colcon_core.package_discovery:discover_packages(prefix_path) check parameters
[0.332s] Level 1:colcon.colcon_core.package_discovery:discover_packages(prefix_path) discover
[0.335s] DEBUG:colcon.colcon_installed_package_information.package_discovery:Found 413 installed packages in /opt/ros/humble
[0.337s] Level 1:colcon.colcon_core.package_discovery:discover_packages(prefix_path) using defaults
[0.374s] Level 5:colcon.colcon_core.verb:set package 'k12_description' build argument 'cmake_args' from command line to 'None'
[0.374s] Level 5:colcon.colcon_core.verb:set package 'k12_description' build argument 'cmake_target' from command line to 'None'
[0.374s] Level 5:colcon.colcon_core.verb:set package 'k12_description' build argument 'cmake_target_skip_unavailable' from command line to 'False'
[0.374s] Level 5:colcon.colcon_core.verb:set package 'k12_description' build argument 'cmake_clean_cache' from command line to 'False'
[0.375s] Level 5:colcon.colcon_core.verb:set package 'k12_description' build argument 'cmake_clean_first' from command line to 'False'
[0.375s] Level 5:colcon.colcon_core.verb:set package 'k12_description' build argument 'cmake_force_configure' from command line to 'False'
[0.375s] Level 5:colcon.colcon_core.verb:set package 'k12_description' build argument 'ament_cmake_args' from command line to 'None'
[0.375s] Level 5:colcon.colcon_core.verb:set package 'k12_description' build argument 'catkin_cmake_args' from command line to 'None'
[0.375s] Level 5:colcon.colcon_core.verb:set package 'k12_description' build argument 'catkin_skip_building_tests' from command line to 'False'
[0.375s] DEBUG:colcon.colcon_core.verb:Building package 'k12_description' with the following arguments: {'ament_cmake_args': None, 'build_base': '/home/vijay/3d_rover/build/k12_description', 'catkin_cmake_args': None, 'catkin_skip_building_tests': False, 'cmake_args': None, 'cmake_clean_cache': False, 'cmake_clean_first': False, 'cmake_force_configure': False, 'cmake_target': None, 'cmake_target_skip_unavailable': False, 'install_base': '/home/vijay/3d_rover/install/k12_description', 'merge_install': False, 'path': '/home/vijay/3d_rover/src/k12_description', 'symlink_install': True, 'test_result_base': None}
[0.375s] Level 5:colcon.colcon_core.verb:set package 'lio_sam' build argument 'cmake_args' from command line to 'None'
[0.375s] Level 5:colcon.colcon_core.verb:set package 'lio_sam' build argument 'cmake_target' from command line to 'None'
[0.375s] Level 5:colcon.colcon_core.verb:set package 'lio_sam' build argument 'cmake_target_skip_unavailable' from command line to 'False'
[0.375s] Level 5:colcon.colcon_core.verb:set package 'lio_sam' build argument 'cmake_clean_cache' from command line to 'False'
[0.375s] Level 5:colcon.colcon_core.verb:set package 'lio_sam' build argument 'cmake_clean_first' from command line to 'False'
[0.375s] Level 5:colcon.colcon_core.verb:set package 'lio_sam' build argument 'cmake_force_configure' from command line to 'False'
[0.375s] Level 5:colcon.colcon_core.verb:set package 'lio_sam' build argument 'ament_cmake_args' from command line to 'None'
[0.375s] Level 5:colcon.colcon_core.verb:set package 'lio_sam' build argument 'catkin_cmake_args' from command line to 'None'
[0.375s] Level 5:colcon.colcon_core.verb:set package 'lio_sam' build argument 'catkin_skip_building_tests' from command line to 'False'
[0.375s] DEBUG:colcon.colcon_core.verb:Building package 'lio_sam' with the following arguments: {'ament_cmake_args': None, 'build_base': '/home/vijay/3d_rover/build/lio_sam', 'catkin_cmake_args': None, 'catkin_skip_building_tests': False, 'cmake_args': None, 'cmake_clean_cache': False, 'cmake_clean_first': False, 'cmake_force_configure': False, 'cmake_target': None, 'cmake_target_skip_unavailable': False, 'install_base': '/home/vijay/3d_rover/install/lio_sam', 'merge_install': False, 'path': '/home/vijay/3d_rover/src/LIO-SAM', 'symlink_install': True, 'test_result_base': None}
[0.375s] INFO:colcon.colcon_core.executor:Executing jobs using 'parallel' executor
[0.376s] DEBUG:colcon.colcon_parallel_executor.executor.parallel:run_until_complete
[0.377s] INFO:colcon.colcon_ros.task.ament_cmake.build:Building ROS package in '/home/vijay/3d_rover/src/k12_description' with build type 'ament_cmake'
[0.377s] INFO:colcon.colcon_cmake.task.cmake.build:Building CMake package in '/home/vijay/3d_rover/src/k12_description'
[0.379s] INFO:colcon.colcon_core.plugin_system:Skipping extension 'colcon_core.shell.bat': Not used on non-Windows systems
[0.379s] INFO:colcon.colcon_core.shell:Skip shell extension 'powershell' for command environment: Not usable outside of PowerShell
[0.379s] DEBUG:colcon.colcon_core.shell:Skip shell extension 'dsv' for command environment
[0.382s] INFO:colcon.colcon_ros.task.ament_cmake.build:Building ROS package in '/home/vijay/3d_rover/src/LIO-SAM' with build type 'ament_cmake'
[0.383s] INFO:colcon.colcon_cmake.task.cmake.build:Building CMake package in '/home/vijay/3d_rover/src/LIO-SAM'
[0.383s] INFO:colcon.colcon_core.shell:Skip shell extension 'powershell' for command environment: Not usable outside of PowerShell
[0.383s] DEBUG:colcon.colcon_core.shell:Skip shell extension 'dsv' for command environment
[0.391s] DEBUG:colcon.colcon_core.event_handler.log_command:Invoking command in '/home/vijay/3d_rover/build/k12_description': CMAKE_PREFIX_PATH=/opt/ros/humble /usr/bin/cmake /home/vijay/3d_rover/src/k12_description -DAMENT_CMAKE_SYMLINK_INSTALL=1 -DCMAKE_INSTALL_PREFIX=/home/vijay/3d_rover/install/k12_description
[0.394s] DEBUG:colcon.colcon_core.event_handler.log_command:Invoking command in '/home/vijay/3d_rover/build/lio_sam': CMAKE_PREFIX_PATH=/opt/ros/humble /usr/bin/cmake /home/vijay/3d_rover/src/LIO-SAM -DAMENT_CMAKE_SYMLINK_INSTALL=1 -DCMAKE_INSTALL_PREFIX=/home/vijay/3d_rover/install/lio_sam
[2.165s] DEBUG:colcon.colcon_core.event_handler.log_command:Invoked command in '/home/vijay/3d_rover/build/k12_description' returned '0': CMAKE_PREFIX_PATH=/opt/ros/humble /usr/bin/cmake /home/vijay/3d_rover/src/k12_description -DAMENT_CMAKE_SYMLINK_INSTALL=1 -DCMAKE_INSTALL_PREFIX=/home/vijay/3d_rover/install/k12_description
[2.169s] DEBUG:colcon.colcon_core.event_handler.log_command:Invoking command in '/home/vijay/3d_rover/build/k12_description': CMAKE_PREFIX_PATH=/opt/ros/humble /usr/bin/cmake --build /home/vijay/3d_rover/build/k12_description -- -j12 -l12
[2.227s] DEBUG:colcon.colcon_core.event_handler.log_command:Invoked command in '/home/vijay/3d_rover/build/k12_description' returned '0': CMAKE_PREFIX_PATH=/opt/ros/humble /usr/bin/cmake --build /home/vijay/3d_rover/build/k12_description -- -j12 -l12
[2.243s] DEBUG:colcon.colcon_core.event_handler.log_command:Invoking command in '/home/vijay/3d_rover/build/k12_description': CMAKE_PREFIX_PATH=/opt/ros/humble /usr/bin/cmake --install /home/vijay/3d_rover/build/k12_description
[2.278s] Level 1:colcon.colcon_core.environment:create_environment_scripts_only(k12_description)
[2.279s] DEBUG:colcon.colcon_core.event_handler.log_command:Invoked command in '/home/vijay/3d_rover/build/k12_description' returned '0': CMAKE_PREFIX_PATH=/opt/ros/humble /usr/bin/cmake --install /home/vijay/3d_rover/build/k12_description
[2.282s] Level 1:colcon.colcon_core.environment:checking '/home/vijay/3d_rover/install/k12_description' for CMake module files
[2.282s] Level 1:colcon.colcon_core.environment:checking '/home/vijay/3d_rover/install/k12_description' for CMake config files
[2.283s] Level 1:colcon.colcon_core.shell:create_environment_hook('k12_description', 'cmake_prefix_path')
[2.283s] INFO:colcon.colcon_core.shell:Creating environment hook '/home/vijay/3d_rover/install/k12_description/share/k12_description/hook/cmake_prefix_path.ps1'
[2.284s] INFO:colcon.colcon_core.shell:Creating environment descriptor '/home/vijay/3d_rover/install/k12_description/share/k12_description/hook/cmake_prefix_path.dsv'
[2.284s] INFO:colcon.colcon_core.shell:Creating environment hook '/home/vijay/3d_rover/install/k12_description/share/k12_description/hook/cmake_prefix_path.sh'
[2.285s] Level 1:colcon.colcon_core.environment:checking '/home/vijay/3d_rover/install/k12_description/bin'
[2.286s] Level 1:colcon.colcon_core.environment:checking '/home/vijay/3d_rover/install/k12_description/lib/pkgconfig/k12_description.pc'
[2.286s] Level 1:colcon.colcon_core.environment:checking '/home/vijay/3d_rover/install/k12_description/lib/python3.10/site-packages'
[2.287s] Level 1:colcon.colcon_core.environment:checking '/home/vijay/3d_rover/install/k12_description/bin'
[2.287s] INFO:colcon.colcon_core.shell:Creating package script '/home/vijay/3d_rover/install/k12_description/share/k12_description/package.ps1'
[2.289s] INFO:colcon.colcon_core.shell:Creating package descriptor '/home/vijay/3d_rover/install/k12_description/share/k12_description/package.dsv'
[2.290s] INFO:colcon.colcon_core.shell:Creating package script '/home/vijay/3d_rover/install/k12_description/share/k12_description/package.sh'
[2.292s] INFO:colcon.colcon_core.shell:Creating package script '/home/vijay/3d_rover/install/k12_description/share/k12_description/package.bash'
[2.293s] INFO:colcon.colcon_core.shell:Creating package script '/home/vijay/3d_rover/install/k12_description/share/k12_description/package.zsh'
[2.295s] Level 1:colcon.colcon_core.environment:create_file_with_runtime_dependencies(/home/vijay/3d_rover/install/k12_description/share/colcon-core/packages/k12_description)
[2.296s] Level 1:colcon.colcon_core.environment:create_environment_scripts_only(k12_description)
[2.296s] Level 1:colcon.colcon_core.environment:checking '/home/vijay/3d_rover/install/k12_description' for CMake module files
[2.297s] Level 1:colcon.colcon_core.environment:checking '/home/vijay/3d_rover/install/k12_description' for CMake config files
[2.297s] Level 1:colcon.colcon_core.shell:create_environment_hook('k12_description', 'cmake_prefix_path')
[2.297s] INFO:colcon.colcon_core.shell:Creating environment hook '/home/vijay/3d_rover/install/k12_description/share/k12_description/hook/cmake_prefix_path.ps1'
[2.298s] INFO:colcon.colcon_core.shell:Creating environment descriptor '/home/vijay/3d_rover/install/k12_description/share/k12_description/hook/cmake_prefix_path.dsv'
[2.298s] INFO:colcon.colcon_core.shell:Creating environment hook '/home/vijay/3d_rover/install/k12_description/share/k12_description/hook/cmake_prefix_path.sh'
[2.299s] Level 1:colcon.colcon_core.environment:checking '/home/vijay/3d_rover/install/k12_description/bin'
[2.299s] Level 1:colcon.colcon_core.environment:checking '/home/vijay/3d_rover/install/k12_description/lib/pkgconfig/k12_description.pc'
[2.299s] Level 1:colcon.colcon_core.environment:checking '/home/vijay/3d_rover/install/k12_description/lib/python3.10/site-packages'
[2.300s] Level 1:colcon.colcon_core.environment:checking '/home/vijay/3d_rover/install/k12_description/bin'
[2.300s] INFO:colcon.colcon_core.shell:Creating package script '/home/vijay/3d_rover/install/k12_description/share/k12_description/package.ps1'
[2.301s] INFO:colcon.colcon_core.shell:Creating package descriptor '/home/vijay/3d_rover/install/k12_description/share/k12_description/package.dsv'
[2.301s] INFO:colcon.colcon_core.shell:Creating package script '/home/vijay/3d_rover/install/k12_description/share/k12_description/package.sh'
[2.302s] INFO:colcon.colcon_core.shell:Creating package script '/home/vijay/3d_rover/install/k12_description/share/k12_description/package.bash'
[2.302s] INFO:colcon.colcon_core.shell:Creating package script '/home/vijay/3d_rover/install/k12_description/share/k12_description/package.zsh'
[2.303s] Level 1:colcon.colcon_core.environment:create_file_with_runtime_dependencies(/home/vijay/3d_rover/install/k12_description/share/colcon-core/packages/k12_description)
[4.085s] DEBUG:colcon.colcon_core.event_handler.log_command:Invoked command in '/home/vijay/3d_rover/build/lio_sam' returned '0': CMAKE_PREFIX_PATH=/opt/ros/humble /usr/bin/cmake /home/vijay/3d_rover/src/LIO-SAM -DAMENT_CMAKE_SYMLINK_INSTALL=1 -DCMAKE_INSTALL_PREFIX=/home/vijay/3d_rover/install/lio_sam
[4.087s] DEBUG:colcon.colcon_core.event_handler.log_command:Invoking command in '/home/vijay/3d_rover/build/lio_sam': CMAKE_PREFIX_PATH=/opt/ros/humble /usr/bin/cmake --build /home/vijay/3d_rover/build/lio_sam -- -j12 -l12
[4.167s] DEBUG:colcon.colcon_core.event_handler.log_command:Invoked command in '/home/vijay/3d_rover/build/lio_sam' returned '2': CMAKE_PREFIX_PATH=/opt/ros/humble /usr/bin/cmake --build /home/vijay/3d_rover/build/lio_sam -- -j12 -l12
[4.168s] Level 1:colcon.colcon_core.environment:create_environment_scripts_only(lio_sam)
[4.168s] Level 1:colcon.colcon_core.environment:checking '/home/vijay/3d_rover/install/lio_sam' for CMake module files
[4.169s] Level 1:colcon.colcon_core.environment:checking '/home/vijay/3d_rover/install/lio_sam' for CMake config files
[4.169s] Level 1:colcon.colcon_core.shell:create_environment_hook('lio_sam', 'cmake_prefix_path')
[4.169s] INFO:colcon.colcon_core.shell:Creating environment hook '/home/vijay/3d_rover/install/lio_sam/share/lio_sam/hook/cmake_prefix_path.ps1'
[4.170s] INFO:colcon.colcon_core.shell:Creating environment descriptor '/home/vijay/3d_rover/install/lio_sam/share/lio_sam/hook/cmake_prefix_path.dsv'
[4.170s] INFO:colcon.colcon_core.shell:Creating environment hook '/home/vijay/3d_rover/install/lio_sam/share/lio_sam/hook/cmake_prefix_path.sh'
[4.171s] Level 1:colcon.colcon_core.environment:checking '/home/vijay/3d_rover/install/lio_sam/lib'
[4.171s] Level 1:colcon.colcon_core.shell:create_environment_hook('lio_sam', 'ld_library_path_lib')
[4.172s] INFO:colcon.colcon_core.shell:Creating environment hook '/home/vijay/3d_rover/install/lio_sam/share/lio_sam/hook/ld_library_path_lib.ps1'
[4.172s] INFO:colcon.colcon_core.shell:Creating environment descriptor '/home/vijay/3d_rover/install/lio_sam/share/lio_sam/hook/ld_library_path_lib.dsv'
[4.173s] INFO:colcon.colcon_core.shell:Creating environment hook '/home/vijay/3d_rover/install/lio_sam/share/lio_sam/hook/ld_library_path_lib.sh'
[4.173s] Level 1:colcon.colcon_core.environment:checking '/home/vijay/3d_rover/install/lio_sam/bin'
[4.173s] Level 1:colcon.colcon_core.environment:checking '/home/vijay/3d_rover/install/lio_sam/lib/pkgconfig/lio_sam.pc'
[4.174s] Level 1:colcon.colcon_core.environment:checking '/home/vijay/3d_rover/install/lio_sam/lib/python3.10/site-packages'
[4.174s] Level 1:colcon.colcon_core.environment:checking '/home/vijay/3d_rover/install/lio_sam/bin'
[4.174s] INFO:colcon.colcon_core.shell:Creating package script '/home/vijay/3d_rover/install/lio_sam/share/lio_sam/package.ps1'
[4.175s] INFO:colcon.colcon_core.shell:Creating package descriptor '/home/vijay/3d_rover/install/lio_sam/share/lio_sam/package.dsv'
[4.176s] INFO:colcon.colcon_core.shell:Creating package script '/home/vijay/3d_rover/install/lio_sam/share/lio_sam/package.sh'
[4.176s] INFO:colcon.colcon_core.shell:Creating package script '/home/vijay/3d_rover/install/lio_sam/share/lio_sam/package.bash'
[4.176s] INFO:colcon.colcon_core.shell:Creating package script '/home/vijay/3d_rover/install/lio_sam/share/lio_sam/package.zsh'
[4.177s] Level 1:colcon.colcon_core.environment:create_file_with_runtime_dependencies(/home/vijay/3d_rover/install/lio_sam/share/colcon-core/packages/lio_sam)
[4.187s] DEBUG:colcon.colcon_parallel_executor.executor.parallel:closing loop
[4.188s] DEBUG:colcon.colcon_parallel_executor.executor.parallel:loop closed
[4.188s] DEBUG:colcon.colcon_parallel_executor.executor.parallel:run_until_complete finished with '2'
[4.188s] DEBUG:colcon.colcon_core.event_reactor:joining thread
[4.193s] INFO:colcon.colcon_core.plugin_system:Skipping extension 'colcon_notification.desktop_notification.terminal_notifier': Not used on non-Darwin systems
[4.194s] INFO:colcon.colcon_core.plugin_system:Skipping extension 'colcon_notification.desktop_notification.win32': Not used on non-Windows systems
[4.194s] INFO:colcon.colcon_notification.desktop_notification:Sending desktop notification using 'notify2'
[4.206s] DEBUG:colcon.colcon_core.event_reactor:joined thread
[4.206s] INFO:colcon.colcon_core.shell:Creating prefix script '/home/vijay/3d_rover/install/local_setup.ps1'
[4.208s] INFO:colcon.colcon_core.shell:Creating prefix util module '/home/vijay/3d_rover/install/_local_setup_util_ps1.py'
[4.210s] INFO:colcon.colcon_core.shell:Creating prefix chain script '/home/vijay/3d_rover/install/setup.ps1'
[4.211s] INFO:colcon.colcon_core.shell:Creating prefix script '/home/vijay/3d_rover/install/local_setup.sh'
[4.211s] INFO:colcon.colcon_core.shell:Creating prefix util module '/home/vijay/3d_rover/install/_local_setup_util_sh.py'
[4.212s] INFO:colcon.colcon_core.shell:Creating prefix chain script '/home/vijay/3d_rover/install/setup.sh'
[4.213s] INFO:colcon.colcon_core.shell:Creating prefix script '/home/vijay/3d_rover/install/local_setup.bash'
[4.213s] INFO:colcon.colcon_core.shell:Creating prefix chain script '/home/vijay/3d_rover/install/setup.bash'
[4.214s] INFO:colcon.colcon_core.shell:Creating prefix script '/home/vijay/3d_rover/install/local_setup.zsh'
[4.215s] INFO:colcon.colcon_core.shell:Creating prefix chain script '/home/vijay/3d_rover/install/setup.zsh'
