[0.153s] DEBUG:colcon:Command line arguments: ['/usr/bin/colcon', 'build']
[0.153s] DEBUG:colcon:Parsed command line arguments: Namespace(log_base=None, log_level=None, verb_name='build', build_base='build', install_base='install', merge_install=False, symlink_install=False, test_result_base=None, continue_on_error=False, executor='parallel', parallel_workers=12, event_handlers=None, ignore_user_meta=False, metas=['./colcon.meta'], base_paths=['.'], packages_ignore=None, packages_ignore_regex=None, paths=None, packages_up_to=None, packages_up_to_regex=None, packages_above=None, packages_above_and_dependencies=None, packages_above_depth=None, packages_select_by_dep=None, packages_skip_by_dep=None, packages_skip_up_to=None, packages_select_build_failed=False, packages_skip_build_finished=False, packages_select_test_failures=False, packages_skip_test_passed=False, packages_select=None, packages_skip=None, packages_select_regex=None, packages_skip_regex=None, packages_start=None, packages_end=None, allow_overriding=[], cmake_args=None, cmake_target=None, cmake_target_skip_unavailable=False, cmake_clean_cache=False, cmake_clean_first=False, cmake_force_configure=False, ament_cmake_args=None, catkin_cmake_args=None, catkin_skip_building_tests=False, mixin_files=None, mixin=None, verb_parser=<colcon_mixin.mixin.mixin_argument.MixinArgumentDecorator object at 0x78d24416e020>, verb_extension=<colcon_core.verb.build.BuildVerb object at 0x78d24416da50>, main=<bound method BuildVerb.main of <colcon_core.verb.build.BuildVerb object at 0x78d24416da50>>, mixin_verb=('build',))
[0.349s] Level 1:colcon.colcon_core.package_discovery:discover_packages(colcon_meta) check parameters
[0.349s] Level 1:colcon.colcon_core.package_discovery:discover_packages(recursive) check parameters
[0.349s] Level 1:colcon.colcon_core.package_discovery:discover_packages(ignore) check parameters
[0.349s] Level 1:colcon.colcon_core.package_discovery:discover_packages(path) check parameters
[0.349s] Level 1:colcon.colcon_core.package_discovery:discover_packages(colcon_meta) discover
[0.349s] Level 1:colcon.colcon_core.package_discovery:discover_packages(recursive) discover
[0.349s] INFO:colcon.colcon_core.package_discovery:Crawling recursively for packages in '/home/vijay/3d_rover'
[0.349s] Level 1:colcon.colcon_core.package_identification:_identify(.) by extensions ['ignore', 'ignore_ament_install']
[0.349s] Level 1:colcon.colcon_core.package_identification:_identify(.) by extension 'ignore'
[0.349s] Level 1:colcon.colcon_core.package_identification:_identify(.) by extension 'ignore_ament_install'
[0.349s] Level 1:colcon.colcon_core.package_identification:_identify(.) by extensions ['colcon_pkg']
[0.349s] Level 1:colcon.colcon_core.package_identification:_identify(.) by extension 'colcon_pkg'
[0.349s] Level 1:colcon.colcon_core.package_identification:_identify(.) by extensions ['colcon_meta']
[0.349s] Level 1:colcon.colcon_core.package_identification:_identify(.) by extension 'colcon_meta'
[0.349s] Level 1:colcon.colcon_core.package_identification:_identify(.) by extensions ['ros']
[0.349s] Level 1:colcon.colcon_core.package_identification:_identify(.) by extension 'ros'
[0.360s] Level 1:colcon.colcon_core.package_identification:_identify(.) by extensions ['cmake', 'python']
[0.360s] Level 1:colcon.colcon_core.package_identification:_identify(.) by extension 'cmake'
[0.360s] Level 1:colcon.colcon_core.package_identification:_identify(.) by extension 'python'
[0.360s] Level 1:colcon.colcon_core.package_identification:_identify(.) by extensions ['python_setup_py']
[0.360s] Level 1:colcon.colcon_core.package_identification:_identify(.) by extension 'python_setup_py'
[0.360s] Level 1:colcon.colcon_core.package_identification:_identify(LOAM) by extensions ['ignore', 'ignore_ament_install']
[0.360s] Level 1:colcon.colcon_core.package_identification:_identify(LOAM) by extension 'ignore'
[0.360s] Level 1:colcon.colcon_core.package_identification:_identify(LOAM) by extension 'ignore_ament_install'
[0.360s] Level 1:colcon.colcon_core.package_identification:_identify(LOAM) by extensions ['colcon_pkg']
[0.360s] Level 1:colcon.colcon_core.package_identification:_identify(LOAM) by extension 'colcon_pkg'
[0.360s] Level 1:colcon.colcon_core.package_identification:_identify(LOAM) by extensions ['colcon_meta']
[0.360s] Level 1:colcon.colcon_core.package_identification:_identify(LOAM) by extension 'colcon_meta'
[0.360s] Level 1:colcon.colcon_core.package_identification:_identify(LOAM) by extensions ['ros']
[0.360s] Level 1:colcon.colcon_core.package_identification:_identify(LOAM) by extension 'ros'
[0.360s] Level 1:colcon.colcon_core.package_identification:_identify(LOAM) by extensions ['cmake', 'python']
[0.360s] Level 1:colcon.colcon_core.package_identification:_identify(LOAM) by extension 'cmake'
[0.360s] Level 1:colcon.colcon_core.package_identification:_identify(LOAM) by extension 'python'
[0.360s] Level 1:colcon.colcon_core.package_identification:_identify(LOAM) by extensions ['python_setup_py']
[0.360s] Level 1:colcon.colcon_core.package_identification:_identify(LOAM) by extension 'python_setup_py'
[0.360s] Level 1:colcon.colcon_core.package_identification:_identify(build) by extensions ['ignore', 'ignore_ament_install']
[0.360s] Level 1:colcon.colcon_core.package_identification:_identify(build) by extension 'ignore'
[0.360s] Level 1:colcon.colcon_core.package_identification:_identify(build) ignored
[0.360s] Level 1:colcon.colcon_core.package_identification:_identify(install) by extensions ['ignore', 'ignore_ament_install']
[0.360s] Level 1:colcon.colcon_core.package_identification:_identify(install) by extension 'ignore'
[0.360s] Level 1:colcon.colcon_core.package_identification:_identify(install) ignored
[0.361s] Level 1:colcon.colcon_core.package_identification:_identify(log) by extensions ['ignore', 'ignore_ament_install']
[0.361s] Level 1:colcon.colcon_core.package_identification:_identify(log) by extension 'ignore'
[0.361s] Level 1:colcon.colcon_core.package_identification:_identify(log) ignored
[0.361s] Level 1:colcon.colcon_core.package_identification:_identify(src) by extensions ['ignore', 'ignore_ament_install']
[0.361s] Level 1:colcon.colcon_core.package_identification:_identify(src) by extension 'ignore'
[0.361s] Level 1:colcon.colcon_core.package_identification:_identify(src) by extension 'ignore_ament_install'
[0.361s] Level 1:colcon.colcon_core.package_identification:_identify(src) by extensions ['colcon_pkg']
[0.361s] Level 1:colcon.colcon_core.package_identification:_identify(src) by extension 'colcon_pkg'
[0.361s] Level 1:colcon.colcon_core.package_identification:_identify(src) by extensions ['colcon_meta']
[0.361s] Level 1:colcon.colcon_core.package_identification:_identify(src) by extension 'colcon_meta'
[0.361s] Level 1:colcon.colcon_core.package_identification:_identify(src) by extensions ['ros']
[0.361s] Level 1:colcon.colcon_core.package_identification:_identify(src) by extension 'ros'
[0.361s] Level 1:colcon.colcon_core.package_identification:_identify(src) by extensions ['cmake', 'python']
[0.361s] Level 1:colcon.colcon_core.package_identification:_identify(src) by extension 'cmake'
[0.361s] Level 1:colcon.colcon_core.package_identification:_identify(src) by extension 'python'
[0.361s] Level 1:colcon.colcon_core.package_identification:_identify(src) by extensions ['python_setup_py']
[0.361s] Level 1:colcon.colcon_core.package_identification:_identify(src) by extension 'python_setup_py'
[0.361s] Level 1:colcon.colcon_core.package_identification:_identify(src/LIO-SAM) by extensions ['ignore', 'ignore_ament_install']
[0.361s] Level 1:colcon.colcon_core.package_identification:_identify(src/LIO-SAM) by extension 'ignore'
[0.361s] Level 1:colcon.colcon_core.package_identification:_identify(src/LIO-SAM) by extension 'ignore_ament_install'
[0.361s] Level 1:colcon.colcon_core.package_identification:_identify(src/LIO-SAM) by extensions ['colcon_pkg']
[0.361s] Level 1:colcon.colcon_core.package_identification:_identify(src/LIO-SAM) by extension 'colcon_pkg'
[0.361s] Level 1:colcon.colcon_core.package_identification:_identify(src/LIO-SAM) by extensions ['colcon_meta']
[0.361s] Level 1:colcon.colcon_core.package_identification:_identify(src/LIO-SAM) by extension 'colcon_meta'
[0.361s] Level 1:colcon.colcon_core.package_identification:_identify(src/LIO-SAM) by extensions ['ros']
[0.361s] Level 1:colcon.colcon_core.package_identification:_identify(src/LIO-SAM) by extension 'ros'
[0.363s] DEBUG:colcon.colcon_core.package_identification:Package 'src/LIO-SAM' with type 'ros.ament_cmake' and name 'lio_sam'
[0.363s] Level 1:colcon.colcon_core.package_identification:_identify(src/k12_description) by extensions ['ignore', 'ignore_ament_install']
[0.363s] Level 1:colcon.colcon_core.package_identification:_identify(src/k12_description) by extension 'ignore'
[0.363s] Level 1:colcon.colcon_core.package_identification:_identify(src/k12_description) by extension 'ignore_ament_install'
[0.363s] Level 1:colcon.colcon_core.package_identification:_identify(src/k12_description) by extensions ['colcon_pkg']
[0.363s] Level 1:colcon.colcon_core.package_identification:_identify(src/k12_description) by extension 'colcon_pkg'
[0.364s] Level 1:colcon.colcon_core.package_identification:_identify(src/k12_description) by extensions ['colcon_meta']
[0.364s] Level 1:colcon.colcon_core.package_identification:_identify(src/k12_description) by extension 'colcon_meta'
[0.364s] Level 1:colcon.colcon_core.package_identification:_identify(src/k12_description) by extensions ['ros']
[0.364s] Level 1:colcon.colcon_core.package_identification:_identify(src/k12_description) by extension 'ros'
[0.365s] DEBUG:colcon.colcon_core.package_identification:Package 'src/k12_description' with type 'ros.ament_cmake' and name 'k12_description'
[0.365s] Level 1:colcon.colcon_core.package_discovery:discover_packages(recursive) using defaults
[0.365s] Level 1:colcon.colcon_core.package_discovery:discover_packages(ignore) discover
[0.365s] Level 1:colcon.colcon_core.package_discovery:discover_packages(ignore) using defaults
[0.365s] Level 1:colcon.colcon_core.package_discovery:discover_packages(path) discover
[0.365s] Level 1:colcon.colcon_core.package_discovery:discover_packages(path) using defaults
[0.390s] Level 1:colcon.colcon_core.package_discovery:discover_packages(prefix_path) check parameters
[0.390s] Level 1:colcon.colcon_core.package_discovery:discover_packages(prefix_path) discover
[0.392s] DEBUG:colcon.colcon_installed_package_information.package_discovery:Found 2 installed packages in /home/vijay/3d_rover/install
[0.394s] DEBUG:colcon.colcon_installed_package_information.package_discovery:Found 414 installed packages in /opt/ros/humble
[0.395s] Level 1:colcon.colcon_core.package_discovery:discover_packages(prefix_path) using defaults
[0.452s] Level 5:colcon.colcon_core.verb:set package 'k12_description' build argument 'cmake_args' from command line to 'None'
[0.452s] Level 5:colcon.colcon_core.verb:set package 'k12_description' build argument 'cmake_target' from command line to 'None'
[0.452s] Level 5:colcon.colcon_core.verb:set package 'k12_description' build argument 'cmake_target_skip_unavailable' from command line to 'False'
[0.452s] Level 5:colcon.colcon_core.verb:set package 'k12_description' build argument 'cmake_clean_cache' from command line to 'False'
[0.452s] Level 5:colcon.colcon_core.verb:set package 'k12_description' build argument 'cmake_clean_first' from command line to 'False'
[0.452s] Level 5:colcon.colcon_core.verb:set package 'k12_description' build argument 'cmake_force_configure' from command line to 'False'
[0.452s] Level 5:colcon.colcon_core.verb:set package 'k12_description' build argument 'ament_cmake_args' from command line to 'None'
[0.452s] Level 5:colcon.colcon_core.verb:set package 'k12_description' build argument 'catkin_cmake_args' from command line to 'None'
[0.452s] Level 5:colcon.colcon_core.verb:set package 'k12_description' build argument 'catkin_skip_building_tests' from command line to 'False'
[0.452s] DEBUG:colcon.colcon_core.verb:Building package 'k12_description' with the following arguments: {'ament_cmake_args': None, 'build_base': '/home/vijay/3d_rover/build/k12_description', 'catkin_cmake_args': None, 'catkin_skip_building_tests': False, 'cmake_args': None, 'cmake_clean_cache': False, 'cmake_clean_first': False, 'cmake_force_configure': False, 'cmake_target': None, 'cmake_target_skip_unavailable': False, 'install_base': '/home/vijay/3d_rover/install/k12_description', 'merge_install': False, 'path': '/home/vijay/3d_rover/src/k12_description', 'symlink_install': False, 'test_result_base': None}
[0.452s] Level 5:colcon.colcon_core.verb:set package 'lio_sam' build argument 'cmake_args' from command line to 'None'
[0.452s] Level 5:colcon.colcon_core.verb:set package 'lio_sam' build argument 'cmake_target' from command line to 'None'
[0.452s] Level 5:colcon.colcon_core.verb:set package 'lio_sam' build argument 'cmake_target_skip_unavailable' from command line to 'False'
[0.452s] Level 5:colcon.colcon_core.verb:set package 'lio_sam' build argument 'cmake_clean_cache' from command line to 'False'
[0.452s] Level 5:colcon.colcon_core.verb:set package 'lio_sam' build argument 'cmake_clean_first' from command line to 'False'
[0.452s] Level 5:colcon.colcon_core.verb:set package 'lio_sam' build argument 'cmake_force_configure' from command line to 'False'
[0.452s] Level 5:colcon.colcon_core.verb:set package 'lio_sam' build argument 'ament_cmake_args' from command line to 'None'
[0.452s] Level 5:colcon.colcon_core.verb:set package 'lio_sam' build argument 'catkin_cmake_args' from command line to 'None'
[0.452s] Level 5:colcon.colcon_core.verb:set package 'lio_sam' build argument 'catkin_skip_building_tests' from command line to 'False'
[0.452s] DEBUG:colcon.colcon_core.verb:Building package 'lio_sam' with the following arguments: {'ament_cmake_args': None, 'build_base': '/home/vijay/3d_rover/build/lio_sam', 'catkin_cmake_args': None, 'catkin_skip_building_tests': False, 'cmake_args': None, 'cmake_clean_cache': False, 'cmake_clean_first': False, 'cmake_force_configure': False, 'cmake_target': None, 'cmake_target_skip_unavailable': False, 'install_base': '/home/vijay/3d_rover/install/lio_sam', 'merge_install': False, 'path': '/home/vijay/3d_rover/src/LIO-SAM', 'symlink_install': False, 'test_result_base': None}
[0.452s] INFO:colcon.colcon_core.executor:Executing jobs using 'parallel' executor
[0.453s] DEBUG:colcon.colcon_parallel_executor.executor.parallel:run_until_complete
[0.453s] INFO:colcon.colcon_ros.task.ament_cmake.build:Building ROS package in '/home/vijay/3d_rover/src/k12_description' with build type 'ament_cmake'
[0.453s] INFO:colcon.colcon_cmake.task.cmake.build:Building CMake package in '/home/vijay/3d_rover/src/k12_description'
[0.456s] INFO:colcon.colcon_core.plugin_system:Skipping extension 'colcon_core.shell.bat': Not used on non-Windows systems
[0.456s] INFO:colcon.colcon_core.shell:Skip shell extension 'powershell' for command environment: Not usable outside of PowerShell
[0.456s] DEBUG:colcon.colcon_core.shell:Skip shell extension 'dsv' for command environment
[0.458s] INFO:colcon.colcon_ros.task.ament_cmake.build:Building ROS package in '/home/vijay/3d_rover/src/LIO-SAM' with build type 'ament_cmake'
[0.459s] INFO:colcon.colcon_cmake.task.cmake.build:Building CMake package in '/home/vijay/3d_rover/src/LIO-SAM'
[0.459s] INFO:colcon.colcon_core.shell:Skip shell extension 'powershell' for command environment: Not usable outside of PowerShell
[0.459s] DEBUG:colcon.colcon_core.shell:Skip shell extension 'dsv' for command environment
[0.465s] DEBUG:colcon.colcon_core.event_handler.log_command:Invoking command in '/home/vijay/3d_rover/build/k12_description': CMAKE_PREFIX_PATH=${CMAKE_PREFIX_PATH}:/opt/ros/humble /usr/bin/cmake --build /home/vijay/3d_rover/build/k12_description -- -j12 -l12
[0.469s] DEBUG:colcon.colcon_core.event_handler.log_command:Invoking command in '/home/vijay/3d_rover/build/lio_sam': CMAKE_PREFIX_PATH=${CMAKE_PREFIX_PATH}:/opt/ros/humble /usr/bin/cmake --build /home/vijay/3d_rover/build/lio_sam -- -j12 -l12
[0.543s] DEBUG:colcon.colcon_core.event_handler.log_command:Invoked command in '/home/vijay/3d_rover/build/k12_description' returned '0': CMAKE_PREFIX_PATH=${CMAKE_PREFIX_PATH}:/opt/ros/humble /usr/bin/cmake --build /home/vijay/3d_rover/build/k12_description -- -j12 -l12
[0.552s] DEBUG:colcon.colcon_core.event_handler.log_command:Invoking command in '/home/vijay/3d_rover/build/k12_description': CMAKE_PREFIX_PATH=${CMAKE_PREFIX_PATH}:/opt/ros/humble /usr/bin/cmake --install /home/vijay/3d_rover/build/k12_description
[0.577s] Level 1:colcon.colcon_core.environment:create_environment_scripts_only(k12_description)
[0.578s] DEBUG:colcon.colcon_core.event_handler.log_command:Invoked command in '/home/vijay/3d_rover/build/k12_description' returned '0': CMAKE_PREFIX_PATH=${CMAKE_PREFIX_PATH}:/opt/ros/humble /usr/bin/cmake --install /home/vijay/3d_rover/build/k12_description
[0.582s] Level 1:colcon.colcon_core.environment:checking '/home/vijay/3d_rover/install/k12_description' for CMake module files
[0.583s] Level 1:colcon.colcon_core.environment:checking '/home/vijay/3d_rover/install/k12_description' for CMake config files
[0.584s] Level 1:colcon.colcon_core.shell:create_environment_hook('k12_description', 'cmake_prefix_path')
[0.584s] INFO:colcon.colcon_core.shell:Creating environment hook '/home/vijay/3d_rover/install/k12_description/share/k12_description/hook/cmake_prefix_path.ps1'
[0.585s] INFO:colcon.colcon_core.shell:Creating environment descriptor '/home/vijay/3d_rover/install/k12_description/share/k12_description/hook/cmake_prefix_path.dsv'
[0.586s] INFO:colcon.colcon_core.shell:Creating environment hook '/home/vijay/3d_rover/install/k12_description/share/k12_description/hook/cmake_prefix_path.sh'
[0.588s] Level 1:colcon.colcon_core.environment:checking '/home/vijay/3d_rover/install/k12_description/bin'
[0.588s] Level 1:colcon.colcon_core.environment:checking '/home/vijay/3d_rover/install/k12_description/lib/pkgconfig/k12_description.pc'
[0.588s] Level 1:colcon.colcon_core.environment:checking '/home/vijay/3d_rover/install/k12_description/lib/python3.10/site-packages'
[0.589s] Level 1:colcon.colcon_core.environment:checking '/home/vijay/3d_rover/install/k12_description/bin'
[0.589s] INFO:colcon.colcon_core.shell:Creating package script '/home/vijay/3d_rover/install/k12_description/share/k12_description/package.ps1'
[0.590s] INFO:colcon.colcon_core.shell:Creating package descriptor '/home/vijay/3d_rover/install/k12_description/share/k12_description/package.dsv'
[0.591s] INFO:colcon.colcon_core.shell:Creating package script '/home/vijay/3d_rover/install/k12_description/share/k12_description/package.sh'
[0.592s] INFO:colcon.colcon_core.shell:Creating package script '/home/vijay/3d_rover/install/k12_description/share/k12_description/package.bash'
[0.593s] INFO:colcon.colcon_core.shell:Creating package script '/home/vijay/3d_rover/install/k12_description/share/k12_description/package.zsh'
[0.595s] Level 1:colcon.colcon_core.environment:create_file_with_runtime_dependencies(/home/vijay/3d_rover/install/k12_description/share/colcon-core/packages/k12_description)
[0.595s] Level 1:colcon.colcon_core.environment:create_environment_scripts_only(k12_description)
[0.596s] Level 1:colcon.colcon_core.environment:checking '/home/vijay/3d_rover/install/k12_description' for CMake module files
[0.596s] Level 1:colcon.colcon_core.environment:checking '/home/vijay/3d_rover/install/k12_description' for CMake config files
[0.596s] Level 1:colcon.colcon_core.shell:create_environment_hook('k12_description', 'cmake_prefix_path')
[0.597s] INFO:colcon.colcon_core.shell:Creating environment hook '/home/vijay/3d_rover/install/k12_description/share/k12_description/hook/cmake_prefix_path.ps1'
[0.597s] INFO:colcon.colcon_core.shell:Creating environment descriptor '/home/vijay/3d_rover/install/k12_description/share/k12_description/hook/cmake_prefix_path.dsv'
[0.598s] INFO:colcon.colcon_core.shell:Creating environment hook '/home/vijay/3d_rover/install/k12_description/share/k12_description/hook/cmake_prefix_path.sh'
[0.598s] Level 1:colcon.colcon_core.environment:checking '/home/vijay/3d_rover/install/k12_description/bin'
[0.598s] Level 1:colcon.colcon_core.environment:checking '/home/vijay/3d_rover/install/k12_description/lib/pkgconfig/k12_description.pc'
[0.599s] Level 1:colcon.colcon_core.environment:checking '/home/vijay/3d_rover/install/k12_description/lib/python3.10/site-packages'
[0.599s] Level 1:colcon.colcon_core.environment:checking '/home/vijay/3d_rover/install/k12_description/bin'
[0.599s] INFO:colcon.colcon_core.shell:Creating package script '/home/vijay/3d_rover/install/k12_description/share/k12_description/package.ps1'
[0.600s] INFO:colcon.colcon_core.shell:Creating package descriptor '/home/vijay/3d_rover/install/k12_description/share/k12_description/package.dsv'
[0.600s] INFO:colcon.colcon_core.shell:Creating package script '/home/vijay/3d_rover/install/k12_description/share/k12_description/package.sh'
[0.601s] INFO:colcon.colcon_core.shell:Creating package script '/home/vijay/3d_rover/install/k12_description/share/k12_description/package.bash'
[0.601s] INFO:colcon.colcon_core.shell:Creating package script '/home/vijay/3d_rover/install/k12_description/share/k12_description/package.zsh'
[0.601s] Level 1:colcon.colcon_core.environment:create_file_with_runtime_dependencies(/home/vijay/3d_rover/install/k12_description/share/colcon-core/packages/k12_description)
[0.759s] DEBUG:colcon.colcon_core.event_handler.log_command:Invoked command in '/home/vijay/3d_rover/build/lio_sam' returned '0': CMAKE_PREFIX_PATH=${CMAKE_PREFIX_PATH}:/opt/ros/humble /usr/bin/cmake --build /home/vijay/3d_rover/build/lio_sam -- -j12 -l12
[0.761s] DEBUG:colcon.colcon_core.event_handler.log_command:Invoking command in '/home/vijay/3d_rover/build/lio_sam': CMAKE_PREFIX_PATH=${CMAKE_PREFIX_PATH}:/opt/ros/humble /usr/bin/cmake --install /home/vijay/3d_rover/build/lio_sam
[0.832s] Level 1:colcon.colcon_core.environment:create_environment_scripts_only(lio_sam)
[0.832s] Level 1:colcon.colcon_core.environment:checking '/home/vijay/3d_rover/install/lio_sam' for CMake module files
[0.833s] DEBUG:colcon.colcon_core.event_handler.log_command:Invoked command in '/home/vijay/3d_rover/build/lio_sam' returned '0': CMAKE_PREFIX_PATH=${CMAKE_PREFIX_PATH}:/opt/ros/humble /usr/bin/cmake --install /home/vijay/3d_rover/build/lio_sam
[0.833s] Level 1:colcon.colcon_core.environment:checking '/home/vijay/3d_rover/install/lio_sam' for CMake config files
[0.834s] Level 1:colcon.colcon_core.shell:create_environment_hook('lio_sam', 'cmake_prefix_path')
[0.834s] INFO:colcon.colcon_core.shell:Creating environment hook '/home/vijay/3d_rover/install/lio_sam/share/lio_sam/hook/cmake_prefix_path.ps1'
[0.834s] INFO:colcon.colcon_core.shell:Creating environment descriptor '/home/vijay/3d_rover/install/lio_sam/share/lio_sam/hook/cmake_prefix_path.dsv'
[0.835s] INFO:colcon.colcon_core.shell:Creating environment hook '/home/vijay/3d_rover/install/lio_sam/share/lio_sam/hook/cmake_prefix_path.sh'
[0.835s] Level 1:colcon.colcon_core.environment:checking '/home/vijay/3d_rover/install/lio_sam/lib'
[0.835s] Level 1:colcon.colcon_core.shell:create_environment_hook('lio_sam', 'ld_library_path_lib')
[0.835s] INFO:colcon.colcon_core.shell:Creating environment hook '/home/vijay/3d_rover/install/lio_sam/share/lio_sam/hook/ld_library_path_lib.ps1'
[0.836s] INFO:colcon.colcon_core.shell:Creating environment descriptor '/home/vijay/3d_rover/install/lio_sam/share/lio_sam/hook/ld_library_path_lib.dsv'
[0.836s] INFO:colcon.colcon_core.shell:Creating environment hook '/home/vijay/3d_rover/install/lio_sam/share/lio_sam/hook/ld_library_path_lib.sh'
[0.836s] Level 1:colcon.colcon_core.environment:checking '/home/vijay/3d_rover/install/lio_sam/bin'
[0.836s] Level 1:colcon.colcon_core.environment:checking '/home/vijay/3d_rover/install/lio_sam/lib/pkgconfig/lio_sam.pc'
[0.836s] Level 1:colcon.colcon_core.environment:checking '/home/vijay/3d_rover/install/lio_sam/lib/python3.10/site-packages'
[0.836s] Level 1:colcon.colcon_core.environment:checking '/home/vijay/3d_rover/install/lio_sam/bin'
[0.837s] INFO:colcon.colcon_core.shell:Creating package script '/home/vijay/3d_rover/install/lio_sam/share/lio_sam/package.ps1'
[0.837s] INFO:colcon.colcon_core.shell:Creating package descriptor '/home/vijay/3d_rover/install/lio_sam/share/lio_sam/package.dsv'
[0.837s] INFO:colcon.colcon_core.shell:Creating package script '/home/vijay/3d_rover/install/lio_sam/share/lio_sam/package.sh'
[0.838s] INFO:colcon.colcon_core.shell:Creating package script '/home/vijay/3d_rover/install/lio_sam/share/lio_sam/package.bash'
[0.838s] INFO:colcon.colcon_core.shell:Creating package script '/home/vijay/3d_rover/install/lio_sam/share/lio_sam/package.zsh'
[0.838s] Level 1:colcon.colcon_core.environment:create_file_with_runtime_dependencies(/home/vijay/3d_rover/install/lio_sam/share/colcon-core/packages/lio_sam)
[0.839s] Level 1:colcon.colcon_core.environment:create_environment_scripts_only(lio_sam)
[0.839s] Level 1:colcon.colcon_core.environment:checking '/home/vijay/3d_rover/install/lio_sam' for CMake module files
[0.839s] Level 1:colcon.colcon_core.environment:checking '/home/vijay/3d_rover/install/lio_sam' for CMake config files
[0.840s] Level 1:colcon.colcon_core.shell:create_environment_hook('lio_sam', 'cmake_prefix_path')
[0.840s] INFO:colcon.colcon_core.shell:Creating environment hook '/home/vijay/3d_rover/install/lio_sam/share/lio_sam/hook/cmake_prefix_path.ps1'
[0.840s] INFO:colcon.colcon_core.shell:Creating environment descriptor '/home/vijay/3d_rover/install/lio_sam/share/lio_sam/hook/cmake_prefix_path.dsv'
[0.840s] INFO:colcon.colcon_core.shell:Creating environment hook '/home/vijay/3d_rover/install/lio_sam/share/lio_sam/hook/cmake_prefix_path.sh'
[0.841s] Level 1:colcon.colcon_core.environment:checking '/home/vijay/3d_rover/install/lio_sam/lib'
[0.841s] Level 1:colcon.colcon_core.shell:create_environment_hook('lio_sam', 'ld_library_path_lib')
[0.841s] INFO:colcon.colcon_core.shell:Creating environment hook '/home/vijay/3d_rover/install/lio_sam/share/lio_sam/hook/ld_library_path_lib.ps1'
[0.841s] INFO:colcon.colcon_core.shell:Creating environment descriptor '/home/vijay/3d_rover/install/lio_sam/share/lio_sam/hook/ld_library_path_lib.dsv'
[0.842s] INFO:colcon.colcon_core.shell:Creating environment hook '/home/vijay/3d_rover/install/lio_sam/share/lio_sam/hook/ld_library_path_lib.sh'
[0.842s] Level 1:colcon.colcon_core.environment:checking '/home/vijay/3d_rover/install/lio_sam/bin'
[0.842s] Level 1:colcon.colcon_core.environment:checking '/home/vijay/3d_rover/install/lio_sam/lib/pkgconfig/lio_sam.pc'
[0.842s] Level 1:colcon.colcon_core.environment:checking '/home/vijay/3d_rover/install/lio_sam/lib/python3.10/site-packages'
[0.842s] Level 1:colcon.colcon_core.environment:checking '/home/vijay/3d_rover/install/lio_sam/bin'
[0.843s] INFO:colcon.colcon_core.shell:Creating package script '/home/vijay/3d_rover/install/lio_sam/share/lio_sam/package.ps1'
[0.843s] INFO:colcon.colcon_core.shell:Creating package descriptor '/home/vijay/3d_rover/install/lio_sam/share/lio_sam/package.dsv'
[0.843s] INFO:colcon.colcon_core.shell:Creating package script '/home/vijay/3d_rover/install/lio_sam/share/lio_sam/package.sh'
[0.844s] INFO:colcon.colcon_core.shell:Creating package script '/home/vijay/3d_rover/install/lio_sam/share/lio_sam/package.bash'
[0.844s] INFO:colcon.colcon_core.shell:Creating package script '/home/vijay/3d_rover/install/lio_sam/share/lio_sam/package.zsh'
[0.844s] Level 1:colcon.colcon_core.environment:create_file_with_runtime_dependencies(/home/vijay/3d_rover/install/lio_sam/share/colcon-core/packages/lio_sam)
[0.845s] DEBUG:colcon.colcon_parallel_executor.executor.parallel:closing loop
[0.845s] DEBUG:colcon.colcon_parallel_executor.executor.parallel:loop closed
[0.845s] DEBUG:colcon.colcon_parallel_executor.executor.parallel:run_until_complete finished with '0'
[0.845s] DEBUG:colcon.colcon_core.event_reactor:joining thread
[0.852s] INFO:colcon.colcon_core.plugin_system:Skipping extension 'colcon_notification.desktop_notification.terminal_notifier': Not used on non-Darwin systems
[0.852s] INFO:colcon.colcon_core.plugin_system:Skipping extension 'colcon_notification.desktop_notification.win32': Not used on non-Windows systems
[0.852s] INFO:colcon.colcon_notification.desktop_notification:Sending desktop notification using 'notify2'
[0.861s] DEBUG:colcon.colcon_core.event_reactor:joined thread
[0.861s] INFO:colcon.colcon_core.shell:Creating prefix script '/home/vijay/3d_rover/install/local_setup.ps1'
[0.862s] INFO:colcon.colcon_core.shell:Creating prefix util module '/home/vijay/3d_rover/install/_local_setup_util_ps1.py'
[0.863s] INFO:colcon.colcon_core.shell:Creating prefix chain script '/home/vijay/3d_rover/install/setup.ps1'
[0.864s] INFO:colcon.colcon_core.shell:Creating prefix script '/home/vijay/3d_rover/install/local_setup.sh'
[0.865s] INFO:colcon.colcon_core.shell:Creating prefix util module '/home/vijay/3d_rover/install/_local_setup_util_sh.py'
[0.865s] INFO:colcon.colcon_core.shell:Creating prefix chain script '/home/vijay/3d_rover/install/setup.sh'
[0.866s] INFO:colcon.colcon_core.shell:Creating prefix script '/home/vijay/3d_rover/install/local_setup.bash'
[0.867s] INFO:colcon.colcon_core.shell:Creating prefix chain script '/home/vijay/3d_rover/install/setup.bash'
[0.867s] INFO:colcon.colcon_core.shell:Creating prefix script '/home/vijay/3d_rover/install/local_setup.zsh'
[0.868s] INFO:colcon.colcon_core.shell:Creating prefix chain script '/home/vijay/3d_rover/install/setup.zsh'
