[0.100s] DEBUG:colcon:Command line arguments: ['/usr/bin/colcon', 'list', '-p', '--base-paths', '/home/vijay/3d_mapping']
[0.100s] DEBUG:colcon:Parsed command line arguments: Namespace(log_base=None, log_level=None, verb_name='list', build_base='build', ignore_user_meta=False, metas=['./colcon.meta'], base_paths=['/home/vijay/3d_mapping'], packages_ignore=None, packages_ignore_regex=None, paths=None, packages_up_to=None, packages_up_to_regex=None, packages_above=None, packages_above_and_dependencies=None, packages_above_depth=None, packages_select_by_dep=None, packages_skip_by_dep=None, packages_skip_up_to=None, packages_select_build_failed=False, packages_skip_build_finished=False, packages_select_test_failures=False, packages_skip_test_passed=False, packages_select=None, packages_skip=None, packages_select_regex=None, packages_skip_regex=None, packages_start=None, packages_end=None, allow_overriding=[], topological_order=False, names_only=False, paths_only=True, topological_graph=False, topological_graph_dot=False, topological_graph_density=False, topological_graph_legend=False, topological_graph_dot_cluster=False, topological_graph_dot_include_skipped=False, mixin_files=None, mixin=None, verb_parser=<colcon_mixin.mixin.mixin_argument.MixinArgumentDecorator object at 0x731db1d8b220>, verb_extension=<colcon_package_information.verb.list.ListVerb object at 0x731db1d8a4a0>, main=<bound method ListVerb.main of <colcon_package_information.verb.list.ListVerb object at 0x731db1d8a4a0>>, mixin_verb=('list',))
[0.248s] Level 1:colcon.colcon_core.package_discovery:discover_packages(colcon_meta) check parameters
[0.248s] Level 1:colcon.colcon_core.package_discovery:discover_packages(recursive) check parameters
[0.248s] Level 1:colcon.colcon_core.package_discovery:discover_packages(ignore) check parameters
[0.248s] Level 1:colcon.colcon_core.package_discovery:discover_packages(path) check parameters
[0.248s] Level 1:colcon.colcon_core.package_discovery:discover_packages(recursive) discover
[0.248s] INFO:colcon.colcon_core.package_discovery:Crawling recursively for packages in '/home/vijay/3d_mapping'
[0.248s] Level 1:colcon.colcon_core.package_identification:_identify(/home/vijay/3d_mapping) by extensions ['ignore', 'ignore_ament_install']
[0.249s] Level 1:colcon.colcon_core.package_identification:_identify(/home/vijay/3d_mapping) by extension 'ignore'
[0.249s] Level 1:colcon.colcon_core.package_identification:_identify(/home/vijay/3d_mapping) by extension 'ignore_ament_install'
[0.249s] Level 1:colcon.colcon_core.package_identification:_identify(/home/vijay/3d_mapping) by extensions ['colcon_pkg']
[0.249s] Level 1:colcon.colcon_core.package_identification:_identify(/home/vijay/3d_mapping) by extension 'colcon_pkg'
[0.249s] Level 1:colcon.colcon_core.package_identification:_identify(/home/vijay/3d_mapping) by extensions ['colcon_meta']
[0.249s] Level 1:colcon.colcon_core.package_identification:_identify(/home/vijay/3d_mapping) by extension 'colcon_meta'
[0.249s] Level 1:colcon.colcon_core.package_identification:_identify(/home/vijay/3d_mapping) by extensions ['ros']
[0.249s] Level 1:colcon.colcon_core.package_identification:_identify(/home/vijay/3d_mapping) by extension 'ros'
[0.257s] Level 1:colcon.colcon_core.package_identification:_identify(/home/vijay/3d_mapping) by extensions ['cmake', 'python']
[0.258s] Level 1:colcon.colcon_core.package_identification:_identify(/home/vijay/3d_mapping) by extension 'cmake'
[0.258s] Level 1:colcon.colcon_core.package_identification:_identify(/home/vijay/3d_mapping) by extension 'python'
[0.258s] Level 1:colcon.colcon_core.package_identification:_identify(/home/vijay/3d_mapping) by extensions ['python_setup_py']
[0.258s] Level 1:colcon.colcon_core.package_identification:_identify(/home/vijay/3d_mapping) by extension 'python_setup_py'
[0.258s] Level 1:colcon.colcon_core.package_identification:_identify(/home/vijay/3d_mapping/LOAM) by extensions ['ignore', 'ignore_ament_install']
[0.258s] Level 1:colcon.colcon_core.package_identification:_identify(/home/vijay/3d_mapping/LOAM) by extension 'ignore'
[0.258s] Level 1:colcon.colcon_core.package_identification:_identify(/home/vijay/3d_mapping/LOAM) by extension 'ignore_ament_install'
[0.258s] Level 1:colcon.colcon_core.package_identification:_identify(/home/vijay/3d_mapping/LOAM) by extensions ['colcon_pkg']
[0.258s] Level 1:colcon.colcon_core.package_identification:_identify(/home/vijay/3d_mapping/LOAM) by extension 'colcon_pkg'
[0.258s] Level 1:colcon.colcon_core.package_identification:_identify(/home/vijay/3d_mapping/LOAM) by extensions ['colcon_meta']
[0.258s] Level 1:colcon.colcon_core.package_identification:_identify(/home/vijay/3d_mapping/LOAM) by extension 'colcon_meta'
[0.258s] Level 1:colcon.colcon_core.package_identification:_identify(/home/vijay/3d_mapping/LOAM) by extensions ['ros']
[0.258s] Level 1:colcon.colcon_core.package_identification:_identify(/home/vijay/3d_mapping/LOAM) by extension 'ros'
[0.258s] Level 1:colcon.colcon_core.package_identification:_identify(/home/vijay/3d_mapping/LOAM) by extensions ['cmake', 'python']
[0.258s] Level 1:colcon.colcon_core.package_identification:_identify(/home/vijay/3d_mapping/LOAM) by extension 'cmake'
[0.258s] Level 1:colcon.colcon_core.package_identification:_identify(/home/vijay/3d_mapping/LOAM) by extension 'python'
[0.258s] Level 1:colcon.colcon_core.package_identification:_identify(/home/vijay/3d_mapping/LOAM) by extensions ['python_setup_py']
[0.258s] Level 1:colcon.colcon_core.package_identification:_identify(/home/vijay/3d_mapping/LOAM) by extension 'python_setup_py'
[0.258s] Level 1:colcon.colcon_core.package_identification:_identify(/home/vijay/3d_mapping/build) by extensions ['ignore', 'ignore_ament_install']
[0.258s] Level 1:colcon.colcon_core.package_identification:_identify(/home/vijay/3d_mapping/build) by extension 'ignore'
[0.258s] Level 1:colcon.colcon_core.package_identification:_identify(/home/vijay/3d_mapping/build) ignored
[0.258s] Level 1:colcon.colcon_core.package_identification:_identify(/home/vijay/3d_mapping/install) by extensions ['ignore', 'ignore_ament_install']
[0.258s] Level 1:colcon.colcon_core.package_identification:_identify(/home/vijay/3d_mapping/install) by extension 'ignore'
[0.258s] Level 1:colcon.colcon_core.package_identification:_identify(/home/vijay/3d_mapping/install) ignored
[0.259s] Level 1:colcon.colcon_core.package_identification:_identify(/home/vijay/3d_mapping/log) by extensions ['ignore', 'ignore_ament_install']
[0.259s] Level 1:colcon.colcon_core.package_identification:_identify(/home/vijay/3d_mapping/log) by extension 'ignore'
[0.259s] Level 1:colcon.colcon_core.package_identification:_identify(/home/vijay/3d_mapping/log) ignored
[0.259s] Level 1:colcon.colcon_core.package_identification:_identify(/home/vijay/3d_mapping/maps) by extensions ['ignore', 'ignore_ament_install']
[0.259s] Level 1:colcon.colcon_core.package_identification:_identify(/home/vijay/3d_mapping/maps) by extension 'ignore'
[0.259s] Level 1:colcon.colcon_core.package_identification:_identify(/home/vijay/3d_mapping/maps) by extension 'ignore_ament_install'
[0.259s] Level 1:colcon.colcon_core.package_identification:_identify(/home/vijay/3d_mapping/maps) by extensions ['colcon_pkg']
[0.259s] Level 1:colcon.colcon_core.package_identification:_identify(/home/vijay/3d_mapping/maps) by extension 'colcon_pkg'
[0.259s] Level 1:colcon.colcon_core.package_identification:_identify(/home/vijay/3d_mapping/maps) by extensions ['colcon_meta']
[0.259s] Level 1:colcon.colcon_core.package_identification:_identify(/home/vijay/3d_mapping/maps) by extension 'colcon_meta'
[0.259s] Level 1:colcon.colcon_core.package_identification:_identify(/home/vijay/3d_mapping/maps) by extensions ['ros']
[0.259s] Level 1:colcon.colcon_core.package_identification:_identify(/home/vijay/3d_mapping/maps) by extension 'ros'
[0.259s] Level 1:colcon.colcon_core.package_identification:_identify(/home/vijay/3d_mapping/maps) by extensions ['cmake', 'python']
[0.259s] Level 1:colcon.colcon_core.package_identification:_identify(/home/vijay/3d_mapping/maps) by extension 'cmake'
[0.259s] Level 1:colcon.colcon_core.package_identification:_identify(/home/vijay/3d_mapping/maps) by extension 'python'
[0.259s] Level 1:colcon.colcon_core.package_identification:_identify(/home/vijay/3d_mapping/maps) by extensions ['python_setup_py']
[0.259s] Level 1:colcon.colcon_core.package_identification:_identify(/home/vijay/3d_mapping/maps) by extension 'python_setup_py'
[0.259s] Level 1:colcon.colcon_core.package_identification:_identify(/home/vijay/3d_mapping/src) by extensions ['ignore', 'ignore_ament_install']
[0.259s] Level 1:colcon.colcon_core.package_identification:_identify(/home/vijay/3d_mapping/src) by extension 'ignore'
[0.259s] Level 1:colcon.colcon_core.package_identification:_identify(/home/vijay/3d_mapping/src) by extension 'ignore_ament_install'
[0.259s] Level 1:colcon.colcon_core.package_identification:_identify(/home/vijay/3d_mapping/src) by extensions ['colcon_pkg']
[0.259s] Level 1:colcon.colcon_core.package_identification:_identify(/home/vijay/3d_mapping/src) by extension 'colcon_pkg'
[0.259s] Level 1:colcon.colcon_core.package_identification:_identify(/home/vijay/3d_mapping/src) by extensions ['colcon_meta']
[0.259s] Level 1:colcon.colcon_core.package_identification:_identify(/home/vijay/3d_mapping/src) by extension 'colcon_meta'
[0.259s] Level 1:colcon.colcon_core.package_identification:_identify(/home/vijay/3d_mapping/src) by extensions ['ros']
[0.259s] Level 1:colcon.colcon_core.package_identification:_identify(/home/vijay/3d_mapping/src) by extension 'ros'
[0.259s] Level 1:colcon.colcon_core.package_identification:_identify(/home/vijay/3d_mapping/src) by extensions ['cmake', 'python']
[0.259s] Level 1:colcon.colcon_core.package_identification:_identify(/home/vijay/3d_mapping/src) by extension 'cmake'
[0.259s] Level 1:colcon.colcon_core.package_identification:_identify(/home/vijay/3d_mapping/src) by extension 'python'
[0.259s] Level 1:colcon.colcon_core.package_identification:_identify(/home/vijay/3d_mapping/src) by extensions ['python_setup_py']
[0.259s] Level 1:colcon.colcon_core.package_identification:_identify(/home/vijay/3d_mapping/src) by extension 'python_setup_py'
[0.259s] Level 1:colcon.colcon_core.package_identification:_identify(/home/vijay/3d_mapping/src/LIO-SAM) by extensions ['ignore', 'ignore_ament_install']
[0.260s] Level 1:colcon.colcon_core.package_identification:_identify(/home/vijay/3d_mapping/src/LIO-SAM) by extension 'ignore'
[0.260s] Level 1:colcon.colcon_core.package_identification:_identify(/home/vijay/3d_mapping/src/LIO-SAM) by extension 'ignore_ament_install'
[0.260s] Level 1:colcon.colcon_core.package_identification:_identify(/home/vijay/3d_mapping/src/LIO-SAM) by extensions ['colcon_pkg']
[0.260s] Level 1:colcon.colcon_core.package_identification:_identify(/home/vijay/3d_mapping/src/LIO-SAM) by extension 'colcon_pkg'
[0.260s] Level 1:colcon.colcon_core.package_identification:_identify(/home/vijay/3d_mapping/src/LIO-SAM) by extensions ['colcon_meta']
[0.260s] Level 1:colcon.colcon_core.package_identification:_identify(/home/vijay/3d_mapping/src/LIO-SAM) by extension 'colcon_meta'
[0.260s] Level 1:colcon.colcon_core.package_identification:_identify(/home/vijay/3d_mapping/src/LIO-SAM) by extensions ['ros']
[0.260s] Level 1:colcon.colcon_core.package_identification:_identify(/home/vijay/3d_mapping/src/LIO-SAM) by extension 'ros'
[0.262s] DEBUG:colcon.colcon_core.package_identification:Package '/home/vijay/3d_mapping/src/LIO-SAM' with type 'ros.ament_cmake' and name 'lio_sam'
[0.262s] Level 1:colcon.colcon_core.package_identification:_identify(/home/vijay/3d_mapping/src/k12_description) by extensions ['ignore', 'ignore_ament_install']
[0.263s] Level 1:colcon.colcon_core.package_identification:_identify(/home/vijay/3d_mapping/src/k12_description) by extension 'ignore'
[0.263s] Level 1:colcon.colcon_core.package_identification:_identify(/home/vijay/3d_mapping/src/k12_description) by extension 'ignore_ament_install'
[0.263s] Level 1:colcon.colcon_core.package_identification:_identify(/home/vijay/3d_mapping/src/k12_description) by extensions ['colcon_pkg']
[0.263s] Level 1:colcon.colcon_core.package_identification:_identify(/home/vijay/3d_mapping/src/k12_description) by extension 'colcon_pkg'
[0.263s] Level 1:colcon.colcon_core.package_identification:_identify(/home/vijay/3d_mapping/src/k12_description) by extensions ['colcon_meta']
[0.263s] Level 1:colcon.colcon_core.package_identification:_identify(/home/vijay/3d_mapping/src/k12_description) by extension 'colcon_meta'
[0.263s] Level 1:colcon.colcon_core.package_identification:_identify(/home/vijay/3d_mapping/src/k12_description) by extensions ['ros']
[0.263s] Level 1:colcon.colcon_core.package_identification:_identify(/home/vijay/3d_mapping/src/k12_description) by extension 'ros'
[0.264s] DEBUG:colcon.colcon_core.package_identification:Package '/home/vijay/3d_mapping/src/k12_description' with type 'ros.ament_cmake' and name 'k12_description'
[0.264s] Level 1:colcon.colcon_core.package_discovery:discover_packages(recursive) using defaults
