[0.009s] Invoking command in '/home/vijay/3d_rover/build/k12_description': CMAKE_PREFIX_PATH=${CMAKE_PREFIX_PATH}:/opt/ros/humble /usr/bin/cmake /home/vijay/3d_rover/src/k12_description -DCMAKE_INSTALL_PREFIX=/home/vijay/3d_rover/install/k12_description
[0.095s] -- The C compiler identification is GNU 11.4.0
[0.166s] -- The CXX compiler identification is GNU 11.4.0
[0.172s] -- Detecting C compiler ABI info
[0.223s] -- Detecting C compiler ABI info - done
[0.230s] -- Check for working C compiler: /usr/bin/cc - skipped
[0.230s] -- Detecting C compile features
[0.230s] -- Detecting C compile features - done
[0.232s] -- Detecting CXX compiler ABI info
[0.289s] -- Detecting CXX compiler ABI info - done
[0.294s] -- Check for working CXX compiler: /usr/bin/c++ - skipped
[0.294s] -- Detecting CXX compile features
[0.294s] -- Detecting CXX compile features - done
[0.296s] -- Found ament_cmake: 1.3.12 (/opt/ros/humble/share/ament_cmake/cmake)
[0.396s] -- Found Python3: /usr/bin/python3 (found version "3.10.12") found components: Interpreter 
[0.464s] -- Found rclcpp: 16.0.16 (/opt/ros/humble/share/rclcpp/cmake)
[0.498s] -- Found rosidl_generator_c: 3.1.7 (/opt/ros/humble/share/rosidl_generator_c/cmake)
[0.501s] -- Found rosidl_adapter: 3.1.7 (/opt/ros/humble/share/rosidl_adapter/cmake)
[0.506s] -- Found rosidl_generator_cpp: 3.1.7 (/opt/ros/humble/share/rosidl_generator_cpp/cmake)
[0.514s] -- Using all available rosidl_typesupport_c: rosidl_typesupport_fastrtps_c;rosidl_typesupport_introspection_c
[0.523s] -- Using all available rosidl_typesupport_cpp: rosidl_typesupport_fastrtps_cpp;rosidl_typesupport_introspection_cpp
[0.556s] -- Found rmw_implementation_cmake: 6.1.2 (/opt/ros/humble/share/rmw_implementation_cmake/cmake)
[0.558s] -- Found rmw_fastrtps_cpp: 6.2.9 (/opt/ros/humble/share/rmw_fastrtps_cpp/cmake)
[0.626s] -- Found OpenSSL: /usr/lib/x86_64-linux-gnu/libcrypto.so (found version "3.0.2")  
[0.647s] -- Found FastRTPS: /opt/ros/humble/include  
[0.678s] -- Using RMW implementation 'rmw_fastrtps_cpp' as default
[0.685s] -- Looking for pthread.h
[0.739s] -- Looking for pthread.h - found
[0.739s] -- Performing Test CMAKE_HAVE_LIBC_PTHREAD
[0.790s] -- Performing Test CMAKE_HAVE_LIBC_PTHREAD - Success
[0.791s] -- Found Threads: TRUE  
[0.832s] -- Found geometry_msgs: 4.9.0 (/opt/ros/humble/share/geometry_msgs/cmake)
[0.841s] -- Found sensor_msgs: 4.9.0 (/opt/ros/humble/share/sensor_msgs/cmake)
[0.853s] -- Found gazebo_ros: 3.9.0 (/opt/ros/humble/share/gazebo_ros/cmake)
[0.862s] -- Found PkgConfig: /usr/bin/pkg-config (found version "0.29.2") 
[0.863s] -- Checking for module 'bullet>=2.82'
[0.873s] --   Found bullet, version 3.05
[0.959s] -- Found fcl: /usr/include (found suitable version "0.7.0", minimum required is "0.5.0") 
[0.998s] -- Found assimp: /usr/include (found version "5.2.0") 
[1.011s] -- Found DART: /usr/include (Required is at least version "6.6") found components: dart 
[1.031s] -- Found Boost: /usr/lib/x86_64-linux-gnu/cmake/Boost-1.74.0/BoostConfig.cmake (found suitable version "1.74.0", minimum required is "1.40.0") found components: thread system filesystem program_options regex iostreams date_time 
[1.047s] -- Found Protobuf: /usr/lib/x86_64-linux-gnu/libprotobuf.so (found version "3.12.4") 
[1.052s] -- Looking for ignition-math6 -- found version 6.15.1
[1.058s] -- Searching for dependencies of ignition-math6
[1.059s] -- Looking for OGRE...
[1.060s] -- OGRE_PREFIX_WATCH changed.
[1.064s] -- Checking for module 'OGRE'
[1.075s] --   Found OGRE, version 1.9.0
[1.100s] -- Found Ogre Ghadamon (1.9.0)
[1.106s] -- Found OGRE: optimized;/usr/lib/x86_64-linux-gnu/libOgreMain.so;debug;/usr/lib/x86_64-linux-gnu/libOgreMain.so
[1.113s] -- Looking for OGRE_Paging...
[1.118s] -- Found OGRE_Paging: optimized;/usr/lib/x86_64-linux-gnu/libOgrePaging.so;debug;/usr/lib/x86_64-linux-gnu/libOgrePaging.so
[1.118s] -- Looking for OGRE_Terrain...
[1.122s] -- Found OGRE_Terrain: optimized;/usr/lib/x86_64-linux-gnu/libOgreTerrain.so;debug;/usr/lib/x86_64-linux-gnu/libOgreTerrain.so
[1.122s] -- Looking for OGRE_Property...
[1.126s] -- Found OGRE_Property: optimized;/usr/lib/x86_64-linux-gnu/libOgreProperty.so;debug;/usr/lib/x86_64-linux-gnu/libOgreProperty.so
[1.126s] -- Looking for OGRE_RTShaderSystem...
[1.130s] -- Found OGRE_RTShaderSystem: optimized;/usr/lib/x86_64-linux-gnu/libOgreRTShaderSystem.so;debug;/usr/lib/x86_64-linux-gnu/libOgreRTShaderSystem.so
[1.130s] -- Looking for OGRE_Volume...
[1.134s] -- Found OGRE_Volume: optimized;/usr/lib/x86_64-linux-gnu/libOgreVolume.so;debug;/usr/lib/x86_64-linux-gnu/libOgreVolume.so
[1.134s] -- Looking for OGRE_Overlay...
[1.138s] -- Found OGRE_Overlay: optimized;/usr/lib/x86_64-linux-gnu/libOgreOverlay.so;debug;/usr/lib/x86_64-linux-gnu/libOgreOverlay.so
[1.216s] -- Looking for ignition-math6 -- found version 6.15.1
[1.218s] -- Looking for ignition-transport8 -- found version 8.2.1
[1.218s] -- Searching for dependencies of ignition-transport8
[1.231s] -- Found Protobuf: /usr/lib/x86_64-linux-gnu/libprotobuf.so (found suitable version "3.12.4", minimum required is "3") 
[1.239s] -- Config-file not installed for ZeroMQ -- checking for pkg-config
[1.243s] -- Checking for module 'libzmq >= 4'
[1.254s] --   Found libzmq , version 4.3.4
[1.285s] -- Found ZeroMQ: TRUE (Required is at least version "4") 
[1.290s] -- Checking for module 'uuid'
[1.301s] --   Found uuid, version 2.37.2
[1.327s] -- Found UUID: TRUE  
[1.330s] -- Looking for ignition-msgs5 -- found version 5.8.1
[1.330s] -- Searching for dependencies of ignition-msgs5
[1.344s] -- Looking for ignition-math6 -- found version 6.15.1
[1.348s] -- Checking for module 'tinyxml2'
[1.358s] --   Found tinyxml2, version 9.0.0
[1.385s] -- Looking for ignition-msgs5 -- found version 5.8.1
[1.387s] -- Looking for ignition-common3 -- found version 3.14.0
[1.388s] -- Searching for dependencies of ignition-common3
[1.388s] -- Looking for dlfcn.h - found
[1.389s] -- Looking for libdl - found
[1.390s] -- Found DL: TRUE  
[1.399s] -- Found tinyobjloader: /usr/lib/x86_64-linux-gnu/cmake/tinyobjloader/tinyobjloader-config.cmake (found version "2.0.0") 
[1.400s] -- Searching for <ignition-common3> component [graphics]
[1.402s] -- Looking for ignition-common3-graphics -- found version 3.14.0
[1.402s] -- Searching for dependencies of ignition-common3-graphics
[1.402s] -- Looking for ignition-math6 -- found version 6.15.1
[1.405s] -- Looking for ignition-fuel_tools4 -- found version 4.4.0
[1.405s] -- Searching for dependencies of ignition-fuel_tools4
[1.471s] -- Found CURL: /usr/lib/x86_64-linux-gnu/libcurl.so (found version "7.81.0")  
[1.479s] -- Checking for module 'jsoncpp'
[1.490s] --   Found jsoncpp, version 1.9.5
[1.517s] -- Found JSONCPP: TRUE  
[1.523s] -- Checking for module 'libzip'
[1.534s] --   Found libzip, version 1.7.3
[1.562s] -- Found ZIP: TRUE  
[1.562s] -- Looking for ignition-common3 -- found version 3.14.0
[1.562s] -- Looking for ignition-math6 -- found version 6.15.1
[1.563s] -- Looking for ignition-msgs5 -- found version 5.8.1
[1.566s] -- Gazebo version: 11.10
[1.566s] -- Checking for module 'tbb'
[1.578s] --   Found tbb, version 2021.5.0
[1.606s] -- Found urdf: 2.6.1 (/opt/ros/humble/share/urdf/cmake)
[1.636s] -- Found tf2_ros: 0.25.17 (/opt/ros/humble/share/tf2_ros/cmake)
[1.702s] -- Found ament_lint_auto: 0.12.14 (/opt/ros/humble/share/ament_lint_auto/cmake)
[1.786s] -- Added test 'flake8' to check Python code syntax and style conventions
[1.786s] -- Added test 'lint_cmake' to check CMake code style
[1.787s] -- Added test 'pep257' to check Python code against some of the docstring style conventions in PEP 257
[1.788s] -- Added test 'xmllint' to check XML markup files
[1.788s] -- Configuring done
[1.792s] -- Generating done
[1.794s] -- Build files have been written to: /home/vijay/3d_rover/build/k12_description
[1.804s] Invoked command in '/home/vijay/3d_rover/build/k12_description' returned '0': CMAKE_PREFIX_PATH=${CMAKE_PREFIX_PATH}:/opt/ros/humble /usr/bin/cmake /home/vijay/3d_rover/src/k12_description -DCMAKE_INSTALL_PREFIX=/home/vijay/3d_rover/install/k12_description
[1.805s] Invoking command in '/home/vijay/3d_rover/build/k12_description': CMAKE_PREFIX_PATH=${CMAKE_PREFIX_PATH}:/opt/ros/humble /usr/bin/cmake --build /home/vijay/3d_rover/build/k12_description -- -j12 -l12
[1.843s] Invoked command in '/home/vijay/3d_rover/build/k12_description' returned '0': CMAKE_PREFIX_PATH=${CMAKE_PREFIX_PATH}:/opt/ros/humble /usr/bin/cmake --build /home/vijay/3d_rover/build/k12_description -- -j12 -l12
[1.850s] Invoking command in '/home/vijay/3d_rover/build/k12_description': CMAKE_PREFIX_PATH=${CMAKE_PREFIX_PATH}:/opt/ros/humble /usr/bin/cmake --install /home/vijay/3d_rover/build/k12_description
[1.855s] -- Install configuration: ""
[1.855s] -- Installing: /home/vijay/3d_rover/install/k12_description/share/k12_description//launch
[1.855s] -- Installing: /home/vijay/3d_rover/install/k12_description/share/k12_description//launch/gazebo.launch.py
[1.855s] -- Installing: /home/vijay/3d_rover/install/k12_description/share/k12_description//launch/rover_lio_sam.launch.py
[1.856s] -- Installing: /home/vijay/3d_rover/install/k12_description/share/k12_description//launch/display.launch.py
[1.856s] -- Installing: /home/vijay/3d_rover/install/k12_description/share/k12_description//urdf
[1.856s] -- Installing: /home/vijay/3d_rover/install/k12_description/share/k12_description//urdf/k12.xacro
[1.856s] -- Installing: /home/vijay/3d_rover/install/k12_description/share/k12_description//urdf/k12.trans
[1.856s] -- Installing: /home/vijay/3d_rover/install/k12_description/share/k12_description//urdf/materials.xacro
[1.856s] -- Installing: /home/vijay/3d_rover/install/k12_description/share/k12_description//urdf/k12.gazebo
[1.856s] -- Installing: /home/vijay/3d_rover/install/k12_description/share/k12_description//meshes
[1.856s] -- Installing: /home/vijay/3d_rover/install/k12_description/share/k12_description//meshes/gps_1.stl
[1.856s] -- Installing: /home/vijay/3d_rover/install/k12_description/share/k12_description//meshes/left_front_1.stl
[1.856s] -- Installing: /home/vijay/3d_rover/install/k12_description/share/k12_description//meshes/base_link.stl
[1.856s] -- Installing: /home/vijay/3d_rover/install/k12_description/share/k12_description//meshes/imu_1.stl
[1.856s] -- Installing: /home/vijay/3d_rover/install/k12_description/share/k12_description//meshes/left_back_1.stl
[1.856s] -- Installing: /home/vijay/3d_rover/install/k12_description/share/k12_description//meshes/cam_1.stl
[1.856s] -- Installing: /home/vijay/3d_rover/install/k12_description/share/k12_description//meshes/right_front_1.stl
[1.856s] -- Installing: /home/vijay/3d_rover/install/k12_description/share/k12_description//meshes/lidar_1.stl
[1.856s] -- Installing: /home/vijay/3d_rover/install/k12_description/share/k12_description//meshes/right_back_1.stl
[1.856s] -- Installing: /home/vijay/3d_rover/install/k12_description/share/ament_index/resource_index/package_run_dependencies/k12_description
[1.856s] -- Installing: /home/vijay/3d_rover/install/k12_description/share/ament_index/resource_index/parent_prefix_path/k12_description
[1.856s] -- Installing: /home/vijay/3d_rover/install/k12_description/share/k12_description/environment/ament_prefix_path.sh
[1.857s] -- Installing: /home/vijay/3d_rover/install/k12_description/share/k12_description/environment/ament_prefix_path.dsv
[1.857s] -- Installing: /home/vijay/3d_rover/install/k12_description/share/k12_description/environment/path.sh
[1.857s] -- Installing: /home/vijay/3d_rover/install/k12_description/share/k12_description/environment/path.dsv
[1.857s] -- Installing: /home/vijay/3d_rover/install/k12_description/share/k12_description/local_setup.bash
[1.857s] -- Installing: /home/vijay/3d_rover/install/k12_description/share/k12_description/local_setup.sh
[1.857s] -- Installing: /home/vijay/3d_rover/install/k12_description/share/k12_description/local_setup.zsh
[1.857s] -- Installing: /home/vijay/3d_rover/install/k12_description/share/k12_description/local_setup.dsv
[1.857s] -- Installing: /home/vijay/3d_rover/install/k12_description/share/k12_description/package.dsv
[1.857s] -- Installing: /home/vijay/3d_rover/install/k12_description/share/ament_index/resource_index/packages/k12_description
[1.857s] -- Installing: /home/vijay/3d_rover/install/k12_description/share/k12_description/cmake/k12_descriptionConfig.cmake
[1.857s] -- Installing: /home/vijay/3d_rover/install/k12_description/share/k12_description/cmake/k12_descriptionConfig-version.cmake
[1.857s] -- Installing: /home/vijay/3d_rover/install/k12_description/share/k12_description/package.xml
[1.858s] Invoked command in '/home/vijay/3d_rover/build/k12_description' returned '0': CMAKE_PREFIX_PATH=${CMAKE_PREFIX_PATH}:/opt/ros/humble /usr/bin/cmake --install /home/vijay/3d_rover/build/k12_description
