[0.010s] Invoking command in '/home/vijay/3d_rover/build/lio_sam': CMAKE_PREFIX_PATH=${CMAKE_PREFIX_PATH}:/opt/ros/humble /usr/bin/cmake --build /home/vijay/3d_rover/build/lio_sam -- -j12 -l12
[0.048s] -- Found ament_cmake: 1.3.12 (/opt/ros/humble/share/ament_cmake/cmake)
[0.141s] -- Override CMake install command with custom implementation using symlinks instead of copying resources
[0.148s] -- Found rosidl_default_generators: 1.2.0 (/opt/ros/humble/share/rosidl_default_generators/cmake)
[0.150s] -- Using all available rosidl_typesupport_c: rosidl_typesupport_fastrtps_c;rosidl_typesupport_introspection_c
[0.153s] -- Found rosidl_adapter: 3.1.8 (/opt/ros/humble/share/rosidl_adapter/cmake)
[0.180s] -- Using all available rosidl_typesupport_cpp: rosidl_typesupport_fastrtps_cpp;rosidl_typesupport_introspection_cpp
[0.197s] -- Found rclcpp: 16.0.17 (/opt/ros/humble/share/rclcpp/cmake)
[0.227s] -- Found rmw_implementation_cmake: 6.1.2 (/opt/ros/humble/share/rmw_implementation_cmake/cmake)
[0.229s] -- Found rmw_fastrtps_cpp: 6.2.9 (/opt/ros/humble/share/rmw_fastrtps_cpp/cmake)
[0.326s] -- Using RMW implementation 'rmw_fastrtps_cpp' as default
[0.367s] -- Found rclpy: 3.3.19 (/opt/ros/humble/share/rclpy/cmake)
[0.367s] -- Found cv_bridge: 3.2.1 (/opt/ros/humble/share/cv_bridge/cmake)
[0.394s] -- Found nav_msgs: 4.9.0 (/opt/ros/humble/share/nav_msgs/cmake)
[0.410s] -- Found visualization_msgs: 4.9.0 (/opt/ros/humble/share/visualization_msgs/cmake)
[0.429s] -- Found pcl_conversions: 2.4.5 (/opt/ros/humble/share/pcl_conversions/cmake)
[0.458s] -- Found Eigen: /usr/include/eigen3 (Required is at least version "3.1") 
[0.458s] -- Eigen found (include: /usr/include/eigen3, version: 3.4.0)
[0.481s] -- FLANN found (include: /usr/include, lib: /usr/lib/x86_64-linux-gnu/libflann_cpp.so)
[0.809s] -- OpenNI found (version: 1.5.4.0, include: /usr/include/ni, lib: /usr/lib/libOpenNI.so;libusb::libusb)
[0.815s] -- OpenNI2 found (version: 2.2.0.33, include: /usr/include/openni2, lib: /usr/lib/x86_64-linux-gnu/libOpenNI2.so;libusb::libusb)
[0.933s] -- Eigen found (include: /usr/include/eigen3, version: 3.4.0)
[0.938s] -- OpenNI found (version: 1.5.4.0, include: /usr/include/ni, lib: /usr/lib/libOpenNI.so;libusb::libusb)
[0.944s] -- OpenNI2 found (version: 2.2.0.33, include: /usr/include/openni2, lib: /usr/lib/x86_64-linux-gnu/libOpenNI2.so;libusb::libusb)
[1.043s] -- Found Qhull version 8.0.2
[1.153s] -- OpenNI found (version: 1.5.4.0, include: /usr/include/ni, lib: /usr/lib/libOpenNI.so;libusb::libusb)
[1.261s] -- Found tf2: 0.25.18 (/opt/ros/humble/share/tf2/cmake)
[1.264s] -- Found tf2_geometry_msgs: 0.25.18 (/opt/ros/humble/share/tf2_geometry_msgs/cmake)
[1.268s] -- Found eigen3_cmake_module: 0.1.1 (/opt/ros/humble/share/eigen3_cmake_module/cmake)
[1.269s] -- Ensuring Eigen3 include directory is part of orocos-kdl CMake target
[1.320s] -- Found tf2_sensor_msgs: 0.25.18 (/opt/ros/humble/share/tf2_sensor_msgs/cmake)
[1.323s] -- Found tf2_eigen: 0.25.18 (/opt/ros/humble/share/tf2_eigen/cmake)
[1.328s] [33mCMake Warning (dev) at CMakeLists.txt:29 (find_package):
[1.328s]   Policy CMP0074 is not set: find_package uses <PackageName>_ROOT variables.
[1.328s]   Run "cmake --help-policy CMP0074" for policy details.  Use the cmake_policy
[1.328s]   command to set the policy and suppress this warning.
[1.328s] 
[1.328s]   CMake variable PCL_ROOT is set to:
[1.328s] 
[1.328s]     /usr
[1.329s] 
[1.329s]   For compatibility, CMake is ignoring the variable.
[1.329s] This warning is for project developers.  Use -Wno-dev to suppress it.
[1.329s] [0m
[1.346s] -- GTSAM include directory:  /opt/ros/humble/lib/cmake/GTSAM/../../../include
[1.351s] -- Found Eigen: /usr/include/eigen3  
[1.351s] -- Eigen found (include: /usr/include/eigen3, version: 3.4.0)
[1.565s] -- Found ament_cmake_ros: 0.10.0 (/opt/ros/humble/share/ament_cmake_ros/cmake)
[1.778s] -- Using all available rosidl_typesupport_c: rosidl_typesupport_fastrtps_c;rosidl_typesupport_introspection_c
[2.048s] -- Using all available rosidl_typesupport_cpp: rosidl_typesupport_fastrtps_cpp;rosidl_typesupport_introspection_cpp
[2.068s] -- Found python_cmake_module: 0.10.0 (/opt/ros/humble/share/python_cmake_module/cmake)
[2.085s] -- Using PYTHON_EXECUTABLE: /usr/bin/python3
[2.085s] -- Using PYTHON_INCLUDE_DIRS: /usr/include/python3.10
[2.085s] -- Using PYTHON_LIBRARIES: /usr/lib/x86_64-linux-gnu/libpython3.10.so
[2.177s] -- Found ament_lint_auto: 0.12.14 (/opt/ros/humble/share/ament_lint_auto/cmake)
[2.187s] -- Added test 'copyright' to check source files copyright and LICENSE
[2.190s] -- Added test 'cppcheck' to perform static code analysis on C / C++ code
[2.191s] -- Configured cppcheck include dirs: /home/vijay/3d_rover/src/LIO-SAM/include/lio_sam
[2.191s] -- Configured cppcheck exclude dirs and/or files: 
[2.194s] -- Added test 'cpplint' to check C / C++ code against the Google style
[2.194s] -- Configured cpplint exclude dirs and/or files: 
[2.195s] -- Added test 'flake8' to check Python code syntax and style conventions
[2.195s] -- Added test 'lint_cmake' to check CMake code style
[2.196s] -- Added test 'pep257' to check Python code against some of the docstring style conventions in PEP 257
[2.199s] -- Added test 'uncrustify' to check C / C++ code style
[2.199s] -- Configured uncrustify additional arguments: 
[2.199s] -- Added test 'xmllint' to check XML markup files
[2.201s] -- Configuring done
[2.316s] -- Generating done
[2.351s] -- Build files have been written to: /home/vijay/3d_rover/build/lio_sam
[2.391s] [35m[1mConsolidate compiler generated dependencies of target lio_sam__rosidl_generator_c[0m
[2.402s] [  2%] [32m[1mLinking C shared library liblio_sam__rosidl_generator_c.so[0m
[2.402s] [  4%] Built target lio_sam__cpp
[2.412s] [  4%] Built target ament_cmake_python_symlink_lio_sam
[2.416s] [35m[1mConsolidate compiler generated dependencies of target lio_sam__rosidl_typesupport_cpp[0m
[2.417s] [35m[1mConsolidate compiler generated dependencies of target lio_sam__rosidl_typesupport_fastrtps_cpp[0m
[2.417s] [35m[1mConsolidate compiler generated dependencies of target lio_sam__rosidl_typesupport_introspection_cpp[0m
[2.430s] [  6%] [32mBuilding CXX object CMakeFiles/lio_sam__rosidl_typesupport_fastrtps_cpp.dir/rosidl_typesupport_fastrtps_cpp/lio_sam/msg/detail/dds_fastrtps/cloud_info__type_support.cpp.o[0m
[2.431s] [  8%] [32m[1mLinking CXX shared library liblio_sam__rosidl_typesupport_cpp.so[0m
[2.431s] [ 10%] [32mBuilding CXX object CMakeFiles/lio_sam__rosidl_typesupport_fastrtps_cpp.dir/rosidl_typesupport_fastrtps_cpp/lio_sam/srv/detail/dds_fastrtps/save_map__type_support.cpp.o[0m
[2.434s] [ 12%] [32m[1mLinking CXX shared library liblio_sam__rosidl_typesupport_introspection_cpp.so[0m
[2.451s] [ 19%] Built target lio_sam__rosidl_generator_c
[2.462s] [35m[1mConsolidate compiler generated dependencies of target lio_sam__rosidl_typesupport_c[0m
[2.462s] [35m[1mConsolidate compiler generated dependencies of target lio_sam__rosidl_typesupport_introspection_c[0m
[2.464s] [35m[1mConsolidate compiler generated dependencies of target lio_sam__rosidl_typesupport_fastrtps_c[0m
[2.474s] [ 21%] [32m[1mLinking CXX shared library liblio_sam__rosidl_typesupport_c.so[0m
[2.476s] [ 23%] [32m[1mLinking C shared library liblio_sam__rosidl_typesupport_introspection_c.so[0m
[2.480s] [ 27%] [32mBuilding CXX object CMakeFiles/lio_sam__rosidl_typesupport_fastrtps_c.dir/rosidl_typesupport_fastrtps_c/lio_sam/msg/detail/cloud_info__type_support_c.cpp.o[0m
[2.481s] [ 27%] [32mBuilding CXX object CMakeFiles/lio_sam__rosidl_typesupport_fastrtps_c.dir/rosidl_typesupport_fastrtps_c/lio_sam/srv/detail/save_map__type_support_c.cpp.o[0m
[2.481s] [ 34%] Built target lio_sam__rosidl_typesupport_cpp
[2.496s] [35m[1mConsolidate compiler generated dependencies of target lio_sam_featureExtraction[0m
[2.499s] [35m[1mConsolidate compiler generated dependencies of target lio_sam_imuPreintegration[0m
[2.501s] [35m[1mConsolidate compiler generated dependencies of target lio_sam_mapOptimization[0m
[2.505s] [35m[1mConsolidate compiler generated dependencies of target lio_sam_imageProjection[0m
[2.522s] [ 40%] Built target lio_sam__rosidl_typesupport_introspection_c
[2.535s] [ 48%] Built target lio_sam__rosidl_typesupport_introspection_cpp
[2.535s] [ 53%] Built target lio_sam__rosidl_typesupport_c
[2.554s] [ 55%] [32mBuilding CXX object CMakeFiles/lio_sam_featureExtraction.dir/src/featureExtraction.cpp.o[0m
[2.566s] [ 59%] [32mBuilding CXX object CMakeFiles/lio_sam_imageProjection.dir/src/imageProjection.cpp.o[0m
[2.566s] [ 59%] [32mBuilding CXX object CMakeFiles/lio_sam_mapOptimization.dir/src/mapOptmization.cpp.o[0m
[2.579s] [ 61%] [32mBuilding CXX object CMakeFiles/lio_sam_imuPreintegration.dir/src/imuPreintegration.cpp.o[0m
[2.758s] running egg_info
[2.758s] writing lio_sam.egg-info/PKG-INFO
[2.759s] writing dependency_links to lio_sam.egg-info/dependency_links.txt
[2.759s] writing top-level names to lio_sam.egg-info/top_level.txt
[2.765s] reading manifest file 'lio_sam.egg-info/SOURCES.txt'
[2.769s] writing manifest file 'lio_sam.egg-info/SOURCES.txt'
[2.803s] [ 61%] Built target ament_cmake_python_build_lio_sam_egg
[2.978s] [ 63%] [32m[1mLinking CXX shared library liblio_sam__rosidl_typesupport_fastrtps_c.so[0m
[3.066s] [ 65%] Built target lio_sam__rosidl_typesupport_fastrtps_c
[3.156s] [ 68%] [32m[1mLinking CXX shared library liblio_sam__rosidl_typesupport_fastrtps_cpp.so[0m
[3.250s] [ 70%] Built target lio_sam__rosidl_typesupport_fastrtps_cpp
[3.270s] [ 70%] Built target lio_sam
[3.293s] [ 72%] Built target lio_sam__py
[3.303s] [35m[1mConsolidate compiler generated dependencies of target lio_sam__rosidl_generator_py[0m
[3.318s] [ 74%] [32m[1mLinking C shared library rosidl_generator_py/lio_sam/liblio_sam__rosidl_generator_py.so[0m
[3.367s] [ 78%] Built target lio_sam__rosidl_generator_py
[3.379s] [35m[1mConsolidate compiler generated dependencies of target lio_sam__rosidl_typesupport_fastrtps_c__pyext[0m
[3.380s] [35m[1mConsolidate compiler generated dependencies of target lio_sam__rosidl_typesupport_introspection_c__pyext[0m
[3.380s] [35m[1mConsolidate compiler generated dependencies of target lio_sam__rosidl_typesupport_c__pyext[0m
[3.389s] [ 80%] [32mBuilding C object CMakeFiles/lio_sam__rosidl_typesupport_c__pyext.dir/rosidl_generator_py/lio_sam/_lio_sam_s.ep.rosidl_typesupport_c.c.o[0m
[3.390s] [ 82%] [32mBuilding C object CMakeFiles/lio_sam__rosidl_typesupport_fastrtps_c__pyext.dir/rosidl_generator_py/lio_sam/_lio_sam_s.ep.rosidl_typesupport_fastrtps_c.c.o[0m
[3.392s] [ 85%] [32mBuilding C object CMakeFiles/lio_sam__rosidl_typesupport_introspection_c__pyext.dir/rosidl_generator_py/lio_sam/_lio_sam_s.ep.rosidl_typesupport_introspection_c.c.o[0m
[3.527s] [ 87%] [32m[1mLinking C shared library rosidl_generator_py/lio_sam/lio_sam_s__rosidl_typesupport_c.cpython-310-x86_64-linux-gnu.so[0m
[3.528s] [ 89%] [32m[1mLinking C shared library rosidl_generator_py/lio_sam/lio_sam_s__rosidl_typesupport_fastrtps_c.cpython-310-x86_64-linux-gnu.so[0m
[3.528s] [ 91%] [32m[1mLinking C shared library rosidl_generator_py/lio_sam/lio_sam_s__rosidl_typesupport_introspection_c.cpython-310-x86_64-linux-gnu.so[0m
[3.576s] [ 91%] Built target lio_sam__rosidl_typesupport_c__pyext
[3.576s] [ 91%] Built target lio_sam__rosidl_typesupport_fastrtps_c__pyext
[3.579s] [ 91%] Built target lio_sam__rosidl_typesupport_introspection_c__pyext
[23.594s] [ 93%] [32m[1mLinking CXX executable lio_sam_featureExtraction[0m
[24.288s] [ 93%] Built target lio_sam_featureExtraction
[28.075s] [ 95%] [32m[1mLinking CXX executable lio_sam_imageProjection[0m
[28.488s] [ 95%] Built target lio_sam_imageProjection
[34.171s] [ 97%] [32m[1mLinking CXX executable lio_sam_imuPreintegration[0m
[34.652s] [ 97%] Built target lio_sam_imuPreintegration
[51.490s] [100%] [32m[1mLinking CXX executable lio_sam_mapOptimization[0m
[51.885s] /usr/bin/ld: warning: libtbb.so.2, needed by /usr/lib/x86_64-linux-gnu/libopencv_core.so.4.5.4d, may conflict with libtbb.so.12
[52.059s] [100%] Built target lio_sam_mapOptimization
[52.071s] Invoked command in '/home/vijay/3d_rover/build/lio_sam' returned '0': CMAKE_PREFIX_PATH=${CMAKE_PREFIX_PATH}:/opt/ros/humble /usr/bin/cmake --build /home/vijay/3d_rover/build/lio_sam -- -j12 -l12
[52.073s] Invoking command in '/home/vijay/3d_rover/build/lio_sam': CMAKE_PREFIX_PATH=${CMAKE_PREFIX_PATH}:/opt/ros/humble /usr/bin/cmake --install /home/vijay/3d_rover/build/lio_sam
[52.080s] -- Install configuration: "Release"
[52.081s] -- Execute custom install script
[52.082s] -- Up-to-date symlink: /home/vijay/3d_rover/install/lio_sam/share/ament_index/resource_index/rosidl_interfaces/lio_sam
[52.083s] -- Up-to-date symlink: /home/vijay/3d_rover/install/lio_sam/include/lio_sam/lio_sam/msg/cloud_info.h
[52.084s] -- Up-to-date symlink: /home/vijay/3d_rover/install/lio_sam/include/lio_sam/lio_sam/msg/detail/cloud_info__functions.h
[52.084s] -- Up-to-date symlink: /home/vijay/3d_rover/install/lio_sam/include/lio_sam/lio_sam/msg/detail/cloud_info__struct.h
[52.084s] -- Up-to-date symlink: /home/vijay/3d_rover/install/lio_sam/include/lio_sam/lio_sam/msg/detail/cloud_info__type_support.h
[52.084s] -- Up-to-date symlink: /home/vijay/3d_rover/install/lio_sam/include/lio_sam/lio_sam/msg/rosidl_generator_c__visibility_control.h
[52.084s] -- Up-to-date symlink: /home/vijay/3d_rover/install/lio_sam/include/lio_sam/lio_sam/srv/detail/save_map__functions.h
[52.084s] -- Up-to-date symlink: /home/vijay/3d_rover/install/lio_sam/include/lio_sam/lio_sam/srv/detail/save_map__struct.h
[52.084s] -- Up-to-date symlink: /home/vijay/3d_rover/install/lio_sam/include/lio_sam/lio_sam/srv/detail/save_map__type_support.h
[52.084s] -- Up-to-date symlink: /home/vijay/3d_rover/install/lio_sam/include/lio_sam/lio_sam/srv/save_map.h
[52.085s] -- Up-to-date symlink: /home/vijay/3d_rover/install/lio_sam/share/lio_sam/environment/library_path.sh
[52.085s] -- Up-to-date symlink: /home/vijay/3d_rover/install/lio_sam/share/lio_sam/environment/library_path.dsv
[52.086s] -- Up-to-date symlink: /home/vijay/3d_rover/install/lio_sam/include/lio_sam/lio_sam/msg/detail/cloud_info__rosidl_typesupport_fastrtps_c.h
[52.086s] -- Up-to-date symlink: /home/vijay/3d_rover/install/lio_sam/include/lio_sam/lio_sam/msg/rosidl_typesupport_fastrtps_c__visibility_control.h
[52.086s] -- Up-to-date symlink: /home/vijay/3d_rover/install/lio_sam/include/lio_sam/lio_sam/srv/detail/save_map__rosidl_typesupport_fastrtps_c.h
[52.087s] -- Up-to-date symlink: /home/vijay/3d_rover/install/lio_sam/include/lio_sam/lio_sam/msg/detail/cloud_info__rosidl_typesupport_introspection_c.h
[52.087s] -- Up-to-date symlink: /home/vijay/3d_rover/install/lio_sam/include/lio_sam/lio_sam/msg/rosidl_typesupport_introspection_c__visibility_control.h
[52.087s] -- Up-to-date symlink: /home/vijay/3d_rover/install/lio_sam/include/lio_sam/lio_sam/srv/detail/save_map__rosidl_typesupport_introspection_c.h
[52.087s] -- Up-to-date symlink: /home/vijay/3d_rover/install/lio_sam/include/lio_sam/lio_sam/msg/cloud_info.hpp
[52.087s] -- Up-to-date symlink: /home/vijay/3d_rover/install/lio_sam/include/lio_sam/lio_sam/msg/detail/cloud_info__builder.hpp
[52.087s] -- Up-to-date symlink: /home/vijay/3d_rover/install/lio_sam/include/lio_sam/lio_sam/msg/detail/cloud_info__struct.hpp
[52.087s] -- Up-to-date symlink: /home/vijay/3d_rover/install/lio_sam/include/lio_sam/lio_sam/msg/detail/cloud_info__traits.hpp
[52.088s] -- Up-to-date symlink: /home/vijay/3d_rover/install/lio_sam/include/lio_sam/lio_sam/msg/detail/cloud_info__type_support.hpp
[52.088s] -- Up-to-date symlink: /home/vijay/3d_rover/install/lio_sam/include/lio_sam/lio_sam/msg/rosidl_generator_cpp__visibility_control.hpp
[52.088s] -- Up-to-date symlink: /home/vijay/3d_rover/install/lio_sam/include/lio_sam/lio_sam/srv/detail/save_map__builder.hpp
[52.088s] -- Up-to-date symlink: /home/vijay/3d_rover/install/lio_sam/include/lio_sam/lio_sam/srv/detail/save_map__struct.hpp
[52.088s] -- Up-to-date symlink: /home/vijay/3d_rover/install/lio_sam/include/lio_sam/lio_sam/srv/detail/save_map__traits.hpp
[52.088s] -- Up-to-date symlink: /home/vijay/3d_rover/install/lio_sam/include/lio_sam/lio_sam/srv/detail/save_map__type_support.hpp
[52.088s] -- Up-to-date symlink: /home/vijay/3d_rover/install/lio_sam/include/lio_sam/lio_sam/srv/save_map.hpp
[52.089s] -- Up-to-date symlink: /home/vijay/3d_rover/install/lio_sam/include/lio_sam/lio_sam/msg/detail/cloud_info__rosidl_typesupport_fastrtps_cpp.hpp
[52.089s] -- Up-to-date symlink: /home/vijay/3d_rover/install/lio_sam/include/lio_sam/lio_sam/msg/rosidl_typesupport_fastrtps_cpp__visibility_control.h
[52.089s] -- Up-to-date symlink: /home/vijay/3d_rover/install/lio_sam/include/lio_sam/lio_sam/srv/detail/save_map__rosidl_typesupport_fastrtps_cpp.hpp
[52.090s] -- Up-to-date symlink: /home/vijay/3d_rover/install/lio_sam/include/lio_sam/lio_sam/msg/detail/cloud_info__rosidl_typesupport_introspection_cpp.hpp
[52.090s] -- Up-to-date symlink: /home/vijay/3d_rover/install/lio_sam/include/lio_sam/lio_sam/srv/detail/save_map__rosidl_typesupport_introspection_cpp.hpp
[52.090s] -- Up-to-date symlink: /home/vijay/3d_rover/install/lio_sam/share/lio_sam/environment/pythonpath.sh
[52.090s] -- Up-to-date symlink: /home/vijay/3d_rover/install/lio_sam/share/lio_sam/environment/pythonpath.dsv
[52.090s] -- Up-to-date symlink: /home/vijay/3d_rover/install/lio_sam/local/lib/python3.10/dist-packages/lio_sam-1.0.0-py3.10.egg-info/PKG-INFO
[52.091s] -- Up-to-date symlink: /home/vijay/3d_rover/install/lio_sam/local/lib/python3.10/dist-packages/lio_sam-1.0.0-py3.10.egg-info/SOURCES.txt
[52.091s] -- Up-to-date symlink: /home/vijay/3d_rover/install/lio_sam/local/lib/python3.10/dist-packages/lio_sam-1.0.0-py3.10.egg-info/dependency_links.txt
[52.091s] -- Up-to-date symlink: /home/vijay/3d_rover/install/lio_sam/local/lib/python3.10/dist-packages/lio_sam-1.0.0-py3.10.egg-info/top_level.txt
[52.092s] -- Up-to-date symlink: /home/vijay/3d_rover/install/lio_sam/local/lib/python3.10/dist-packages/lio_sam/__init__.py
[52.092s] -- Up-to-date symlink: /home/vijay/3d_rover/install/lio_sam/local/lib/python3.10/dist-packages/lio_sam/_lio_sam_s.ep.rosidl_typesupport_c.c
[52.092s] -- Up-to-date symlink: /home/vijay/3d_rover/install/lio_sam/local/lib/python3.10/dist-packages/lio_sam/_lio_sam_s.ep.rosidl_typesupport_fastrtps_c.c
[52.092s] -- Up-to-date symlink: /home/vijay/3d_rover/install/lio_sam/local/lib/python3.10/dist-packages/lio_sam/_lio_sam_s.ep.rosidl_typesupport_introspection_c.c
[52.092s] -- Up-to-date symlink: /home/vijay/3d_rover/install/lio_sam/local/lib/python3.10/dist-packages/lio_sam/liblio_sam__rosidl_generator_py.so
[52.092s] -- Up-to-date symlink: /home/vijay/3d_rover/install/lio_sam/local/lib/python3.10/dist-packages/lio_sam/lio_sam_s__rosidl_typesupport_c.cpython-310-x86_64-linux-gnu.so
[52.092s] -- Up-to-date symlink: /home/vijay/3d_rover/install/lio_sam/local/lib/python3.10/dist-packages/lio_sam/lio_sam_s__rosidl_typesupport_fastrtps_c.cpython-310-x86_64-linux-gnu.so
[52.092s] -- Up-to-date symlink: /home/vijay/3d_rover/install/lio_sam/local/lib/python3.10/dist-packages/lio_sam/lio_sam_s__rosidl_typesupport_introspection_c.cpython-310-x86_64-linux-gnu.so
[52.092s] -- Up-to-date symlink: /home/vijay/3d_rover/install/lio_sam/local/lib/python3.10/dist-packages/lio_sam/msg/__init__.py
[52.092s] -- Up-to-date symlink: /home/vijay/3d_rover/install/lio_sam/local/lib/python3.10/dist-packages/lio_sam/msg/_cloud_info.py
[52.092s] -- Up-to-date symlink: /home/vijay/3d_rover/install/lio_sam/local/lib/python3.10/dist-packages/lio_sam/msg/_cloud_info_s.c
[52.092s] -- Up-to-date symlink: /home/vijay/3d_rover/install/lio_sam/local/lib/python3.10/dist-packages/lio_sam/srv/__init__.py
[52.092s] -- Up-to-date symlink: /home/vijay/3d_rover/install/lio_sam/local/lib/python3.10/dist-packages/lio_sam/srv/_save_map.py
[52.092s] -- Up-to-date symlink: /home/vijay/3d_rover/install/lio_sam/local/lib/python3.10/dist-packages/lio_sam/srv/_save_map_s.c
[52.093s] -- Up-to-date symlink: /home/vijay/3d_rover/install/lio_sam/local/lib/python3.10/dist-packages/lio_sam/lio_sam_s__rosidl_typesupport_fastrtps_c.cpython-310-x86_64-linux-gnu.so
[52.093s] -- Up-to-date symlink: /home/vijay/3d_rover/install/lio_sam/local/lib/python3.10/dist-packages/lio_sam/lio_sam_s__rosidl_typesupport_introspection_c.cpython-310-x86_64-linux-gnu.so
[52.093s] -- Up-to-date symlink: /home/vijay/3d_rover/install/lio_sam/local/lib/python3.10/dist-packages/lio_sam/lio_sam_s__rosidl_typesupport_c.cpython-310-x86_64-linux-gnu.so
[52.093s] -- Up-to-date symlink: /home/vijay/3d_rover/install/lio_sam/share/lio_sam/msg/CloudInfo.idl
[52.094s] -- Up-to-date symlink: /home/vijay/3d_rover/install/lio_sam/share/lio_sam/srv/SaveMap.idl
[52.094s] -- Up-to-date symlink: /home/vijay/3d_rover/install/lio_sam/share/lio_sam/msg/CloudInfo.msg
[52.094s] -- Up-to-date symlink: /home/vijay/3d_rover/install/lio_sam/share/lio_sam/srv/SaveMap.srv
[52.094s] -- Up-to-date symlink: /home/vijay/3d_rover/install/lio_sam/share/lio_sam/srv/SaveMap_Request.msg
[52.094s] -- Up-to-date symlink: /home/vijay/3d_rover/install/lio_sam/share/lio_sam/srv/SaveMap_Response.msg
[52.095s] -- Up-to-date symlink: /home/vijay/3d_rover/install/lio_sam/share/lio_sam//launch/run.launch.py
[52.095s] -- Up-to-date symlink: /home/vijay/3d_rover/install/lio_sam/share/lio_sam//config/doc/demo.gif
[52.095s] -- Up-to-date symlink: /home/vijay/3d_rover/install/lio_sam/share/lio_sam//config/doc/device-boat.png
[52.095s] -- Up-to-date symlink: /home/vijay/3d_rover/install/lio_sam/share/lio_sam//config/doc/device-hand-2.png
[52.095s] -- Up-to-date symlink: /home/vijay/3d_rover/install/lio_sam/share/lio_sam//config/doc/device-hand.png
[52.095s] -- Up-to-date symlink: /home/vijay/3d_rover/install/lio_sam/share/lio_sam//config/doc/device-jackal.png
[52.095s] -- Up-to-date symlink: /home/vijay/3d_rover/install/lio_sam/share/lio_sam//config/doc/gps-demo.gif
[52.095s] -- Up-to-date symlink: /home/vijay/3d_rover/install/lio_sam/share/lio_sam//config/doc/imu-debug.gif
[52.095s] -- Up-to-date symlink: /home/vijay/3d_rover/install/lio_sam/share/lio_sam//config/doc/imu-transform.png
[52.096s] -- Up-to-date symlink: /home/vijay/3d_rover/install/lio_sam/share/lio_sam//config/doc/kitti-demo.gif
[52.096s] -- Up-to-date symlink: /home/vijay/3d_rover/install/lio_sam/share/lio_sam//config/doc/kitti-map.png
[52.096s] -- Up-to-date symlink: /home/vijay/3d_rover/install/lio_sam/share/lio_sam//config/doc/kitti2bag/README.md
[52.096s] -- Up-to-date symlink: /home/vijay/3d_rover/install/lio_sam/share/lio_sam//config/doc/kitti2bag/kitti2bag.py
[52.096s] -- Up-to-date symlink: /home/vijay/3d_rover/install/lio_sam/share/lio_sam//config/doc/loop-closure-2.gif
[52.096s] -- Up-to-date symlink: /home/vijay/3d_rover/install/lio_sam/share/lio_sam//config/doc/loop-closure.gif
[52.096s] -- Up-to-date symlink: /home/vijay/3d_rover/install/lio_sam/share/lio_sam//config/doc/ouster-demo.gif
[52.096s] -- Up-to-date symlink: /home/vijay/3d_rover/install/lio_sam/share/lio_sam//config/doc/ouster-device.jpg
[52.096s] -- Up-to-date symlink: /home/vijay/3d_rover/install/lio_sam/share/lio_sam//config/doc/paper.pdf
[52.096s] -- Up-to-date symlink: /home/vijay/3d_rover/install/lio_sam/share/lio_sam//config/doc/system.png
[52.096s] -- Up-to-date symlink: /home/vijay/3d_rover/install/lio_sam/share/lio_sam//config/k12.xacro
[52.096s] -- Up-to-date symlink: /home/vijay/3d_rover/install/lio_sam/share/lio_sam//config/params.yaml
[52.096s] -- Up-to-date symlink: /home/vijay/3d_rover/install/lio_sam/share/lio_sam//config/rviz2.rviz
[52.097s] -- Up-to-date symlink: /home/vijay/3d_rover/install/lio_sam/lib/lio_sam/lio_sam_imageProjection
[52.097s] -- Up-to-date symlink: /home/vijay/3d_rover/install/lio_sam/lib/lio_sam/lio_sam_imuPreintegration
[52.097s] -- Up-to-date symlink: /home/vijay/3d_rover/install/lio_sam/lib/lio_sam/lio_sam_featureExtraction
[52.097s] -- Up-to-date symlink: /home/vijay/3d_rover/install/lio_sam/lib/lio_sam/lio_sam_mapOptimization
[52.098s] -- Up-to-date symlink: /home/vijay/3d_rover/install/lio_sam/include/lio_sam/utility.hpp
[52.098s] -- Up-to-date symlink: /home/vijay/3d_rover/install/lio_sam/share/ament_index/resource_index/package_run_dependencies/lio_sam
[52.098s] -- Up-to-date symlink: /home/vijay/3d_rover/install/lio_sam/share/ament_index/resource_index/parent_prefix_path/lio_sam
[52.099s] -- Up-to-date symlink: /home/vijay/3d_rover/install/lio_sam/share/lio_sam/environment/ament_prefix_path.sh
[52.099s] -- Up-to-date symlink: /home/vijay/3d_rover/install/lio_sam/share/lio_sam/environment/ament_prefix_path.dsv
[52.099s] -- Up-to-date symlink: /home/vijay/3d_rover/install/lio_sam/share/lio_sam/environment/path.sh
[52.099s] -- Up-to-date symlink: /home/vijay/3d_rover/install/lio_sam/share/lio_sam/environment/path.dsv
[52.099s] -- Up-to-date symlink: /home/vijay/3d_rover/install/lio_sam/share/lio_sam/local_setup.bash
[52.099s] -- Up-to-date symlink: /home/vijay/3d_rover/install/lio_sam/share/lio_sam/local_setup.sh
[52.100s] -- Up-to-date symlink: /home/vijay/3d_rover/install/lio_sam/share/lio_sam/local_setup.zsh
[52.100s] -- Up-to-date symlink: /home/vijay/3d_rover/install/lio_sam/share/lio_sam/local_setup.dsv
[52.100s] -- Symlinking: /home/vijay/3d_rover/install/lio_sam/share/lio_sam/package.dsv
[52.110s] -- Up-to-date symlink: /home/vijay/3d_rover/install/lio_sam/share/ament_index/resource_index/packages/lio_sam
[52.111s] -- Up-to-date symlink: /home/vijay/3d_rover/install/lio_sam/share/lio_sam/cmake/rosidl_cmake-extras.cmake
[52.111s] -- Up-to-date symlink: /home/vijay/3d_rover/install/lio_sam/share/lio_sam/cmake/ament_cmake_export_dependencies-extras.cmake
[52.111s] -- Up-to-date symlink: /home/vijay/3d_rover/install/lio_sam/share/lio_sam/cmake/ament_cmake_export_include_directories-extras.cmake
[52.111s] -- Up-to-date symlink: /home/vijay/3d_rover/install/lio_sam/share/lio_sam/cmake/ament_cmake_export_libraries-extras.cmake
[52.111s] -- Up-to-date symlink: /home/vijay/3d_rover/install/lio_sam/share/lio_sam/cmake/ament_cmake_export_targets-extras.cmake
[52.112s] -- Up-to-date symlink: /home/vijay/3d_rover/install/lio_sam/share/lio_sam/cmake/rosidl_cmake_export_typesupport_targets-extras.cmake
[52.112s] -- Up-to-date symlink: /home/vijay/3d_rover/install/lio_sam/share/lio_sam/cmake/rosidl_cmake_export_typesupport_libraries-extras.cmake
[52.112s] -- Up-to-date symlink: /home/vijay/3d_rover/install/lio_sam/share/lio_sam/cmake/lio_samConfig.cmake
[52.112s] -- Up-to-date symlink: /home/vijay/3d_rover/install/lio_sam/share/lio_sam/cmake/lio_samConfig-version.cmake
[52.112s] -- Up-to-date symlink: /home/vijay/3d_rover/install/lio_sam/share/lio_sam/package.xml
[52.113s] -- Installing: /home/vijay/3d_rover/install/lio_sam/lib/liblio_sam__rosidl_generator_c.so
[52.114s] -- Set runtime path of "/home/vijay/3d_rover/install/lio_sam/lib/liblio_sam__rosidl_generator_c.so" to ""
[52.114s] -- Installing: /home/vijay/3d_rover/install/lio_sam/lib/liblio_sam__rosidl_typesupport_fastrtps_c.so
[52.115s] -- Set runtime path of "/home/vijay/3d_rover/install/lio_sam/lib/liblio_sam__rosidl_typesupport_fastrtps_c.so" to ""
[52.116s] -- Installing: /home/vijay/3d_rover/install/lio_sam/lib/liblio_sam__rosidl_typesupport_introspection_c.so
[52.116s] -- Set runtime path of "/home/vijay/3d_rover/install/lio_sam/lib/liblio_sam__rosidl_typesupport_introspection_c.so" to ""
[52.117s] -- Installing: /home/vijay/3d_rover/install/lio_sam/lib/liblio_sam__rosidl_typesupport_c.so
[52.117s] -- Set runtime path of "/home/vijay/3d_rover/install/lio_sam/lib/liblio_sam__rosidl_typesupport_c.so" to ""
[52.118s] -- Installing: /home/vijay/3d_rover/install/lio_sam/lib/liblio_sam__rosidl_typesupport_fastrtps_cpp.so
[52.118s] -- Set runtime path of "/home/vijay/3d_rover/install/lio_sam/lib/liblio_sam__rosidl_typesupport_fastrtps_cpp.so" to ""
[52.119s] -- Installing: /home/vijay/3d_rover/install/lio_sam/lib/liblio_sam__rosidl_typesupport_introspection_cpp.so
[52.120s] -- Set runtime path of "/home/vijay/3d_rover/install/lio_sam/lib/liblio_sam__rosidl_typesupport_introspection_cpp.so" to ""
[52.120s] -- Installing: /home/vijay/3d_rover/install/lio_sam/lib/liblio_sam__rosidl_typesupport_cpp.so
[52.120s] -- Set runtime path of "/home/vijay/3d_rover/install/lio_sam/lib/liblio_sam__rosidl_typesupport_cpp.so" to ""
[52.160s] Listing '/home/vijay/3d_rover/install/lio_sam/local/lib/python3.10/dist-packages/lio_sam'...
[52.160s] Compiling '/home/vijay/3d_rover/install/lio_sam/local/lib/python3.10/dist-packages/lio_sam/__init__.py'...
[52.160s] Listing '/home/vijay/3d_rover/install/lio_sam/local/lib/python3.10/dist-packages/lio_sam/msg'...
[52.160s] Listing '/home/vijay/3d_rover/install/lio_sam/local/lib/python3.10/dist-packages/lio_sam/srv'...
[52.163s] -- Installing: /home/vijay/3d_rover/install/lio_sam/lib/liblio_sam__rosidl_generator_py.so
[52.163s] -- Set runtime path of "/home/vijay/3d_rover/install/lio_sam/lib/liblio_sam__rosidl_generator_py.so" to ""
[52.164s] -- Up-to-date: /home/vijay/3d_rover/install/lio_sam/share/lio_sam/cmake/export_lio_sam__rosidl_generator_cExport.cmake
[52.164s] -- Up-to-date: /home/vijay/3d_rover/install/lio_sam/share/lio_sam/cmake/export_lio_sam__rosidl_generator_cExport-release.cmake
[52.164s] -- Up-to-date: /home/vijay/3d_rover/install/lio_sam/share/lio_sam/cmake/export_lio_sam__rosidl_typesupport_fastrtps_cExport.cmake
[52.164s] -- Up-to-date: /home/vijay/3d_rover/install/lio_sam/share/lio_sam/cmake/export_lio_sam__rosidl_typesupport_fastrtps_cExport-release.cmake
[52.164s] -- Up-to-date: /home/vijay/3d_rover/install/lio_sam/share/lio_sam/cmake/lio_sam__rosidl_typesupport_introspection_cExport.cmake
[52.164s] -- Up-to-date: /home/vijay/3d_rover/install/lio_sam/share/lio_sam/cmake/lio_sam__rosidl_typesupport_introspection_cExport-release.cmake
[52.164s] -- Up-to-date: /home/vijay/3d_rover/install/lio_sam/share/lio_sam/cmake/lio_sam__rosidl_typesupport_cExport.cmake
[52.164s] -- Up-to-date: /home/vijay/3d_rover/install/lio_sam/share/lio_sam/cmake/lio_sam__rosidl_typesupport_cExport-release.cmake
[52.164s] -- Up-to-date: /home/vijay/3d_rover/install/lio_sam/share/lio_sam/cmake/export_lio_sam__rosidl_generator_cppExport.cmake
[52.165s] -- Up-to-date: /home/vijay/3d_rover/install/lio_sam/share/lio_sam/cmake/export_lio_sam__rosidl_typesupport_fastrtps_cppExport.cmake
[52.165s] -- Up-to-date: /home/vijay/3d_rover/install/lio_sam/share/lio_sam/cmake/export_lio_sam__rosidl_typesupport_fastrtps_cppExport-release.cmake
[52.165s] -- Up-to-date: /home/vijay/3d_rover/install/lio_sam/share/lio_sam/cmake/lio_sam__rosidl_typesupport_introspection_cppExport.cmake
[52.165s] -- Up-to-date: /home/vijay/3d_rover/install/lio_sam/share/lio_sam/cmake/lio_sam__rosidl_typesupport_introspection_cppExport-release.cmake
[52.165s] -- Up-to-date: /home/vijay/3d_rover/install/lio_sam/share/lio_sam/cmake/lio_sam__rosidl_typesupport_cppExport.cmake
[52.165s] -- Up-to-date: /home/vijay/3d_rover/install/lio_sam/share/lio_sam/cmake/lio_sam__rosidl_typesupport_cppExport-release.cmake
[52.165s] -- Up-to-date: /home/vijay/3d_rover/install/lio_sam/share/lio_sam/cmake/export_lio_sam__rosidl_generator_pyExport.cmake
[52.165s] -- Up-to-date: /home/vijay/3d_rover/install/lio_sam/share/lio_sam/cmake/export_lio_sam__rosidl_generator_pyExport-release.cmake
[52.167s] Invoked command in '/home/vijay/3d_rover/build/lio_sam' returned '0': CMAKE_PREFIX_PATH=${CMAKE_PREFIX_PATH}:/opt/ros/humble /usr/bin/cmake --install /home/vijay/3d_rover/build/lio_sam
